[2024-05-20T06:35:00.340+0000] {local_task_job_runner.py:120} INFO - ::group::Pre task execution logs
[2024-05-20T06:35:00.374+0000] {taskinstance.py:2076} INFO - Dependencies all met for dep_context=non-requeueable deps ti=<TaskInstance: sample-dag2.task1 manual__2024-05-20T06:34:59.701437+00:00 [queued]>
[2024-05-20T06:35:00.382+0000] {taskinstance.py:2076} INFO - Dependencies all met for dep_context=requeueable deps ti=<TaskInstance: sample-dag2.task1 manual__2024-05-20T06:34:59.701437+00:00 [queued]>
[2024-05-20T06:35:00.382+0000] {taskinstance.py:2306} INFO - Starting attempt 1 of 6
[2024-05-20T06:35:00.398+0000] {taskinstance.py:2330} INFO - Executing <Task(BashOperator): task1> on 2024-05-20 06:34:59.701437+00:00
[2024-05-20T06:35:00.416+0000] {standard_task_runner.py:90} INFO - Running: ['***', 'tasks', 'run', 'sample-dag2', 'task1', 'manual__2024-05-20T06:34:59.701437+00:00', '--job-id', '4', '--raw', '--subdir', 'DAGS_FOLDER/sample-dag2.py', '--cfg-path', '/tmp/tmps5ar5yr3']
[2024-05-20T06:35:00.420+0000] {logging_mixin.py:188} WARNING - /home/***/.local/lib/python3.12/site-packages/***/task/task_runner/standard_task_runner.py:61 DeprecationWarning: This process (pid=711) is multi-threaded, use of fork() may lead to deadlocks in the child.
[2024-05-20T06:35:00.422+0000] {standard_task_runner.py:91} INFO - Job 4: Subtask task1
[2024-05-20T06:35:00.423+0000] {standard_task_runner.py:63} INFO - Started process 712 to run task
[2024-05-20T06:35:00.471+0000] {task_command.py:426} INFO - Running <TaskInstance: sample-dag2.task1 manual__2024-05-20T06:34:59.701437+00:00 [running]> on host 58a319c7179a
[2024-05-20T06:35:00.557+0000] {taskinstance.py:2648} INFO - Exporting env vars: AIRFLOW_CTX_DAG_OWNER='***' AIRFLOW_CTX_DAG_ID='sample-dag2' AIRFLOW_CTX_TASK_ID='task1' AIRFLOW_CTX_EXECUTION_DATE='2024-05-20T06:34:59.701437+00:00' AIRFLOW_CTX_TRY_NUMBER='1' AIRFLOW_CTX_DAG_RUN_ID='manual__2024-05-20T06:34:59.701437+00:00'
[2024-05-20T06:35:00.558+0000] {taskinstance.py:430} INFO - ::endgroup::
[2024-05-20T06:35:00.583+0000] {subprocess.py:63} INFO - Tmp dir root location: /tmp
[2024-05-20T06:35:00.585+0000] {subprocess.py:75} INFO - Running command: ['/usr/bin/bash', '-c', "echo 'This is task1, this is my first sample dag.'"]
[2024-05-20T06:35:00.597+0000] {subprocess.py:86} INFO - Output:
[2024-05-20T06:35:00.600+0000] {subprocess.py:93} INFO - This is task1, this is my first sample dag.
[2024-05-20T06:35:00.601+0000] {subprocess.py:97} INFO - Command exited with return code 0
[2024-05-20T06:35:00.601+0000] {taskinstance.py:441} INFO - ::group::Post task execution logs
[2024-05-20T06:35:00.626+0000] {taskinstance.py:1206} INFO - Marking task as SUCCESS. dag_id=sample-dag2, task_id=task1, run_id=manual__2024-05-20T06:34:59.701437+00:00, execution_date=20240520T063459, start_date=20240520T063500, end_date=20240520T063500
[2024-05-20T06:35:00.651+0000] {local_task_job_runner.py:240} INFO - Task exited with return code 0
[2024-05-20T06:35:00.675+0000] {taskinstance.py:3498} INFO - 1 downstream tasks scheduled from follow-on schedule check
[2024-05-20T06:35:00.677+0000] {local_task_job_runner.py:222} INFO - ::endgroup::
