[2024-05-20T06:19:01.965+0000] {processor.py:161} INFO - Started process (PID=339) to work on /opt/airflow/dags/sample-dag1.py
[2024-05-20T06:19:01.966+0000] {processor.py:830} INFO - Processing file /opt/airflow/dags/sample-dag1.py for tasks to queue
[2024-05-20T06:19:01.979+0000] {logging_mixin.py:188} INFO - [2024-05-20T06:19:01.978+0000] {dagbag.py:545} INFO - Filling up the DagBag from /opt/airflow/dags/sample-dag1.py
[2024-05-20T06:19:01.992+0000] {logging_mixin.py:188} INFO - [2024-05-20T06:19:01.988+0000] {dagbag.py:355} ERROR - Failed to import: /opt/airflow/dags/sample-dag1.py
Traceback (most recent call last):
  File "/home/airflow/.local/lib/python3.12/site-packages/airflow/models/dagbag.py", line 351, in parse
    loader.exec_module(new_module)
  File "<frozen importlib._bootstrap_external>", line 991, in exec_module
  File "<frozen importlib._bootstrap_external>", line 1129, in get_code
  File "<frozen importlib._bootstrap_external>", line 1059, in source_to_code
  File "<frozen importlib._bootstrap>", line 488, in _call_with_frames_removed
  File "/opt/airflow/dags/sample-dag1.py", line 15
    description="This is my first sample dag."
                
SyntaxError: invalid syntax. Perhaps you forgot a comma?
[2024-05-20T06:19:01.993+0000] {processor.py:842} WARNING - No viable dags retrieved from /opt/airflow/dags/sample-dag1.py
[2024-05-20T06:19:02.030+0000] {processor.py:183} INFO - Processing /opt/airflow/dags/sample-dag1.py took 0.077 seconds
[2024-05-20T06:19:32.215+0000] {processor.py:161} INFO - Started process (PID=350) to work on /opt/airflow/dags/sample-dag1.py
[2024-05-20T06:19:32.216+0000] {processor.py:830} INFO - Processing file /opt/airflow/dags/sample-dag1.py for tasks to queue
[2024-05-20T06:19:32.218+0000] {logging_mixin.py:188} INFO - [2024-05-20T06:19:32.217+0000] {dagbag.py:545} INFO - Filling up the DagBag from /opt/airflow/dags/sample-dag1.py
[2024-05-20T06:19:32.222+0000] {logging_mixin.py:188} INFO - [2024-05-20T06:19:32.221+0000] {dagbag.py:355} ERROR - Failed to import: /opt/airflow/dags/sample-dag1.py
Traceback (most recent call last):
  File "/home/airflow/.local/lib/python3.12/site-packages/airflow/models/dagbag.py", line 351, in parse
    loader.exec_module(new_module)
  File "<frozen importlib._bootstrap_external>", line 991, in exec_module
  File "<frozen importlib._bootstrap_external>", line 1129, in get_code
  File "<frozen importlib._bootstrap_external>", line 1059, in source_to_code
  File "<frozen importlib._bootstrap>", line 488, in _call_with_frames_removed
  File "/opt/airflow/dags/sample-dag1.py", line 15
    description="This is my first sample dag."
                
SyntaxError: invalid syntax. Perhaps you forgot a comma?
[2024-05-20T06:19:32.223+0000] {processor.py:842} WARNING - No viable dags retrieved from /opt/airflow/dags/sample-dag1.py
[2024-05-20T06:19:32.239+0000] {processor.py:183} INFO - Processing /opt/airflow/dags/sample-dag1.py took 0.030 seconds
[2024-05-20T06:20:02.474+0000] {processor.py:161} INFO - Started process (PID=360) to work on /opt/airflow/dags/sample-dag1.py
[2024-05-20T06:20:02.475+0000] {processor.py:830} INFO - Processing file /opt/airflow/dags/sample-dag1.py for tasks to queue
[2024-05-20T06:20:02.477+0000] {logging_mixin.py:188} INFO - [2024-05-20T06:20:02.476+0000] {dagbag.py:545} INFO - Filling up the DagBag from /opt/airflow/dags/sample-dag1.py
[2024-05-20T06:20:02.480+0000] {logging_mixin.py:188} INFO - [2024-05-20T06:20:02.479+0000] {dagbag.py:355} ERROR - Failed to import: /opt/airflow/dags/sample-dag1.py
Traceback (most recent call last):
  File "/home/airflow/.local/lib/python3.12/site-packages/airflow/models/dagbag.py", line 351, in parse
    loader.exec_module(new_module)
  File "<frozen importlib._bootstrap_external>", line 991, in exec_module
  File "<frozen importlib._bootstrap_external>", line 1129, in get_code
  File "<frozen importlib._bootstrap_external>", line 1059, in source_to_code
  File "<frozen importlib._bootstrap>", line 488, in _call_with_frames_removed
  File "/opt/airflow/dags/sample-dag1.py", line 15
    description="This is my first sample dag."
                
SyntaxError: invalid syntax. Perhaps you forgot a comma?
[2024-05-20T06:20:02.481+0000] {processor.py:842} WARNING - No viable dags retrieved from /opt/airflow/dags/sample-dag1.py
[2024-05-20T06:20:02.496+0000] {processor.py:183} INFO - Processing /opt/airflow/dags/sample-dag1.py took 0.026 seconds
[2024-05-20T06:20:32.738+0000] {processor.py:161} INFO - Started process (PID=371) to work on /opt/airflow/dags/sample-dag1.py
[2024-05-20T06:20:32.738+0000] {processor.py:830} INFO - Processing file /opt/airflow/dags/sample-dag1.py for tasks to queue
[2024-05-20T06:20:32.741+0000] {logging_mixin.py:188} INFO - [2024-05-20T06:20:32.741+0000] {dagbag.py:545} INFO - Filling up the DagBag from /opt/airflow/dags/sample-dag1.py
[2024-05-20T06:20:32.746+0000] {logging_mixin.py:188} INFO - [2024-05-20T06:20:32.745+0000] {dagbag.py:355} ERROR - Failed to import: /opt/airflow/dags/sample-dag1.py
Traceback (most recent call last):
  File "/home/airflow/.local/lib/python3.12/site-packages/airflow/models/dagbag.py", line 351, in parse
    loader.exec_module(new_module)
  File "<frozen importlib._bootstrap_external>", line 991, in exec_module
  File "<frozen importlib._bootstrap_external>", line 1129, in get_code
  File "<frozen importlib._bootstrap_external>", line 1059, in source_to_code
  File "<frozen importlib._bootstrap>", line 488, in _call_with_frames_removed
  File "/opt/airflow/dags/sample-dag1.py", line 15
    description="This is my first sample dag."
                
SyntaxError: invalid syntax. Perhaps you forgot a comma?
[2024-05-20T06:20:32.747+0000] {processor.py:842} WARNING - No viable dags retrieved from /opt/airflow/dags/sample-dag1.py
[2024-05-20T06:20:32.763+0000] {processor.py:183} INFO - Processing /opt/airflow/dags/sample-dag1.py took 0.032 seconds
[2024-05-20T06:20:37.815+0000] {processor.py:161} INFO - Started process (PID=376) to work on /opt/airflow/dags/sample-dag1.py
[2024-05-20T06:20:37.816+0000] {processor.py:830} INFO - Processing file /opt/airflow/dags/sample-dag1.py for tasks to queue
[2024-05-20T06:20:37.818+0000] {logging_mixin.py:188} INFO - [2024-05-20T06:20:37.818+0000] {dagbag.py:545} INFO - Filling up the DagBag from /opt/airflow/dags/sample-dag1.py
[2024-05-20T06:20:37.823+0000] {logging_mixin.py:188} INFO - [2024-05-20T06:20:37.822+0000] {dagbag.py:355} ERROR - Failed to import: /opt/airflow/dags/sample-dag1.py
Traceback (most recent call last):
  File "/home/airflow/.local/lib/python3.12/site-packages/airflow/models/dagbag.py", line 351, in parse
    loader.exec_module(new_module)
  File "<frozen importlib._bootstrap_external>", line 991, in exec_module
  File "<frozen importlib._bootstrap_external>", line 1129, in get_code
  File "<frozen importlib._bootstrap_external>", line 1059, in source_to_code
  File "<frozen importlib._bootstrap>", line 488, in _call_with_frames_removed
  File "/opt/airflow/dags/sample-dag1.py", line 17
    description="This is my first sample dag."
                
SyntaxError: invalid syntax. Perhaps you forgot a comma?
[2024-05-20T06:20:37.824+0000] {processor.py:842} WARNING - No viable dags retrieved from /opt/airflow/dags/sample-dag1.py
[2024-05-20T06:20:37.839+0000] {processor.py:183} INFO - Processing /opt/airflow/dags/sample-dag1.py took 0.031 seconds
[2024-05-20T06:21:08.099+0000] {processor.py:161} INFO - Started process (PID=387) to work on /opt/airflow/dags/sample-dag1.py
[2024-05-20T06:21:08.101+0000] {processor.py:830} INFO - Processing file /opt/airflow/dags/sample-dag1.py for tasks to queue
[2024-05-20T06:21:08.103+0000] {logging_mixin.py:188} INFO - [2024-05-20T06:21:08.103+0000] {dagbag.py:545} INFO - Filling up the DagBag from /opt/airflow/dags/sample-dag1.py
[2024-05-20T06:21:08.109+0000] {logging_mixin.py:188} INFO - [2024-05-20T06:21:08.108+0000] {dagbag.py:355} ERROR - Failed to import: /opt/airflow/dags/sample-dag1.py
Traceback (most recent call last):
  File "/home/airflow/.local/lib/python3.12/site-packages/airflow/models/dagbag.py", line 351, in parse
    loader.exec_module(new_module)
  File "<frozen importlib._bootstrap_external>", line 991, in exec_module
  File "<frozen importlib._bootstrap_external>", line 1129, in get_code
  File "<frozen importlib._bootstrap_external>", line 1059, in source_to_code
  File "<frozen importlib._bootstrap>", line 488, in _call_with_frames_removed
  File "/opt/airflow/dags/sample-dag1.py", line 17
    description="This is my first sample dag."
                
SyntaxError: invalid syntax. Perhaps you forgot a comma?
[2024-05-20T06:21:08.109+0000] {processor.py:842} WARNING - No viable dags retrieved from /opt/airflow/dags/sample-dag1.py
[2024-05-20T06:21:08.126+0000] {processor.py:183} INFO - Processing /opt/airflow/dags/sample-dag1.py took 0.033 seconds
[2024-05-20T06:21:38.433+0000] {processor.py:161} INFO - Started process (PID=398) to work on /opt/airflow/dags/sample-dag1.py
[2024-05-20T06:21:38.435+0000] {processor.py:830} INFO - Processing file /opt/airflow/dags/sample-dag1.py for tasks to queue
[2024-05-20T06:21:38.438+0000] {logging_mixin.py:188} INFO - [2024-05-20T06:21:38.438+0000] {dagbag.py:545} INFO - Filling up the DagBag from /opt/airflow/dags/sample-dag1.py
[2024-05-20T06:21:38.444+0000] {logging_mixin.py:188} INFO - [2024-05-20T06:21:38.443+0000] {dagbag.py:355} ERROR - Failed to import: /opt/airflow/dags/sample-dag1.py
Traceback (most recent call last):
  File "/home/airflow/.local/lib/python3.12/site-packages/airflow/models/dagbag.py", line 351, in parse
    loader.exec_module(new_module)
  File "<frozen importlib._bootstrap_external>", line 991, in exec_module
  File "<frozen importlib._bootstrap_external>", line 1129, in get_code
  File "<frozen importlib._bootstrap_external>", line 1059, in source_to_code
  File "<frozen importlib._bootstrap>", line 488, in _call_with_frames_removed
  File "/opt/airflow/dags/sample-dag1.py", line 17
    description="This is my first sample dag."
                
SyntaxError: invalid syntax. Perhaps you forgot a comma?
[2024-05-20T06:21:38.445+0000] {processor.py:842} WARNING - No viable dags retrieved from /opt/airflow/dags/sample-dag1.py
[2024-05-20T06:21:38.463+0000] {processor.py:183} INFO - Processing /opt/airflow/dags/sample-dag1.py took 0.038 seconds
[2024-05-20T06:21:40.488+0000] {processor.py:161} INFO - Started process (PID=403) to work on /opt/airflow/dags/sample-dag1.py
[2024-05-20T06:21:40.489+0000] {processor.py:830} INFO - Processing file /opt/airflow/dags/sample-dag1.py for tasks to queue
[2024-05-20T06:21:40.490+0000] {logging_mixin.py:188} INFO - [2024-05-20T06:21:40.490+0000] {dagbag.py:545} INFO - Filling up the DagBag from /opt/airflow/dags/sample-dag1.py
[2024-05-20T06:21:40.535+0000] {processor.py:840} INFO - DAG(s) 'sample-dag1' retrieved from /opt/airflow/dags/sample-dag1.py
[2024-05-20T06:21:40.795+0000] {logging_mixin.py:188} INFO - [2024-05-20T06:21:40.794+0000] {override.py:1829} INFO - Created Permission View: can read on DAG:sample-dag1
[2024-05-20T06:21:40.801+0000] {logging_mixin.py:188} INFO - [2024-05-20T06:21:40.800+0000] {override.py:1829} INFO - Created Permission View: can delete on DAG:sample-dag1
[2024-05-20T06:21:40.804+0000] {logging_mixin.py:188} INFO - [2024-05-20T06:21:40.804+0000] {override.py:1829} INFO - Created Permission View: can edit on DAG:sample-dag1
[2024-05-20T06:21:40.804+0000] {logging_mixin.py:188} INFO - [2024-05-20T06:21:40.804+0000] {dag.py:3096} INFO - Sync 1 DAGs
[2024-05-20T06:21:40.813+0000] {logging_mixin.py:188} INFO - [2024-05-20T06:21:40.813+0000] {dag.py:3118} INFO - Creating ORM DAG for sample-dag1
[2024-05-20T06:21:40.822+0000] {logging_mixin.py:188} INFO - [2024-05-20T06:21:40.822+0000] {dag.py:3954} INFO - Setting next_dagrun for sample-dag1 to 2024-05-21 00:00:00+00:00, run_after=2024-05-22 00:00:00+00:00
[2024-05-20T06:21:40.832+0000] {processor.py:183} INFO - Processing /opt/airflow/dags/sample-dag1.py took 0.349 seconds
[2024-05-20T06:22:11.157+0000] {processor.py:161} INFO - Started process (PID=413) to work on /opt/airflow/dags/sample-dag1.py
[2024-05-20T06:22:11.159+0000] {processor.py:830} INFO - Processing file /opt/airflow/dags/sample-dag1.py for tasks to queue
[2024-05-20T06:22:11.162+0000] {logging_mixin.py:188} INFO - [2024-05-20T06:22:11.161+0000] {dagbag.py:545} INFO - Filling up the DagBag from /opt/airflow/dags/sample-dag1.py
[2024-05-20T06:22:11.181+0000] {processor.py:840} INFO - DAG(s) 'sample-dag1' retrieved from /opt/airflow/dags/sample-dag1.py
[2024-05-20T06:22:11.211+0000] {logging_mixin.py:188} INFO - [2024-05-20T06:22:11.211+0000] {dag.py:3096} INFO - Sync 1 DAGs
[2024-05-20T06:22:11.233+0000] {logging_mixin.py:188} INFO - [2024-05-20T06:22:11.233+0000] {dag.py:3954} INFO - Setting next_dagrun for sample-dag1 to 2024-05-21 00:00:00+00:00, run_after=2024-05-22 00:00:00+00:00
[2024-05-20T06:22:11.247+0000] {processor.py:183} INFO - Processing /opt/airflow/dags/sample-dag1.py took 0.096 seconds
[2024-05-20T06:22:41.406+0000] {processor.py:161} INFO - Started process (PID=424) to work on /opt/airflow/dags/sample-dag1.py
[2024-05-20T06:22:41.408+0000] {processor.py:830} INFO - Processing file /opt/airflow/dags/sample-dag1.py for tasks to queue
[2024-05-20T06:22:41.412+0000] {logging_mixin.py:188} INFO - [2024-05-20T06:22:41.411+0000] {dagbag.py:545} INFO - Filling up the DagBag from /opt/airflow/dags/sample-dag1.py
[2024-05-20T06:22:41.432+0000] {processor.py:840} INFO - DAG(s) 'sample-dag1' retrieved from /opt/airflow/dags/sample-dag1.py
[2024-05-20T06:22:41.461+0000] {logging_mixin.py:188} INFO - [2024-05-20T06:22:41.461+0000] {dag.py:3096} INFO - Sync 1 DAGs
[2024-05-20T06:22:41.481+0000] {logging_mixin.py:188} INFO - [2024-05-20T06:22:41.480+0000] {dag.py:3954} INFO - Setting next_dagrun for sample-dag1 to 2024-05-21 00:00:00+00:00, run_after=2024-05-22 00:00:00+00:00
[2024-05-20T06:22:41.495+0000] {processor.py:183} INFO - Processing /opt/airflow/dags/sample-dag1.py took 0.105 seconds
[2024-05-20T06:23:11.738+0000] {processor.py:161} INFO - Started process (PID=435) to work on /opt/airflow/dags/sample-dag1.py
[2024-05-20T06:23:11.742+0000] {processor.py:830} INFO - Processing file /opt/airflow/dags/sample-dag1.py for tasks to queue
[2024-05-20T06:23:11.749+0000] {logging_mixin.py:188} INFO - [2024-05-20T06:23:11.748+0000] {dagbag.py:545} INFO - Filling up the DagBag from /opt/airflow/dags/sample-dag1.py
[2024-05-20T06:23:11.776+0000] {processor.py:840} INFO - DAG(s) 'sample-dag1' retrieved from /opt/airflow/dags/sample-dag1.py
[2024-05-20T06:23:11.804+0000] {logging_mixin.py:188} INFO - [2024-05-20T06:23:11.804+0000] {dag.py:3096} INFO - Sync 1 DAGs
[2024-05-20T06:23:11.823+0000] {logging_mixin.py:188} INFO - [2024-05-20T06:23:11.823+0000] {dag.py:3954} INFO - Setting next_dagrun for sample-dag1 to 2024-05-21 00:00:00+00:00, run_after=2024-05-22 00:00:00+00:00
[2024-05-20T06:23:11.837+0000] {processor.py:183} INFO - Processing /opt/airflow/dags/sample-dag1.py took 0.106 seconds
[2024-05-20T06:23:42.067+0000] {processor.py:161} INFO - Started process (PID=446) to work on /opt/airflow/dags/sample-dag1.py
[2024-05-20T06:23:42.068+0000] {processor.py:830} INFO - Processing file /opt/airflow/dags/sample-dag1.py for tasks to queue
[2024-05-20T06:23:42.070+0000] {logging_mixin.py:188} INFO - [2024-05-20T06:23:42.070+0000] {dagbag.py:545} INFO - Filling up the DagBag from /opt/airflow/dags/sample-dag1.py
[2024-05-20T06:23:42.083+0000] {processor.py:840} INFO - DAG(s) 'sample-dag1' retrieved from /opt/airflow/dags/sample-dag1.py
[2024-05-20T06:23:42.105+0000] {logging_mixin.py:188} INFO - [2024-05-20T06:23:42.104+0000] {dag.py:3096} INFO - Sync 1 DAGs
[2024-05-20T06:23:42.120+0000] {logging_mixin.py:188} INFO - [2024-05-20T06:23:42.120+0000] {dag.py:3954} INFO - Setting next_dagrun for sample-dag1 to 2024-05-21 00:00:00+00:00, run_after=2024-05-22 00:00:00+00:00
[2024-05-20T06:23:42.137+0000] {processor.py:183} INFO - Processing /opt/airflow/dags/sample-dag1.py took 0.077 seconds
[2024-05-20T06:24:12.376+0000] {processor.py:161} INFO - Started process (PID=460) to work on /opt/airflow/dags/sample-dag1.py
[2024-05-20T06:24:12.377+0000] {processor.py:830} INFO - Processing file /opt/airflow/dags/sample-dag1.py for tasks to queue
[2024-05-20T06:24:12.379+0000] {logging_mixin.py:188} INFO - [2024-05-20T06:24:12.379+0000] {dagbag.py:545} INFO - Filling up the DagBag from /opt/airflow/dags/sample-dag1.py
[2024-05-20T06:24:12.397+0000] {processor.py:840} INFO - DAG(s) 'sample-dag1' retrieved from /opt/airflow/dags/sample-dag1.py
[2024-05-20T06:24:12.421+0000] {logging_mixin.py:188} INFO - [2024-05-20T06:24:12.421+0000] {dag.py:3096} INFO - Sync 1 DAGs
[2024-05-20T06:24:12.441+0000] {logging_mixin.py:188} INFO - [2024-05-20T06:24:12.441+0000] {dag.py:3954} INFO - Setting next_dagrun for sample-dag1 to 2024-05-21 00:00:00+00:00, run_after=2024-05-22 00:00:00+00:00
[2024-05-20T06:24:12.454+0000] {processor.py:183} INFO - Processing /opt/airflow/dags/sample-dag1.py took 0.084 seconds
[2024-05-20T06:24:42.649+0000] {processor.py:161} INFO - Started process (PID=470) to work on /opt/airflow/dags/sample-dag1.py
[2024-05-20T06:24:42.650+0000] {processor.py:830} INFO - Processing file /opt/airflow/dags/sample-dag1.py for tasks to queue
[2024-05-20T06:24:42.652+0000] {logging_mixin.py:188} INFO - [2024-05-20T06:24:42.651+0000] {dagbag.py:545} INFO - Filling up the DagBag from /opt/airflow/dags/sample-dag1.py
[2024-05-20T06:24:42.665+0000] {processor.py:840} INFO - DAG(s) 'sample-dag1' retrieved from /opt/airflow/dags/sample-dag1.py
[2024-05-20T06:24:42.697+0000] {logging_mixin.py:188} INFO - [2024-05-20T06:24:42.697+0000] {dag.py:3096} INFO - Sync 1 DAGs
[2024-05-20T06:24:42.719+0000] {logging_mixin.py:188} INFO - [2024-05-20T06:24:42.719+0000] {dag.py:3954} INFO - Setting next_dagrun for sample-dag1 to 2024-05-21 00:00:00+00:00, run_after=2024-05-22 00:00:00+00:00
[2024-05-20T06:24:42.733+0000] {processor.py:183} INFO - Processing /opt/airflow/dags/sample-dag1.py took 0.091 seconds
[2024-05-20T06:25:13.013+0000] {processor.py:161} INFO - Started process (PID=481) to work on /opt/airflow/dags/sample-dag1.py
[2024-05-20T06:25:13.014+0000] {processor.py:830} INFO - Processing file /opt/airflow/dags/sample-dag1.py for tasks to queue
[2024-05-20T06:25:13.017+0000] {logging_mixin.py:188} INFO - [2024-05-20T06:25:13.017+0000] {dagbag.py:545} INFO - Filling up the DagBag from /opt/airflow/dags/sample-dag1.py
[2024-05-20T06:25:13.051+0000] {processor.py:840} INFO - DAG(s) 'sample-dag1' retrieved from /opt/airflow/dags/sample-dag1.py
[2024-05-20T06:25:13.083+0000] {logging_mixin.py:188} INFO - [2024-05-20T06:25:13.083+0000] {dag.py:3096} INFO - Sync 1 DAGs
[2024-05-20T06:25:13.106+0000] {logging_mixin.py:188} INFO - [2024-05-20T06:25:13.106+0000] {dag.py:3954} INFO - Setting next_dagrun for sample-dag1 to 2024-05-21 00:00:00+00:00, run_after=2024-05-22 00:00:00+00:00
[2024-05-20T06:25:13.121+0000] {processor.py:183} INFO - Processing /opt/airflow/dags/sample-dag1.py took 0.117 seconds
[2024-05-20T06:25:43.313+0000] {processor.py:161} INFO - Started process (PID=492) to work on /opt/airflow/dags/sample-dag1.py
[2024-05-20T06:25:43.315+0000] {processor.py:830} INFO - Processing file /opt/airflow/dags/sample-dag1.py for tasks to queue
[2024-05-20T06:25:43.318+0000] {logging_mixin.py:188} INFO - [2024-05-20T06:25:43.317+0000] {dagbag.py:545} INFO - Filling up the DagBag from /opt/airflow/dags/sample-dag1.py
[2024-05-20T06:25:43.334+0000] {processor.py:840} INFO - DAG(s) 'sample-dag1' retrieved from /opt/airflow/dags/sample-dag1.py
[2024-05-20T06:25:43.362+0000] {logging_mixin.py:188} INFO - [2024-05-20T06:25:43.362+0000] {dag.py:3096} INFO - Sync 1 DAGs
[2024-05-20T06:25:43.382+0000] {logging_mixin.py:188} INFO - [2024-05-20T06:25:43.382+0000] {dag.py:3954} INFO - Setting next_dagrun for sample-dag1 to 2024-05-21 00:00:00+00:00, run_after=2024-05-22 00:00:00+00:00
[2024-05-20T06:25:43.396+0000] {processor.py:183} INFO - Processing /opt/airflow/dags/sample-dag1.py took 0.091 seconds
[2024-05-20T06:26:13.744+0000] {processor.py:161} INFO - Started process (PID=504) to work on /opt/airflow/dags/sample-dag1.py
[2024-05-20T06:26:13.746+0000] {processor.py:830} INFO - Processing file /opt/airflow/dags/sample-dag1.py for tasks to queue
[2024-05-20T06:26:13.749+0000] {logging_mixin.py:188} INFO - [2024-05-20T06:26:13.748+0000] {dagbag.py:545} INFO - Filling up the DagBag from /opt/airflow/dags/sample-dag1.py
[2024-05-20T06:26:13.785+0000] {processor.py:840} INFO - DAG(s) 'sample-dag1' retrieved from /opt/airflow/dags/sample-dag1.py
[2024-05-20T06:26:13.820+0000] {logging_mixin.py:188} INFO - [2024-05-20T06:26:13.820+0000] {dag.py:3096} INFO - Sync 1 DAGs
[2024-05-20T06:26:13.841+0000] {logging_mixin.py:188} INFO - [2024-05-20T06:26:13.841+0000] {dag.py:3954} INFO - Setting next_dagrun for sample-dag1 to 2024-05-21 00:00:00+00:00, run_after=2024-05-22 00:00:00+00:00
[2024-05-20T06:26:13.855+0000] {processor.py:183} INFO - Processing /opt/airflow/dags/sample-dag1.py took 0.120 seconds
[2024-05-20T06:26:44.097+0000] {processor.py:161} INFO - Started process (PID=515) to work on /opt/airflow/dags/sample-dag1.py
[2024-05-20T06:26:44.099+0000] {processor.py:830} INFO - Processing file /opt/airflow/dags/sample-dag1.py for tasks to queue
[2024-05-20T06:26:44.102+0000] {logging_mixin.py:188} INFO - [2024-05-20T06:26:44.102+0000] {dagbag.py:545} INFO - Filling up the DagBag from /opt/airflow/dags/sample-dag1.py
[2024-05-20T06:26:44.128+0000] {processor.py:840} INFO - DAG(s) 'sample-dag1' retrieved from /opt/airflow/dags/sample-dag1.py
[2024-05-20T06:26:44.164+0000] {logging_mixin.py:188} INFO - [2024-05-20T06:26:44.164+0000] {dag.py:3096} INFO - Sync 1 DAGs
[2024-05-20T06:26:44.187+0000] {logging_mixin.py:188} INFO - [2024-05-20T06:26:44.187+0000] {dag.py:3954} INFO - Setting next_dagrun for sample-dag1 to 2024-05-21 00:00:00+00:00, run_after=2024-05-22 00:00:00+00:00
[2024-05-20T06:26:44.202+0000] {processor.py:183} INFO - Processing /opt/airflow/dags/sample-dag1.py took 0.114 seconds
[2024-05-20T06:27:14.450+0000] {processor.py:161} INFO - Started process (PID=526) to work on /opt/airflow/dags/sample-dag1.py
[2024-05-20T06:27:14.451+0000] {processor.py:830} INFO - Processing file /opt/airflow/dags/sample-dag1.py for tasks to queue
[2024-05-20T06:27:14.453+0000] {logging_mixin.py:188} INFO - [2024-05-20T06:27:14.453+0000] {dagbag.py:545} INFO - Filling up the DagBag from /opt/airflow/dags/sample-dag1.py
[2024-05-20T06:27:14.465+0000] {processor.py:840} INFO - DAG(s) 'sample-dag1' retrieved from /opt/airflow/dags/sample-dag1.py
[2024-05-20T06:27:14.486+0000] {logging_mixin.py:188} INFO - [2024-05-20T06:27:14.485+0000] {dag.py:3096} INFO - Sync 1 DAGs
[2024-05-20T06:27:14.500+0000] {logging_mixin.py:188} INFO - [2024-05-20T06:27:14.499+0000] {dag.py:3954} INFO - Setting next_dagrun for sample-dag1 to 2024-05-21 00:00:00+00:00, run_after=2024-05-22 00:00:00+00:00
[2024-05-20T06:27:14.512+0000] {processor.py:183} INFO - Processing /opt/airflow/dags/sample-dag1.py took 0.069 seconds
[2024-05-20T06:27:44.785+0000] {processor.py:161} INFO - Started process (PID=537) to work on /opt/airflow/dags/sample-dag1.py
[2024-05-20T06:27:44.787+0000] {processor.py:830} INFO - Processing file /opt/airflow/dags/sample-dag1.py for tasks to queue
[2024-05-20T06:27:44.790+0000] {logging_mixin.py:188} INFO - [2024-05-20T06:27:44.789+0000] {dagbag.py:545} INFO - Filling up the DagBag from /opt/airflow/dags/sample-dag1.py
[2024-05-20T06:27:44.808+0000] {processor.py:840} INFO - DAG(s) 'sample-dag1' retrieved from /opt/airflow/dags/sample-dag1.py
[2024-05-20T06:27:44.840+0000] {logging_mixin.py:188} INFO - [2024-05-20T06:27:44.840+0000] {dag.py:3096} INFO - Sync 1 DAGs
[2024-05-20T06:27:44.862+0000] {logging_mixin.py:188} INFO - [2024-05-20T06:27:44.862+0000] {dag.py:3954} INFO - Setting next_dagrun for sample-dag1 to 2024-05-21 00:00:00+00:00, run_after=2024-05-22 00:00:00+00:00
[2024-05-20T06:27:44.877+0000] {processor.py:183} INFO - Processing /opt/airflow/dags/sample-dag1.py took 0.101 seconds
[2024-05-20T06:28:15.095+0000] {processor.py:161} INFO - Started process (PID=547) to work on /opt/airflow/dags/sample-dag1.py
[2024-05-20T06:28:15.097+0000] {processor.py:830} INFO - Processing file /opt/airflow/dags/sample-dag1.py for tasks to queue
[2024-05-20T06:28:15.099+0000] {logging_mixin.py:188} INFO - [2024-05-20T06:28:15.099+0000] {dagbag.py:545} INFO - Filling up the DagBag from /opt/airflow/dags/sample-dag1.py
[2024-05-20T06:28:15.113+0000] {processor.py:840} INFO - DAG(s) 'sample-dag1' retrieved from /opt/airflow/dags/sample-dag1.py
[2024-05-20T06:28:15.136+0000] {logging_mixin.py:188} INFO - [2024-05-20T06:28:15.135+0000] {dag.py:3096} INFO - Sync 1 DAGs
[2024-05-20T06:28:15.151+0000] {logging_mixin.py:188} INFO - [2024-05-20T06:28:15.151+0000] {dag.py:3954} INFO - Setting next_dagrun for sample-dag1 to 2024-05-21 00:00:00+00:00, run_after=2024-05-22 00:00:00+00:00
[2024-05-20T06:28:15.162+0000] {processor.py:183} INFO - Processing /opt/airflow/dags/sample-dag1.py took 0.074 seconds
[2024-05-20T06:28:45.485+0000] {processor.py:161} INFO - Started process (PID=558) to work on /opt/airflow/dags/sample-dag1.py
[2024-05-20T06:28:45.486+0000] {processor.py:830} INFO - Processing file /opt/airflow/dags/sample-dag1.py for tasks to queue
[2024-05-20T06:28:45.489+0000] {logging_mixin.py:188} INFO - [2024-05-20T06:28:45.488+0000] {dagbag.py:545} INFO - Filling up the DagBag from /opt/airflow/dags/sample-dag1.py
[2024-05-20T06:28:45.506+0000] {processor.py:840} INFO - DAG(s) 'sample-dag1' retrieved from /opt/airflow/dags/sample-dag1.py
[2024-05-20T06:28:45.533+0000] {logging_mixin.py:188} INFO - [2024-05-20T06:28:45.533+0000] {dag.py:3096} INFO - Sync 1 DAGs
[2024-05-20T06:28:45.552+0000] {logging_mixin.py:188} INFO - [2024-05-20T06:28:45.552+0000] {dag.py:3954} INFO - Setting next_dagrun for sample-dag1 to 2024-05-21 00:00:00+00:00, run_after=2024-05-22 00:00:00+00:00
[2024-05-20T06:28:45.566+0000] {processor.py:183} INFO - Processing /opt/airflow/dags/sample-dag1.py took 0.090 seconds
[2024-05-20T06:29:15.875+0000] {processor.py:161} INFO - Started process (PID=569) to work on /opt/airflow/dags/sample-dag1.py
[2024-05-20T06:29:15.876+0000] {processor.py:830} INFO - Processing file /opt/airflow/dags/sample-dag1.py for tasks to queue
[2024-05-20T06:29:15.879+0000] {logging_mixin.py:188} INFO - [2024-05-20T06:29:15.878+0000] {dagbag.py:545} INFO - Filling up the DagBag from /opt/airflow/dags/sample-dag1.py
[2024-05-20T06:29:15.897+0000] {processor.py:840} INFO - DAG(s) 'sample-dag1' retrieved from /opt/airflow/dags/sample-dag1.py
[2024-05-20T06:29:15.931+0000] {logging_mixin.py:188} INFO - [2024-05-20T06:29:15.931+0000] {dag.py:3096} INFO - Sync 1 DAGs
[2024-05-20T06:29:15.951+0000] {logging_mixin.py:188} INFO - [2024-05-20T06:29:15.951+0000] {dag.py:3954} INFO - Setting next_dagrun for sample-dag1 to 2024-05-21 00:00:00+00:00, run_after=2024-05-22 00:00:00+00:00
[2024-05-20T06:29:15.964+0000] {processor.py:183} INFO - Processing /opt/airflow/dags/sample-dag1.py took 0.098 seconds
[2024-05-20T06:29:46.280+0000] {processor.py:161} INFO - Started process (PID=580) to work on /opt/airflow/dags/sample-dag1.py
[2024-05-20T06:29:46.282+0000] {processor.py:830} INFO - Processing file /opt/airflow/dags/sample-dag1.py for tasks to queue
[2024-05-20T06:29:46.285+0000] {logging_mixin.py:188} INFO - [2024-05-20T06:29:46.284+0000] {dagbag.py:545} INFO - Filling up the DagBag from /opt/airflow/dags/sample-dag1.py
[2024-05-20T06:29:46.304+0000] {processor.py:840} INFO - DAG(s) 'sample-dag1' retrieved from /opt/airflow/dags/sample-dag1.py
[2024-05-20T06:29:46.335+0000] {logging_mixin.py:188} INFO - [2024-05-20T06:29:46.334+0000] {dag.py:3096} INFO - Sync 1 DAGs
[2024-05-20T06:29:46.374+0000] {logging_mixin.py:188} INFO - [2024-05-20T06:29:46.373+0000] {dag.py:3954} INFO - Setting next_dagrun for sample-dag1 to 2024-05-21 00:00:00+00:00, run_after=2024-05-22 00:00:00+00:00
[2024-05-20T06:29:46.389+0000] {processor.py:183} INFO - Processing /opt/airflow/dags/sample-dag1.py took 0.118 seconds
[2024-05-20T06:30:16.629+0000] {processor.py:161} INFO - Started process (PID=591) to work on /opt/airflow/dags/sample-dag1.py
[2024-05-20T06:30:16.631+0000] {processor.py:830} INFO - Processing file /opt/airflow/dags/sample-dag1.py for tasks to queue
[2024-05-20T06:30:16.634+0000] {logging_mixin.py:188} INFO - [2024-05-20T06:30:16.634+0000] {dagbag.py:545} INFO - Filling up the DagBag from /opt/airflow/dags/sample-dag1.py
[2024-05-20T06:30:16.658+0000] {processor.py:840} INFO - DAG(s) 'sample-dag1' retrieved from /opt/airflow/dags/sample-dag1.py
[2024-05-20T06:30:16.691+0000] {logging_mixin.py:188} INFO - [2024-05-20T06:30:16.691+0000] {dag.py:3096} INFO - Sync 1 DAGs
[2024-05-20T06:30:16.713+0000] {logging_mixin.py:188} INFO - [2024-05-20T06:30:16.713+0000] {dag.py:3954} INFO - Setting next_dagrun for sample-dag1 to 2024-05-21 00:00:00+00:00, run_after=2024-05-22 00:00:00+00:00
[2024-05-20T06:30:16.730+0000] {processor.py:183} INFO - Processing /opt/airflow/dags/sample-dag1.py took 0.125 seconds
[2024-05-20T06:30:47.012+0000] {processor.py:161} INFO - Started process (PID=602) to work on /opt/airflow/dags/sample-dag1.py
[2024-05-20T06:30:47.014+0000] {processor.py:830} INFO - Processing file /opt/airflow/dags/sample-dag1.py for tasks to queue
[2024-05-20T06:30:47.017+0000] {logging_mixin.py:188} INFO - [2024-05-20T06:30:47.016+0000] {dagbag.py:545} INFO - Filling up the DagBag from /opt/airflow/dags/sample-dag1.py
[2024-05-20T06:30:47.034+0000] {processor.py:840} INFO - DAG(s) 'sample-dag1' retrieved from /opt/airflow/dags/sample-dag1.py
[2024-05-20T06:30:47.070+0000] {logging_mixin.py:188} INFO - [2024-05-20T06:30:47.070+0000] {dag.py:3096} INFO - Sync 1 DAGs
[2024-05-20T06:30:47.089+0000] {logging_mixin.py:188} INFO - [2024-05-20T06:30:47.089+0000] {dag.py:3954} INFO - Setting next_dagrun for sample-dag1 to 2024-05-21 00:00:00+00:00, run_after=2024-05-22 00:00:00+00:00
[2024-05-20T06:30:47.103+0000] {processor.py:183} INFO - Processing /opt/airflow/dags/sample-dag1.py took 0.099 seconds
[2024-05-20T06:31:17.297+0000] {processor.py:161} INFO - Started process (PID=613) to work on /opt/airflow/dags/sample-dag1.py
[2024-05-20T06:31:17.298+0000] {processor.py:830} INFO - Processing file /opt/airflow/dags/sample-dag1.py for tasks to queue
[2024-05-20T06:31:17.301+0000] {logging_mixin.py:188} INFO - [2024-05-20T06:31:17.300+0000] {dagbag.py:545} INFO - Filling up the DagBag from /opt/airflow/dags/sample-dag1.py
[2024-05-20T06:31:17.320+0000] {processor.py:840} INFO - DAG(s) 'sample-dag1' retrieved from /opt/airflow/dags/sample-dag1.py
[2024-05-20T06:31:17.421+0000] {logging_mixin.py:188} INFO - [2024-05-20T06:31:17.420+0000] {dag.py:3096} INFO - Sync 1 DAGs
[2024-05-20T06:31:17.442+0000] {logging_mixin.py:188} INFO - [2024-05-20T06:31:17.442+0000] {dag.py:3954} INFO - Setting next_dagrun for sample-dag1 to 2024-05-21 00:00:00+00:00, run_after=2024-05-22 00:00:00+00:00
[2024-05-20T06:31:17.456+0000] {processor.py:183} INFO - Processing /opt/airflow/dags/sample-dag1.py took 0.166 seconds
[2024-05-20T06:31:47.726+0000] {processor.py:161} INFO - Started process (PID=624) to work on /opt/airflow/dags/sample-dag1.py
[2024-05-20T06:31:47.729+0000] {processor.py:830} INFO - Processing file /opt/airflow/dags/sample-dag1.py for tasks to queue
[2024-05-20T06:31:47.732+0000] {logging_mixin.py:188} INFO - [2024-05-20T06:31:47.731+0000] {dagbag.py:545} INFO - Filling up the DagBag from /opt/airflow/dags/sample-dag1.py
[2024-05-20T06:31:47.749+0000] {processor.py:840} INFO - DAG(s) 'sample-dag1' retrieved from /opt/airflow/dags/sample-dag1.py
[2024-05-20T06:31:47.775+0000] {logging_mixin.py:188} INFO - [2024-05-20T06:31:47.775+0000] {dag.py:3096} INFO - Sync 1 DAGs
[2024-05-20T06:31:47.795+0000] {logging_mixin.py:188} INFO - [2024-05-20T06:31:47.794+0000] {dag.py:3954} INFO - Setting next_dagrun for sample-dag1 to 2024-05-21 00:00:00+00:00, run_after=2024-05-22 00:00:00+00:00
[2024-05-20T06:31:47.809+0000] {processor.py:183} INFO - Processing /opt/airflow/dags/sample-dag1.py took 0.089 seconds
[2024-05-20T06:32:18.078+0000] {processor.py:161} INFO - Started process (PID=635) to work on /opt/airflow/dags/sample-dag1.py
[2024-05-20T06:32:18.080+0000] {processor.py:830} INFO - Processing file /opt/airflow/dags/sample-dag1.py for tasks to queue
[2024-05-20T06:32:18.082+0000] {logging_mixin.py:188} INFO - [2024-05-20T06:32:18.082+0000] {dagbag.py:545} INFO - Filling up the DagBag from /opt/airflow/dags/sample-dag1.py
[2024-05-20T06:32:18.099+0000] {processor.py:840} INFO - DAG(s) 'sample-dag1' retrieved from /opt/airflow/dags/sample-dag1.py
[2024-05-20T06:32:18.149+0000] {logging_mixin.py:188} INFO - [2024-05-20T06:32:18.149+0000] {dag.py:3096} INFO - Sync 1 DAGs
[2024-05-20T06:32:18.169+0000] {logging_mixin.py:188} INFO - [2024-05-20T06:32:18.169+0000] {dag.py:3954} INFO - Setting next_dagrun for sample-dag1 to 2024-05-21 00:00:00+00:00, run_after=2024-05-22 00:00:00+00:00
[2024-05-20T06:32:18.183+0000] {processor.py:183} INFO - Processing /opt/airflow/dags/sample-dag1.py took 0.112 seconds
[2024-05-20T06:32:48.430+0000] {processor.py:161} INFO - Started process (PID=646) to work on /opt/airflow/dags/sample-dag1.py
[2024-05-20T06:32:48.432+0000] {processor.py:830} INFO - Processing file /opt/airflow/dags/sample-dag1.py for tasks to queue
[2024-05-20T06:32:48.434+0000] {logging_mixin.py:188} INFO - [2024-05-20T06:32:48.434+0000] {dagbag.py:545} INFO - Filling up the DagBag from /opt/airflow/dags/sample-dag1.py
[2024-05-20T06:32:48.450+0000] {processor.py:840} INFO - DAG(s) 'sample-dag1' retrieved from /opt/airflow/dags/sample-dag1.py
[2024-05-20T06:32:48.476+0000] {logging_mixin.py:188} INFO - [2024-05-20T06:32:48.476+0000] {dag.py:3096} INFO - Sync 1 DAGs
[2024-05-20T06:32:48.494+0000] {logging_mixin.py:188} INFO - [2024-05-20T06:32:48.493+0000] {dag.py:3954} INFO - Setting next_dagrun for sample-dag1 to 2024-05-21 00:00:00+00:00, run_after=2024-05-22 00:00:00+00:00
[2024-05-20T06:32:48.506+0000] {processor.py:183} INFO - Processing /opt/airflow/dags/sample-dag1.py took 0.083 seconds
[2024-05-20T06:33:18.783+0000] {processor.py:161} INFO - Started process (PID=657) to work on /opt/airflow/dags/sample-dag1.py
[2024-05-20T06:33:18.785+0000] {processor.py:830} INFO - Processing file /opt/airflow/dags/sample-dag1.py for tasks to queue
[2024-05-20T06:33:18.788+0000] {logging_mixin.py:188} INFO - [2024-05-20T06:33:18.787+0000] {dagbag.py:545} INFO - Filling up the DagBag from /opt/airflow/dags/sample-dag1.py
[2024-05-20T06:33:18.806+0000] {processor.py:840} INFO - DAG(s) 'sample-dag1' retrieved from /opt/airflow/dags/sample-dag1.py
[2024-05-20T06:33:18.837+0000] {logging_mixin.py:188} INFO - [2024-05-20T06:33:18.837+0000] {dag.py:3096} INFO - Sync 1 DAGs
[2024-05-20T06:33:18.861+0000] {logging_mixin.py:188} INFO - [2024-05-20T06:33:18.860+0000] {dag.py:3954} INFO - Setting next_dagrun for sample-dag1 to 2024-05-21 00:00:00+00:00, run_after=2024-05-22 00:00:00+00:00
[2024-05-20T06:33:18.885+0000] {processor.py:183} INFO - Processing /opt/airflow/dags/sample-dag1.py took 0.110 seconds
[2024-05-20T06:33:49.132+0000] {processor.py:161} INFO - Started process (PID=674) to work on /opt/airflow/dags/sample-dag1.py
[2024-05-20T06:33:49.133+0000] {processor.py:830} INFO - Processing file /opt/airflow/dags/sample-dag1.py for tasks to queue
[2024-05-20T06:33:49.136+0000] {logging_mixin.py:188} INFO - [2024-05-20T06:33:49.135+0000] {dagbag.py:545} INFO - Filling up the DagBag from /opt/airflow/dags/sample-dag1.py
[2024-05-20T06:33:49.166+0000] {processor.py:840} INFO - DAG(s) 'sample-dag1' retrieved from /opt/airflow/dags/sample-dag1.py
[2024-05-20T06:33:49.197+0000] {logging_mixin.py:188} INFO - [2024-05-20T06:33:49.197+0000] {dag.py:3096} INFO - Sync 1 DAGs
[2024-05-20T06:33:49.218+0000] {logging_mixin.py:188} INFO - [2024-05-20T06:33:49.218+0000] {dag.py:3954} INFO - Setting next_dagrun for sample-dag1 to 2024-05-21 00:00:00+00:00, run_after=2024-05-22 00:00:00+00:00
[2024-05-20T06:33:49.233+0000] {processor.py:183} INFO - Processing /opt/airflow/dags/sample-dag1.py took 0.108 seconds
[2024-05-20T06:34:19.601+0000] {processor.py:161} INFO - Started process (PID=690) to work on /opt/airflow/dags/sample-dag1.py
[2024-05-20T06:34:19.603+0000] {processor.py:830} INFO - Processing file /opt/airflow/dags/sample-dag1.py for tasks to queue
[2024-05-20T06:34:19.606+0000] {logging_mixin.py:188} INFO - [2024-05-20T06:34:19.606+0000] {dagbag.py:545} INFO - Filling up the DagBag from /opt/airflow/dags/sample-dag1.py
[2024-05-20T06:34:19.628+0000] {processor.py:840} INFO - DAG(s) 'sample-dag1' retrieved from /opt/airflow/dags/sample-dag1.py
[2024-05-20T06:34:19.666+0000] {logging_mixin.py:188} INFO - [2024-05-20T06:34:19.666+0000] {dag.py:3096} INFO - Sync 1 DAGs
[2024-05-20T06:34:19.698+0000] {logging_mixin.py:188} INFO - [2024-05-20T06:34:19.698+0000] {dag.py:3954} INFO - Setting next_dagrun for sample-dag1 to 2024-05-21 00:00:00+00:00, run_after=2024-05-22 00:00:00+00:00
[2024-05-20T06:34:19.722+0000] {processor.py:183} INFO - Processing /opt/airflow/dags/sample-dag1.py took 0.137 seconds
[2024-05-20T06:34:50.026+0000] {processor.py:161} INFO - Started process (PID=706) to work on /opt/airflow/dags/sample-dag1.py
[2024-05-20T06:34:50.027+0000] {processor.py:830} INFO - Processing file /opt/airflow/dags/sample-dag1.py for tasks to queue
[2024-05-20T06:34:50.029+0000] {logging_mixin.py:188} INFO - [2024-05-20T06:34:50.029+0000] {dagbag.py:545} INFO - Filling up the DagBag from /opt/airflow/dags/sample-dag1.py
[2024-05-20T06:34:50.042+0000] {processor.py:840} INFO - DAG(s) 'sample-dag1' retrieved from /opt/airflow/dags/sample-dag1.py
[2024-05-20T06:34:50.064+0000] {logging_mixin.py:188} INFO - [2024-05-20T06:34:50.064+0000] {dag.py:3096} INFO - Sync 1 DAGs
[2024-05-20T06:34:50.080+0000] {logging_mixin.py:188} INFO - [2024-05-20T06:34:50.080+0000] {dag.py:3954} INFO - Setting next_dagrun for sample-dag1 to 2024-05-21 00:00:00+00:00, run_after=2024-05-22 00:00:00+00:00
[2024-05-20T06:34:50.092+0000] {processor.py:183} INFO - Processing /opt/airflow/dags/sample-dag1.py took 0.072 seconds
[2024-05-20T06:35:20.390+0000] {processor.py:161} INFO - Started process (PID=728) to work on /opt/airflow/dags/sample-dag1.py
[2024-05-20T06:35:20.393+0000] {processor.py:830} INFO - Processing file /opt/airflow/dags/sample-dag1.py for tasks to queue
[2024-05-20T06:35:20.394+0000] {logging_mixin.py:188} INFO - [2024-05-20T06:35:20.394+0000] {dagbag.py:545} INFO - Filling up the DagBag from /opt/airflow/dags/sample-dag1.py
[2024-05-20T06:35:20.407+0000] {processor.py:840} INFO - DAG(s) 'sample-dag1' retrieved from /opt/airflow/dags/sample-dag1.py
[2024-05-20T06:35:20.434+0000] {logging_mixin.py:188} INFO - [2024-05-20T06:35:20.434+0000] {dag.py:3096} INFO - Sync 1 DAGs
[2024-05-20T06:35:20.459+0000] {logging_mixin.py:188} INFO - [2024-05-20T06:35:20.458+0000] {dag.py:3954} INFO - Setting next_dagrun for sample-dag1 to 2024-05-21 00:00:00+00:00, run_after=2024-05-22 00:00:00+00:00
[2024-05-20T06:35:20.487+0000] {processor.py:183} INFO - Processing /opt/airflow/dags/sample-dag1.py took 0.103 seconds
[2024-05-20T06:35:50.867+0000] {processor.py:161} INFO - Started process (PID=744) to work on /opt/airflow/dags/sample-dag1.py
[2024-05-20T06:35:50.870+0000] {processor.py:830} INFO - Processing file /opt/airflow/dags/sample-dag1.py for tasks to queue
[2024-05-20T06:35:50.873+0000] {logging_mixin.py:188} INFO - [2024-05-20T06:35:50.872+0000] {dagbag.py:545} INFO - Filling up the DagBag from /opt/airflow/dags/sample-dag1.py
[2024-05-20T06:35:50.891+0000] {processor.py:840} INFO - DAG(s) 'sample-dag1' retrieved from /opt/airflow/dags/sample-dag1.py
[2024-05-20T06:35:50.920+0000] {logging_mixin.py:188} INFO - [2024-05-20T06:35:50.920+0000] {dag.py:3096} INFO - Sync 1 DAGs
[2024-05-20T06:35:50.939+0000] {logging_mixin.py:188} INFO - [2024-05-20T06:35:50.939+0000] {dag.py:3954} INFO - Setting next_dagrun for sample-dag1 to 2024-05-21 00:00:00+00:00, run_after=2024-05-22 00:00:00+00:00
[2024-05-20T06:35:50.953+0000] {processor.py:183} INFO - Processing /opt/airflow/dags/sample-dag1.py took 0.095 seconds
[2024-05-20T06:36:21.382+0000] {processor.py:161} INFO - Started process (PID=760) to work on /opt/airflow/dags/sample-dag1.py
[2024-05-20T06:36:21.387+0000] {processor.py:830} INFO - Processing file /opt/airflow/dags/sample-dag1.py for tasks to queue
[2024-05-20T06:36:21.391+0000] {logging_mixin.py:188} INFO - [2024-05-20T06:36:21.390+0000] {dagbag.py:545} INFO - Filling up the DagBag from /opt/airflow/dags/sample-dag1.py
[2024-05-20T06:36:21.410+0000] {processor.py:840} INFO - DAG(s) 'sample-dag1' retrieved from /opt/airflow/dags/sample-dag1.py
[2024-05-20T06:36:21.452+0000] {logging_mixin.py:188} INFO - [2024-05-20T06:36:21.452+0000] {dag.py:3096} INFO - Sync 1 DAGs
[2024-05-20T06:36:21.474+0000] {logging_mixin.py:188} INFO - [2024-05-20T06:36:21.474+0000] {dag.py:3954} INFO - Setting next_dagrun for sample-dag1 to 2024-05-21 00:00:00+00:00, run_after=2024-05-22 00:00:00+00:00
[2024-05-20T06:36:21.491+0000] {processor.py:183} INFO - Processing /opt/airflow/dags/sample-dag1.py took 0.118 seconds
[2024-05-20T06:36:51.864+0000] {processor.py:161} INFO - Started process (PID=776) to work on /opt/airflow/dags/sample-dag1.py
[2024-05-20T06:36:51.866+0000] {processor.py:830} INFO - Processing file /opt/airflow/dags/sample-dag1.py for tasks to queue
[2024-05-20T06:36:51.869+0000] {logging_mixin.py:188} INFO - [2024-05-20T06:36:51.869+0000] {dagbag.py:545} INFO - Filling up the DagBag from /opt/airflow/dags/sample-dag1.py
[2024-05-20T06:36:51.887+0000] {processor.py:840} INFO - DAG(s) 'sample-dag1' retrieved from /opt/airflow/dags/sample-dag1.py
[2024-05-20T06:36:51.912+0000] {logging_mixin.py:188} INFO - [2024-05-20T06:36:51.912+0000] {dag.py:3096} INFO - Sync 1 DAGs
[2024-05-20T06:36:51.930+0000] {logging_mixin.py:188} INFO - [2024-05-20T06:36:51.930+0000] {dag.py:3954} INFO - Setting next_dagrun for sample-dag1 to 2024-05-21 00:00:00+00:00, run_after=2024-05-22 00:00:00+00:00
[2024-05-20T06:36:51.941+0000] {processor.py:183} INFO - Processing /opt/airflow/dags/sample-dag1.py took 0.088 seconds
[2024-05-20T06:37:22.174+0000] {processor.py:161} INFO - Started process (PID=792) to work on /opt/airflow/dags/sample-dag1.py
[2024-05-20T06:37:22.177+0000] {processor.py:830} INFO - Processing file /opt/airflow/dags/sample-dag1.py for tasks to queue
[2024-05-20T06:37:22.179+0000] {logging_mixin.py:188} INFO - [2024-05-20T06:37:22.179+0000] {dagbag.py:545} INFO - Filling up the DagBag from /opt/airflow/dags/sample-dag1.py
[2024-05-20T06:37:22.193+0000] {processor.py:840} INFO - DAG(s) 'sample-dag1' retrieved from /opt/airflow/dags/sample-dag1.py
[2024-05-20T06:37:22.212+0000] {logging_mixin.py:188} INFO - [2024-05-20T06:37:22.212+0000] {dag.py:3096} INFO - Sync 1 DAGs
[2024-05-20T06:37:22.227+0000] {logging_mixin.py:188} INFO - [2024-05-20T06:37:22.227+0000] {dag.py:3954} INFO - Setting next_dagrun for sample-dag1 to 2024-05-21 00:00:00+00:00, run_after=2024-05-22 00:00:00+00:00
[2024-05-20T06:37:22.240+0000] {processor.py:183} INFO - Processing /opt/airflow/dags/sample-dag1.py took 0.075 seconds
[2024-05-20T06:37:52.607+0000] {processor.py:161} INFO - Started process (PID=808) to work on /opt/airflow/dags/sample-dag1.py
[2024-05-20T06:37:52.608+0000] {processor.py:830} INFO - Processing file /opt/airflow/dags/sample-dag1.py for tasks to queue
[2024-05-20T06:37:52.611+0000] {logging_mixin.py:188} INFO - [2024-05-20T06:37:52.611+0000] {dagbag.py:545} INFO - Filling up the DagBag from /opt/airflow/dags/sample-dag1.py
[2024-05-20T06:37:52.632+0000] {processor.py:840} INFO - DAG(s) 'sample-dag1' retrieved from /opt/airflow/dags/sample-dag1.py
[2024-05-20T06:37:52.675+0000] {logging_mixin.py:188} INFO - [2024-05-20T06:37:52.674+0000] {dag.py:3096} INFO - Sync 1 DAGs
[2024-05-20T06:37:52.704+0000] {logging_mixin.py:188} INFO - [2024-05-20T06:37:52.703+0000] {dag.py:3954} INFO - Setting next_dagrun for sample-dag1 to 2024-05-21 00:00:00+00:00, run_after=2024-05-22 00:00:00+00:00
[2024-05-20T06:37:52.718+0000] {processor.py:183} INFO - Processing /opt/airflow/dags/sample-dag1.py took 0.118 seconds
[2024-05-20T06:38:22.885+0000] {processor.py:161} INFO - Started process (PID=824) to work on /opt/airflow/dags/sample-dag1.py
[2024-05-20T06:38:22.887+0000] {processor.py:830} INFO - Processing file /opt/airflow/dags/sample-dag1.py for tasks to queue
[2024-05-20T06:38:22.893+0000] {logging_mixin.py:188} INFO - [2024-05-20T06:38:22.892+0000] {dagbag.py:545} INFO - Filling up the DagBag from /opt/airflow/dags/sample-dag1.py
[2024-05-20T06:38:22.924+0000] {processor.py:840} INFO - DAG(s) 'sample-dag1' retrieved from /opt/airflow/dags/sample-dag1.py
[2024-05-20T06:38:22.983+0000] {logging_mixin.py:188} INFO - [2024-05-20T06:38:22.983+0000] {dag.py:3096} INFO - Sync 1 DAGs
[2024-05-20T06:38:23.022+0000] {logging_mixin.py:188} INFO - [2024-05-20T06:38:23.021+0000] {dag.py:3954} INFO - Setting next_dagrun for sample-dag1 to 2024-05-21 00:00:00+00:00, run_after=2024-05-22 00:00:00+00:00
[2024-05-20T06:38:23.056+0000] {processor.py:183} INFO - Processing /opt/airflow/dags/sample-dag1.py took 0.186 seconds
[2024-05-20T06:38:53.186+0000] {processor.py:161} INFO - Started process (PID=840) to work on /opt/airflow/dags/sample-dag1.py
[2024-05-20T06:38:53.188+0000] {processor.py:830} INFO - Processing file /opt/airflow/dags/sample-dag1.py for tasks to queue
[2024-05-20T06:38:53.192+0000] {logging_mixin.py:188} INFO - [2024-05-20T06:38:53.191+0000] {dagbag.py:545} INFO - Filling up the DagBag from /opt/airflow/dags/sample-dag1.py
[2024-05-20T06:38:53.212+0000] {processor.py:840} INFO - DAG(s) 'sample-dag1' retrieved from /opt/airflow/dags/sample-dag1.py
[2024-05-20T06:38:53.247+0000] {logging_mixin.py:188} INFO - [2024-05-20T06:38:53.247+0000] {dag.py:3096} INFO - Sync 1 DAGs
[2024-05-20T06:38:53.269+0000] {logging_mixin.py:188} INFO - [2024-05-20T06:38:53.269+0000] {dag.py:3954} INFO - Setting next_dagrun for sample-dag1 to 2024-05-21 00:00:00+00:00, run_after=2024-05-22 00:00:00+00:00
[2024-05-20T06:38:53.284+0000] {processor.py:183} INFO - Processing /opt/airflow/dags/sample-dag1.py took 0.108 seconds
[2024-05-20T06:39:23.735+0000] {processor.py:161} INFO - Started process (PID=856) to work on /opt/airflow/dags/sample-dag1.py
[2024-05-20T06:39:23.737+0000] {processor.py:830} INFO - Processing file /opt/airflow/dags/sample-dag1.py for tasks to queue
[2024-05-20T06:39:23.740+0000] {logging_mixin.py:188} INFO - [2024-05-20T06:39:23.739+0000] {dagbag.py:545} INFO - Filling up the DagBag from /opt/airflow/dags/sample-dag1.py
[2024-05-20T06:39:23.757+0000] {processor.py:840} INFO - DAG(s) 'sample-dag1' retrieved from /opt/airflow/dags/sample-dag1.py
[2024-05-20T06:39:23.784+0000] {logging_mixin.py:188} INFO - [2024-05-20T06:39:23.784+0000] {dag.py:3096} INFO - Sync 1 DAGs
[2024-05-20T06:39:23.805+0000] {logging_mixin.py:188} INFO - [2024-05-20T06:39:23.804+0000] {dag.py:3954} INFO - Setting next_dagrun for sample-dag1 to 2024-05-21 00:00:00+00:00, run_after=2024-05-22 00:00:00+00:00
[2024-05-20T06:39:23.819+0000] {processor.py:183} INFO - Processing /opt/airflow/dags/sample-dag1.py took 0.092 seconds
[2024-05-20T06:39:54.179+0000] {processor.py:161} INFO - Started process (PID=872) to work on /opt/airflow/dags/sample-dag1.py
[2024-05-20T06:39:54.181+0000] {processor.py:830} INFO - Processing file /opt/airflow/dags/sample-dag1.py for tasks to queue
[2024-05-20T06:39:54.184+0000] {logging_mixin.py:188} INFO - [2024-05-20T06:39:54.183+0000] {dagbag.py:545} INFO - Filling up the DagBag from /opt/airflow/dags/sample-dag1.py
[2024-05-20T06:39:54.201+0000] {processor.py:840} INFO - DAG(s) 'sample-dag1' retrieved from /opt/airflow/dags/sample-dag1.py
[2024-05-20T06:39:54.222+0000] {logging_mixin.py:188} INFO - [2024-05-20T06:39:54.222+0000] {dag.py:3096} INFO - Sync 1 DAGs
[2024-05-20T06:39:54.239+0000] {logging_mixin.py:188} INFO - [2024-05-20T06:39:54.239+0000] {dag.py:3954} INFO - Setting next_dagrun for sample-dag1 to 2024-05-21 00:00:00+00:00, run_after=2024-05-22 00:00:00+00:00
[2024-05-20T06:39:54.253+0000] {processor.py:183} INFO - Processing /opt/airflow/dags/sample-dag1.py took 0.083 seconds
[2024-05-20T06:40:24.621+0000] {processor.py:161} INFO - Started process (PID=888) to work on /opt/airflow/dags/sample-dag1.py
[2024-05-20T06:40:24.623+0000] {processor.py:830} INFO - Processing file /opt/airflow/dags/sample-dag1.py for tasks to queue
[2024-05-20T06:40:24.627+0000] {logging_mixin.py:188} INFO - [2024-05-20T06:40:24.626+0000] {dagbag.py:545} INFO - Filling up the DagBag from /opt/airflow/dags/sample-dag1.py
[2024-05-20T06:40:24.655+0000] {processor.py:840} INFO - DAG(s) 'sample-dag1' retrieved from /opt/airflow/dags/sample-dag1.py
[2024-05-20T06:40:24.727+0000] {logging_mixin.py:188} INFO - [2024-05-20T06:40:24.727+0000] {dag.py:3096} INFO - Sync 1 DAGs
[2024-05-20T06:40:24.751+0000] {logging_mixin.py:188} INFO - [2024-05-20T06:40:24.751+0000] {dag.py:3954} INFO - Setting next_dagrun for sample-dag1 to 2024-05-21 00:00:00+00:00, run_after=2024-05-22 00:00:00+00:00
[2024-05-20T06:40:24.766+0000] {processor.py:183} INFO - Processing /opt/airflow/dags/sample-dag1.py took 0.153 seconds
[2024-05-20T06:40:55.058+0000] {processor.py:161} INFO - Started process (PID=904) to work on /opt/airflow/dags/sample-dag1.py
[2024-05-20T06:40:55.059+0000] {processor.py:830} INFO - Processing file /opt/airflow/dags/sample-dag1.py for tasks to queue
[2024-05-20T06:40:55.062+0000] {logging_mixin.py:188} INFO - [2024-05-20T06:40:55.062+0000] {dagbag.py:545} INFO - Filling up the DagBag from /opt/airflow/dags/sample-dag1.py
[2024-05-20T06:40:55.079+0000] {processor.py:840} INFO - DAG(s) 'sample-dag1' retrieved from /opt/airflow/dags/sample-dag1.py
[2024-05-20T06:40:55.102+0000] {logging_mixin.py:188} INFO - [2024-05-20T06:40:55.102+0000] {dag.py:3096} INFO - Sync 1 DAGs
[2024-05-20T06:40:55.120+0000] {logging_mixin.py:188} INFO - [2024-05-20T06:40:55.120+0000] {dag.py:3954} INFO - Setting next_dagrun for sample-dag1 to 2024-05-21 00:00:00+00:00, run_after=2024-05-22 00:00:00+00:00
[2024-05-20T06:40:55.133+0000] {processor.py:183} INFO - Processing /opt/airflow/dags/sample-dag1.py took 0.081 seconds
[2024-05-20T06:41:25.507+0000] {processor.py:161} INFO - Started process (PID=920) to work on /opt/airflow/dags/sample-dag1.py
[2024-05-20T06:41:25.509+0000] {processor.py:830} INFO - Processing file /opt/airflow/dags/sample-dag1.py for tasks to queue
[2024-05-20T06:41:25.512+0000] {logging_mixin.py:188} INFO - [2024-05-20T06:41:25.512+0000] {dagbag.py:545} INFO - Filling up the DagBag from /opt/airflow/dags/sample-dag1.py
[2024-05-20T06:41:25.531+0000] {processor.py:840} INFO - DAG(s) 'sample-dag1' retrieved from /opt/airflow/dags/sample-dag1.py
[2024-05-20T06:41:25.557+0000] {logging_mixin.py:188} INFO - [2024-05-20T06:41:25.557+0000] {dag.py:3096} INFO - Sync 1 DAGs
[2024-05-20T06:41:25.577+0000] {logging_mixin.py:188} INFO - [2024-05-20T06:41:25.577+0000] {dag.py:3954} INFO - Setting next_dagrun for sample-dag1 to 2024-05-21 00:00:00+00:00, run_after=2024-05-22 00:00:00+00:00
[2024-05-20T06:41:25.596+0000] {processor.py:183} INFO - Processing /opt/airflow/dags/sample-dag1.py took 0.098 seconds
[2024-05-20T06:41:55.946+0000] {processor.py:161} INFO - Started process (PID=936) to work on /opt/airflow/dags/sample-dag1.py
[2024-05-20T06:41:55.947+0000] {processor.py:830} INFO - Processing file /opt/airflow/dags/sample-dag1.py for tasks to queue
[2024-05-20T06:41:55.956+0000] {logging_mixin.py:188} INFO - [2024-05-20T06:41:55.954+0000] {dagbag.py:545} INFO - Filling up the DagBag from /opt/airflow/dags/sample-dag1.py
[2024-05-20T06:41:55.980+0000] {processor.py:840} INFO - DAG(s) 'sample-dag1' retrieved from /opt/airflow/dags/sample-dag1.py
[2024-05-20T06:41:56.010+0000] {logging_mixin.py:188} INFO - [2024-05-20T06:41:56.010+0000] {dag.py:3096} INFO - Sync 1 DAGs
[2024-05-20T06:41:56.029+0000] {logging_mixin.py:188} INFO - [2024-05-20T06:41:56.028+0000] {dag.py:3954} INFO - Setting next_dagrun for sample-dag1 to 2024-05-21 00:00:00+00:00, run_after=2024-05-22 00:00:00+00:00
[2024-05-20T06:41:56.043+0000] {processor.py:183} INFO - Processing /opt/airflow/dags/sample-dag1.py took 0.103 seconds
[2024-05-20T06:42:26.514+0000] {processor.py:161} INFO - Started process (PID=952) to work on /opt/airflow/dags/sample-dag1.py
[2024-05-20T06:42:26.516+0000] {processor.py:830} INFO - Processing file /opt/airflow/dags/sample-dag1.py for tasks to queue
[2024-05-20T06:42:26.520+0000] {logging_mixin.py:188} INFO - [2024-05-20T06:42:26.519+0000] {dagbag.py:545} INFO - Filling up the DagBag from /opt/airflow/dags/sample-dag1.py
[2024-05-20T06:42:26.544+0000] {processor.py:840} INFO - DAG(s) 'sample-dag1' retrieved from /opt/airflow/dags/sample-dag1.py
[2024-05-20T06:42:26.589+0000] {logging_mixin.py:188} INFO - [2024-05-20T06:42:26.589+0000] {dag.py:3096} INFO - Sync 1 DAGs
[2024-05-20T06:42:26.627+0000] {logging_mixin.py:188} INFO - [2024-05-20T06:42:26.627+0000] {dag.py:3954} INFO - Setting next_dagrun for sample-dag1 to 2024-05-21 00:00:00+00:00, run_after=2024-05-22 00:00:00+00:00
[2024-05-20T06:42:26.651+0000] {processor.py:183} INFO - Processing /opt/airflow/dags/sample-dag1.py took 0.146 seconds
[2024-05-20T06:42:57.000+0000] {processor.py:161} INFO - Started process (PID=968) to work on /opt/airflow/dags/sample-dag1.py
[2024-05-20T06:42:57.002+0000] {processor.py:830} INFO - Processing file /opt/airflow/dags/sample-dag1.py for tasks to queue
[2024-05-20T06:42:57.006+0000] {logging_mixin.py:188} INFO - [2024-05-20T06:42:57.005+0000] {dagbag.py:545} INFO - Filling up the DagBag from /opt/airflow/dags/sample-dag1.py
[2024-05-20T06:42:57.026+0000] {processor.py:840} INFO - DAG(s) 'sample-dag1' retrieved from /opt/airflow/dags/sample-dag1.py
[2024-05-20T06:42:57.073+0000] {logging_mixin.py:188} INFO - [2024-05-20T06:42:57.072+0000] {dag.py:3096} INFO - Sync 1 DAGs
[2024-05-20T06:42:57.098+0000] {logging_mixin.py:188} INFO - [2024-05-20T06:42:57.098+0000] {dag.py:3954} INFO - Setting next_dagrun for sample-dag1 to 2024-05-21 00:00:00+00:00, run_after=2024-05-22 00:00:00+00:00
[2024-05-20T06:42:57.114+0000] {processor.py:183} INFO - Processing /opt/airflow/dags/sample-dag1.py took 0.123 seconds
[2024-05-20T06:43:27.516+0000] {processor.py:161} INFO - Started process (PID=984) to work on /opt/airflow/dags/sample-dag1.py
[2024-05-20T06:43:27.519+0000] {processor.py:830} INFO - Processing file /opt/airflow/dags/sample-dag1.py for tasks to queue
[2024-05-20T06:43:27.522+0000] {logging_mixin.py:188} INFO - [2024-05-20T06:43:27.521+0000] {dagbag.py:545} INFO - Filling up the DagBag from /opt/airflow/dags/sample-dag1.py
[2024-05-20T06:43:27.553+0000] {processor.py:840} INFO - DAG(s) 'sample-dag1' retrieved from /opt/airflow/dags/sample-dag1.py
[2024-05-20T06:43:27.587+0000] {logging_mixin.py:188} INFO - [2024-05-20T06:43:27.587+0000] {dag.py:3096} INFO - Sync 1 DAGs
[2024-05-20T06:43:27.608+0000] {logging_mixin.py:188} INFO - [2024-05-20T06:43:27.608+0000] {dag.py:3954} INFO - Setting next_dagrun for sample-dag1 to 2024-05-21 00:00:00+00:00, run_after=2024-05-22 00:00:00+00:00
[2024-05-20T06:43:27.623+0000] {processor.py:183} INFO - Processing /opt/airflow/dags/sample-dag1.py took 0.116 seconds
[2024-05-20T06:43:57.959+0000] {processor.py:161} INFO - Started process (PID=1000) to work on /opt/airflow/dags/sample-dag1.py
[2024-05-20T06:43:57.961+0000] {processor.py:830} INFO - Processing file /opt/airflow/dags/sample-dag1.py for tasks to queue
[2024-05-20T06:43:57.963+0000] {logging_mixin.py:188} INFO - [2024-05-20T06:43:57.963+0000] {dagbag.py:545} INFO - Filling up the DagBag from /opt/airflow/dags/sample-dag1.py
[2024-05-20T06:43:57.976+0000] {processor.py:840} INFO - DAG(s) 'sample-dag1' retrieved from /opt/airflow/dags/sample-dag1.py
[2024-05-20T06:43:57.996+0000] {logging_mixin.py:188} INFO - [2024-05-20T06:43:57.996+0000] {dag.py:3096} INFO - Sync 1 DAGs
[2024-05-20T06:43:58.011+0000] {logging_mixin.py:188} INFO - [2024-05-20T06:43:58.011+0000] {dag.py:3954} INFO - Setting next_dagrun for sample-dag1 to 2024-05-21 00:00:00+00:00, run_after=2024-05-22 00:00:00+00:00
[2024-05-20T06:43:58.022+0000] {processor.py:183} INFO - Processing /opt/airflow/dags/sample-dag1.py took 0.071 seconds
[2024-05-20T06:44:28.375+0000] {processor.py:161} INFO - Started process (PID=1016) to work on /opt/airflow/dags/sample-dag1.py
[2024-05-20T06:44:28.376+0000] {processor.py:830} INFO - Processing file /opt/airflow/dags/sample-dag1.py for tasks to queue
[2024-05-20T06:44:28.379+0000] {logging_mixin.py:188} INFO - [2024-05-20T06:44:28.378+0000] {dagbag.py:545} INFO - Filling up the DagBag from /opt/airflow/dags/sample-dag1.py
[2024-05-20T06:44:28.391+0000] {processor.py:840} INFO - DAG(s) 'sample-dag1' retrieved from /opt/airflow/dags/sample-dag1.py
[2024-05-20T06:44:28.411+0000] {logging_mixin.py:188} INFO - [2024-05-20T06:44:28.411+0000] {dag.py:3096} INFO - Sync 1 DAGs
[2024-05-20T06:44:28.427+0000] {logging_mixin.py:188} INFO - [2024-05-20T06:44:28.427+0000] {dag.py:3954} INFO - Setting next_dagrun for sample-dag1 to 2024-05-21 00:00:00+00:00, run_after=2024-05-22 00:00:00+00:00
[2024-05-20T06:44:28.439+0000] {processor.py:183} INFO - Processing /opt/airflow/dags/sample-dag1.py took 0.071 seconds
[2024-05-20T06:44:58.786+0000] {processor.py:161} INFO - Started process (PID=1032) to work on /opt/airflow/dags/sample-dag1.py
[2024-05-20T06:44:58.787+0000] {processor.py:830} INFO - Processing file /opt/airflow/dags/sample-dag1.py for tasks to queue
[2024-05-20T06:44:58.789+0000] {logging_mixin.py:188} INFO - [2024-05-20T06:44:58.788+0000] {dagbag.py:545} INFO - Filling up the DagBag from /opt/airflow/dags/sample-dag1.py
[2024-05-20T06:44:58.801+0000] {processor.py:840} INFO - DAG(s) 'sample-dag1' retrieved from /opt/airflow/dags/sample-dag1.py
[2024-05-20T06:44:58.821+0000] {logging_mixin.py:188} INFO - [2024-05-20T06:44:58.820+0000] {dag.py:3096} INFO - Sync 1 DAGs
[2024-05-20T06:44:58.835+0000] {logging_mixin.py:188} INFO - [2024-05-20T06:44:58.835+0000] {dag.py:3954} INFO - Setting next_dagrun for sample-dag1 to 2024-05-21 00:00:00+00:00, run_after=2024-05-22 00:00:00+00:00
[2024-05-20T06:44:58.846+0000] {processor.py:183} INFO - Processing /opt/airflow/dags/sample-dag1.py took 0.067 seconds
[2024-05-20T06:45:29.141+0000] {processor.py:161} INFO - Started process (PID=1047) to work on /opt/airflow/dags/sample-dag1.py
[2024-05-20T06:45:29.142+0000] {processor.py:830} INFO - Processing file /opt/airflow/dags/sample-dag1.py for tasks to queue
[2024-05-20T06:45:29.143+0000] {logging_mixin.py:188} INFO - [2024-05-20T06:45:29.143+0000] {dagbag.py:545} INFO - Filling up the DagBag from /opt/airflow/dags/sample-dag1.py
[2024-05-20T06:45:29.153+0000] {processor.py:840} INFO - DAG(s) 'sample-dag1' retrieved from /opt/airflow/dags/sample-dag1.py
[2024-05-20T06:45:29.170+0000] {logging_mixin.py:188} INFO - [2024-05-20T06:45:29.169+0000] {dag.py:3096} INFO - Sync 1 DAGs
[2024-05-20T06:45:29.185+0000] {logging_mixin.py:188} INFO - [2024-05-20T06:45:29.185+0000] {dag.py:3954} INFO - Setting next_dagrun for sample-dag1 to 2024-05-21 00:00:00+00:00, run_after=2024-05-22 00:00:00+00:00
[2024-05-20T06:45:29.197+0000] {processor.py:183} INFO - Processing /opt/airflow/dags/sample-dag1.py took 0.060 seconds
[2024-05-20T06:46:09.239+0000] {processor.py:161} INFO - Started process (PID=1062) to work on /opt/airflow/dags/sample-dag1.py
[2024-05-20T06:46:09.241+0000] {processor.py:830} INFO - Processing file /opt/airflow/dags/sample-dag1.py for tasks to queue
[2024-05-20T06:46:09.245+0000] {logging_mixin.py:188} INFO - [2024-05-20T06:46:09.245+0000] {dagbag.py:545} INFO - Filling up the DagBag from /opt/airflow/dags/sample-dag1.py
[2024-05-20T06:46:09.265+0000] {processor.py:840} INFO - DAG(s) 'sample-dag1' retrieved from /opt/airflow/dags/sample-dag1.py
[2024-05-20T06:46:09.299+0000] {logging_mixin.py:188} INFO - [2024-05-20T06:46:09.298+0000] {dag.py:3096} INFO - Sync 1 DAGs
[2024-05-20T06:46:09.324+0000] {logging_mixin.py:188} INFO - [2024-05-20T06:46:09.324+0000] {dag.py:3954} INFO - Setting next_dagrun for sample-dag1 to 2024-05-21 00:00:00+00:00, run_after=2024-05-22 00:00:00+00:00
[2024-05-20T06:46:09.340+0000] {processor.py:183} INFO - Processing /opt/airflow/dags/sample-dag1.py took 0.110 seconds
[2024-05-20T06:46:39.580+0000] {processor.py:161} INFO - Started process (PID=1080) to work on /opt/airflow/dags/sample-dag1.py
[2024-05-20T06:46:39.582+0000] {processor.py:830} INFO - Processing file /opt/airflow/dags/sample-dag1.py for tasks to queue
[2024-05-20T06:46:39.584+0000] {logging_mixin.py:188} INFO - [2024-05-20T06:46:39.584+0000] {dagbag.py:545} INFO - Filling up the DagBag from /opt/airflow/dags/sample-dag1.py
[2024-05-20T06:46:39.596+0000] {processor.py:840} INFO - DAG(s) 'sample-dag1' retrieved from /opt/airflow/dags/sample-dag1.py
[2024-05-20T06:46:39.615+0000] {logging_mixin.py:188} INFO - [2024-05-20T06:46:39.615+0000] {dag.py:3096} INFO - Sync 1 DAGs
[2024-05-20T06:46:39.631+0000] {logging_mixin.py:188} INFO - [2024-05-20T06:46:39.631+0000] {dag.py:3954} INFO - Setting next_dagrun for sample-dag1 to 2024-05-21 00:00:00+00:00, run_after=2024-05-22 00:00:00+00:00
[2024-05-20T06:46:39.643+0000] {processor.py:183} INFO - Processing /opt/airflow/dags/sample-dag1.py took 0.074 seconds
[2024-05-20T06:47:09.986+0000] {processor.py:161} INFO - Started process (PID=1096) to work on /opt/airflow/dags/sample-dag1.py
[2024-05-20T06:47:09.988+0000] {processor.py:830} INFO - Processing file /opt/airflow/dags/sample-dag1.py for tasks to queue
[2024-05-20T06:47:09.994+0000] {logging_mixin.py:188} INFO - [2024-05-20T06:47:09.993+0000] {dagbag.py:545} INFO - Filling up the DagBag from /opt/airflow/dags/sample-dag1.py
[2024-05-20T06:47:10.008+0000] {processor.py:840} INFO - DAG(s) 'sample-dag1' retrieved from /opt/airflow/dags/sample-dag1.py
[2024-05-20T06:47:10.032+0000] {logging_mixin.py:188} INFO - [2024-05-20T06:47:10.032+0000] {dag.py:3096} INFO - Sync 1 DAGs
[2024-05-20T06:47:10.051+0000] {logging_mixin.py:188} INFO - [2024-05-20T06:47:10.051+0000] {dag.py:3954} INFO - Setting next_dagrun for sample-dag1 to 2024-05-21 00:00:00+00:00, run_after=2024-05-22 00:00:00+00:00
[2024-05-20T06:47:10.065+0000] {processor.py:183} INFO - Processing /opt/airflow/dags/sample-dag1.py took 0.090 seconds
[2024-05-20T06:47:40.491+0000] {processor.py:161} INFO - Started process (PID=1112) to work on /opt/airflow/dags/sample-dag1.py
[2024-05-20T06:47:40.494+0000] {processor.py:830} INFO - Processing file /opt/airflow/dags/sample-dag1.py for tasks to queue
[2024-05-20T06:47:40.502+0000] {logging_mixin.py:188} INFO - [2024-05-20T06:47:40.501+0000] {dagbag.py:545} INFO - Filling up the DagBag from /opt/airflow/dags/sample-dag1.py
[2024-05-20T06:47:40.527+0000] {processor.py:840} INFO - DAG(s) 'sample-dag1' retrieved from /opt/airflow/dags/sample-dag1.py
[2024-05-20T06:47:40.559+0000] {logging_mixin.py:188} INFO - [2024-05-20T06:47:40.558+0000] {dag.py:3096} INFO - Sync 1 DAGs
[2024-05-20T06:47:40.580+0000] {logging_mixin.py:188} INFO - [2024-05-20T06:47:40.580+0000] {dag.py:3954} INFO - Setting next_dagrun for sample-dag1 to 2024-05-21 00:00:00+00:00, run_after=2024-05-22 00:00:00+00:00
[2024-05-20T06:47:40.594+0000] {processor.py:183} INFO - Processing /opt/airflow/dags/sample-dag1.py took 0.121 seconds
[2024-05-20T06:48:10.860+0000] {processor.py:161} INFO - Started process (PID=1128) to work on /opt/airflow/dags/sample-dag1.py
[2024-05-20T06:48:10.863+0000] {processor.py:830} INFO - Processing file /opt/airflow/dags/sample-dag1.py for tasks to queue
[2024-05-20T06:48:10.867+0000] {logging_mixin.py:188} INFO - [2024-05-20T06:48:10.866+0000] {dagbag.py:545} INFO - Filling up the DagBag from /opt/airflow/dags/sample-dag1.py
[2024-05-20T06:48:10.885+0000] {processor.py:840} INFO - DAG(s) 'sample-dag1' retrieved from /opt/airflow/dags/sample-dag1.py
[2024-05-20T06:48:10.912+0000] {logging_mixin.py:188} INFO - [2024-05-20T06:48:10.912+0000] {dag.py:3096} INFO - Sync 1 DAGs
[2024-05-20T06:48:10.931+0000] {logging_mixin.py:188} INFO - [2024-05-20T06:48:10.930+0000] {dag.py:3954} INFO - Setting next_dagrun for sample-dag1 to 2024-05-21 00:00:00+00:00, run_after=2024-05-22 00:00:00+00:00
[2024-05-20T06:48:10.944+0000] {processor.py:183} INFO - Processing /opt/airflow/dags/sample-dag1.py took 0.091 seconds
[2024-05-20T06:48:41.309+0000] {processor.py:161} INFO - Started process (PID=1145) to work on /opt/airflow/dags/sample-dag1.py
[2024-05-20T06:48:41.311+0000] {processor.py:830} INFO - Processing file /opt/airflow/dags/sample-dag1.py for tasks to queue
[2024-05-20T06:48:41.315+0000] {logging_mixin.py:188} INFO - [2024-05-20T06:48:41.314+0000] {dagbag.py:545} INFO - Filling up the DagBag from /opt/airflow/dags/sample-dag1.py
[2024-05-20T06:48:41.333+0000] {processor.py:840} INFO - DAG(s) 'sample-dag1' retrieved from /opt/airflow/dags/sample-dag1.py
[2024-05-20T06:48:41.357+0000] {logging_mixin.py:188} INFO - [2024-05-20T06:48:41.357+0000] {dag.py:3096} INFO - Sync 1 DAGs
[2024-05-20T06:48:41.375+0000] {logging_mixin.py:188} INFO - [2024-05-20T06:48:41.375+0000] {dag.py:3954} INFO - Setting next_dagrun for sample-dag1 to 2024-05-21 00:00:00+00:00, run_after=2024-05-22 00:00:00+00:00
[2024-05-20T06:48:41.389+0000] {processor.py:183} INFO - Processing /opt/airflow/dags/sample-dag1.py took 0.090 seconds
[2024-05-20T06:49:11.701+0000] {processor.py:161} INFO - Started process (PID=1161) to work on /opt/airflow/dags/sample-dag1.py
[2024-05-20T06:49:11.702+0000] {processor.py:830} INFO - Processing file /opt/airflow/dags/sample-dag1.py for tasks to queue
[2024-05-20T06:49:11.703+0000] {logging_mixin.py:188} INFO - [2024-05-20T06:49:11.703+0000] {dagbag.py:545} INFO - Filling up the DagBag from /opt/airflow/dags/sample-dag1.py
[2024-05-20T06:49:11.715+0000] {processor.py:840} INFO - DAG(s) 'sample-dag1' retrieved from /opt/airflow/dags/sample-dag1.py
[2024-05-20T06:49:11.733+0000] {logging_mixin.py:188} INFO - [2024-05-20T06:49:11.733+0000] {dag.py:3096} INFO - Sync 1 DAGs
[2024-05-20T06:49:11.748+0000] {logging_mixin.py:188} INFO - [2024-05-20T06:49:11.748+0000] {dag.py:3954} INFO - Setting next_dagrun for sample-dag1 to 2024-05-21 00:00:00+00:00, run_after=2024-05-22 00:00:00+00:00
[2024-05-20T06:49:11.760+0000] {processor.py:183} INFO - Processing /opt/airflow/dags/sample-dag1.py took 0.066 seconds
[2024-05-20T06:49:42.117+0000] {processor.py:161} INFO - Started process (PID=1177) to work on /opt/airflow/dags/sample-dag1.py
[2024-05-20T06:49:42.118+0000] {processor.py:830} INFO - Processing file /opt/airflow/dags/sample-dag1.py for tasks to queue
[2024-05-20T06:49:42.119+0000] {logging_mixin.py:188} INFO - [2024-05-20T06:49:42.119+0000] {dagbag.py:545} INFO - Filling up the DagBag from /opt/airflow/dags/sample-dag1.py
[2024-05-20T06:49:42.132+0000] {processor.py:840} INFO - DAG(s) 'sample-dag1' retrieved from /opt/airflow/dags/sample-dag1.py
[2024-05-20T06:49:42.151+0000] {logging_mixin.py:188} INFO - [2024-05-20T06:49:42.151+0000] {dag.py:3096} INFO - Sync 1 DAGs
[2024-05-20T06:49:42.166+0000] {logging_mixin.py:188} INFO - [2024-05-20T06:49:42.166+0000] {dag.py:3954} INFO - Setting next_dagrun for sample-dag1 to 2024-05-21 00:00:00+00:00, run_after=2024-05-22 00:00:00+00:00
[2024-05-20T06:49:42.177+0000] {processor.py:183} INFO - Processing /opt/airflow/dags/sample-dag1.py took 0.068 seconds
[2024-05-20T06:50:12.537+0000] {processor.py:161} INFO - Started process (PID=1193) to work on /opt/airflow/dags/sample-dag1.py
[2024-05-20T06:50:12.539+0000] {processor.py:830} INFO - Processing file /opt/airflow/dags/sample-dag1.py for tasks to queue
[2024-05-20T06:50:12.542+0000] {logging_mixin.py:188} INFO - [2024-05-20T06:50:12.541+0000] {dagbag.py:545} INFO - Filling up the DagBag from /opt/airflow/dags/sample-dag1.py
[2024-05-20T06:50:12.559+0000] {processor.py:840} INFO - DAG(s) 'sample-dag1' retrieved from /opt/airflow/dags/sample-dag1.py
[2024-05-20T06:50:12.587+0000] {logging_mixin.py:188} INFO - [2024-05-20T06:50:12.587+0000] {dag.py:3096} INFO - Sync 1 DAGs
[2024-05-20T06:50:12.608+0000] {logging_mixin.py:188} INFO - [2024-05-20T06:50:12.607+0000] {dag.py:3954} INFO - Setting next_dagrun for sample-dag1 to 2024-05-21 00:00:00+00:00, run_after=2024-05-22 00:00:00+00:00
[2024-05-20T06:50:12.622+0000] {processor.py:183} INFO - Processing /opt/airflow/dags/sample-dag1.py took 0.092 seconds
[2024-05-20T06:50:42.976+0000] {processor.py:161} INFO - Started process (PID=1209) to work on /opt/airflow/dags/sample-dag1.py
[2024-05-20T06:50:42.977+0000] {processor.py:830} INFO - Processing file /opt/airflow/dags/sample-dag1.py for tasks to queue
[2024-05-20T06:50:42.979+0000] {logging_mixin.py:188} INFO - [2024-05-20T06:50:42.979+0000] {dagbag.py:545} INFO - Filling up the DagBag from /opt/airflow/dags/sample-dag1.py
[2024-05-20T06:50:42.994+0000] {processor.py:840} INFO - DAG(s) 'sample-dag1' retrieved from /opt/airflow/dags/sample-dag1.py
[2024-05-20T06:50:43.016+0000] {logging_mixin.py:188} INFO - [2024-05-20T06:50:43.016+0000] {dag.py:3096} INFO - Sync 1 DAGs
[2024-05-20T06:50:43.033+0000] {logging_mixin.py:188} INFO - [2024-05-20T06:50:43.033+0000] {dag.py:3954} INFO - Setting next_dagrun for sample-dag1 to 2024-05-21 00:00:00+00:00, run_after=2024-05-22 00:00:00+00:00
[2024-05-20T06:50:43.046+0000] {processor.py:183} INFO - Processing /opt/airflow/dags/sample-dag1.py took 0.079 seconds
[2024-05-20T06:51:13.423+0000] {processor.py:161} INFO - Started process (PID=1225) to work on /opt/airflow/dags/sample-dag1.py
[2024-05-20T06:51:13.424+0000] {processor.py:830} INFO - Processing file /opt/airflow/dags/sample-dag1.py for tasks to queue
[2024-05-20T06:51:13.427+0000] {logging_mixin.py:188} INFO - [2024-05-20T06:51:13.427+0000] {dagbag.py:545} INFO - Filling up the DagBag from /opt/airflow/dags/sample-dag1.py
[2024-05-20T06:51:13.445+0000] {processor.py:840} INFO - DAG(s) 'sample-dag1' retrieved from /opt/airflow/dags/sample-dag1.py
[2024-05-20T06:51:13.472+0000] {logging_mixin.py:188} INFO - [2024-05-20T06:51:13.471+0000] {dag.py:3096} INFO - Sync 1 DAGs
[2024-05-20T06:51:13.490+0000] {logging_mixin.py:188} INFO - [2024-05-20T06:51:13.490+0000] {dag.py:3954} INFO - Setting next_dagrun for sample-dag1 to 2024-05-21 00:00:00+00:00, run_after=2024-05-22 00:00:00+00:00
[2024-05-20T06:51:13.504+0000] {processor.py:183} INFO - Processing /opt/airflow/dags/sample-dag1.py took 0.089 seconds
[2024-05-20T06:51:43.889+0000] {processor.py:161} INFO - Started process (PID=1241) to work on /opt/airflow/dags/sample-dag1.py
[2024-05-20T06:51:43.890+0000] {processor.py:830} INFO - Processing file /opt/airflow/dags/sample-dag1.py for tasks to queue
[2024-05-20T06:51:43.893+0000] {logging_mixin.py:188} INFO - [2024-05-20T06:51:43.892+0000] {dagbag.py:545} INFO - Filling up the DagBag from /opt/airflow/dags/sample-dag1.py
[2024-05-20T06:51:43.909+0000] {processor.py:840} INFO - DAG(s) 'sample-dag1' retrieved from /opt/airflow/dags/sample-dag1.py
[2024-05-20T06:51:43.936+0000] {logging_mixin.py:188} INFO - [2024-05-20T06:51:43.936+0000] {dag.py:3096} INFO - Sync 1 DAGs
[2024-05-20T06:51:43.957+0000] {logging_mixin.py:188} INFO - [2024-05-20T06:51:43.957+0000] {dag.py:3954} INFO - Setting next_dagrun for sample-dag1 to 2024-05-21 00:00:00+00:00, run_after=2024-05-22 00:00:00+00:00
[2024-05-20T06:51:43.973+0000] {processor.py:183} INFO - Processing /opt/airflow/dags/sample-dag1.py took 0.090 seconds
[2024-05-20T06:52:14.328+0000] {processor.py:161} INFO - Started process (PID=1256) to work on /opt/airflow/dags/sample-dag1.py
[2024-05-20T06:52:14.329+0000] {processor.py:830} INFO - Processing file /opt/airflow/dags/sample-dag1.py for tasks to queue
[2024-05-20T06:52:14.332+0000] {logging_mixin.py:188} INFO - [2024-05-20T06:52:14.332+0000] {dagbag.py:545} INFO - Filling up the DagBag from /opt/airflow/dags/sample-dag1.py
[2024-05-20T06:52:14.349+0000] {processor.py:840} INFO - DAG(s) 'sample-dag1' retrieved from /opt/airflow/dags/sample-dag1.py
[2024-05-20T06:52:14.377+0000] {logging_mixin.py:188} INFO - [2024-05-20T06:52:14.377+0000] {dag.py:3096} INFO - Sync 1 DAGs
[2024-05-20T06:52:14.398+0000] {logging_mixin.py:188} INFO - [2024-05-20T06:52:14.397+0000] {dag.py:3954} INFO - Setting next_dagrun for sample-dag1 to 2024-05-21 00:00:00+00:00, run_after=2024-05-22 00:00:00+00:00
[2024-05-20T06:52:14.413+0000] {processor.py:183} INFO - Processing /opt/airflow/dags/sample-dag1.py took 0.094 seconds
[2024-05-20T06:52:44.728+0000] {processor.py:161} INFO - Started process (PID=1272) to work on /opt/airflow/dags/sample-dag1.py
[2024-05-20T06:52:44.729+0000] {processor.py:830} INFO - Processing file /opt/airflow/dags/sample-dag1.py for tasks to queue
[2024-05-20T06:52:44.732+0000] {logging_mixin.py:188} INFO - [2024-05-20T06:52:44.732+0000] {dagbag.py:545} INFO - Filling up the DagBag from /opt/airflow/dags/sample-dag1.py
[2024-05-20T06:52:44.750+0000] {processor.py:840} INFO - DAG(s) 'sample-dag1' retrieved from /opt/airflow/dags/sample-dag1.py
[2024-05-20T06:52:44.778+0000] {logging_mixin.py:188} INFO - [2024-05-20T06:52:44.778+0000] {dag.py:3096} INFO - Sync 1 DAGs
[2024-05-20T06:52:44.798+0000] {logging_mixin.py:188} INFO - [2024-05-20T06:52:44.798+0000] {dag.py:3954} INFO - Setting next_dagrun for sample-dag1 to 2024-05-21 00:00:00+00:00, run_after=2024-05-22 00:00:00+00:00
[2024-05-20T06:52:44.813+0000] {processor.py:183} INFO - Processing /opt/airflow/dags/sample-dag1.py took 0.094 seconds
[2024-05-20T07:01:23.601+0000] {processor.py:161} INFO - Started process (PID=1285) to work on /opt/airflow/dags/sample-dag1.py
[2024-05-20T07:01:23.603+0000] {processor.py:830} INFO - Processing file /opt/airflow/dags/sample-dag1.py for tasks to queue
[2024-05-20T07:01:23.605+0000] {logging_mixin.py:188} INFO - [2024-05-20T07:01:23.605+0000] {dagbag.py:545} INFO - Filling up the DagBag from /opt/airflow/dags/sample-dag1.py
[2024-05-20T07:01:23.623+0000] {processor.py:840} INFO - DAG(s) 'sample-dag1' retrieved from /opt/airflow/dags/sample-dag1.py
[2024-05-20T07:01:23.651+0000] {logging_mixin.py:188} INFO - [2024-05-20T07:01:23.651+0000] {dag.py:3096} INFO - Sync 1 DAGs
[2024-05-20T07:01:23.672+0000] {logging_mixin.py:188} INFO - [2024-05-20T07:01:23.672+0000] {dag.py:3954} INFO - Setting next_dagrun for sample-dag1 to 2024-05-21 00:00:00+00:00, run_after=2024-05-22 00:00:00+00:00
[2024-05-20T07:01:23.686+0000] {processor.py:183} INFO - Processing /opt/airflow/dags/sample-dag1.py took 0.090 seconds
[2024-05-20T07:02:12.393+0000] {processor.py:161} INFO - Started process (PID=1300) to work on /opt/airflow/dags/sample-dag1.py
[2024-05-20T07:02:12.394+0000] {processor.py:830} INFO - Processing file /opt/airflow/dags/sample-dag1.py for tasks to queue
[2024-05-20T07:02:12.397+0000] {logging_mixin.py:188} INFO - [2024-05-20T07:02:12.396+0000] {dagbag.py:545} INFO - Filling up the DagBag from /opt/airflow/dags/sample-dag1.py
[2024-05-20T07:02:12.414+0000] {processor.py:840} INFO - DAG(s) 'sample-dag1' retrieved from /opt/airflow/dags/sample-dag1.py
[2024-05-20T07:02:12.442+0000] {logging_mixin.py:188} INFO - [2024-05-20T07:02:12.441+0000] {dag.py:3096} INFO - Sync 1 DAGs
[2024-05-20T07:02:12.462+0000] {logging_mixin.py:188} INFO - [2024-05-20T07:02:12.462+0000] {dag.py:3954} INFO - Setting next_dagrun for sample-dag1 to 2024-05-21 00:00:00+00:00, run_after=2024-05-22 00:00:00+00:00
[2024-05-20T07:02:12.476+0000] {processor.py:183} INFO - Processing /opt/airflow/dags/sample-dag1.py took 0.089 seconds
[2024-05-20T07:32:44.286+0000] {processor.py:161} INFO - Started process (PID=1317) to work on /opt/airflow/dags/sample-dag1.py
[2024-05-20T07:32:44.287+0000] {processor.py:830} INFO - Processing file /opt/airflow/dags/sample-dag1.py for tasks to queue
[2024-05-20T07:32:44.289+0000] {logging_mixin.py:188} INFO - [2024-05-20T07:32:44.289+0000] {dagbag.py:545} INFO - Filling up the DagBag from /opt/airflow/dags/sample-dag1.py
[2024-05-20T07:32:44.306+0000] {processor.py:840} INFO - DAG(s) 'sample-dag1' retrieved from /opt/airflow/dags/sample-dag1.py
[2024-05-20T07:32:44.334+0000] {logging_mixin.py:188} INFO - [2024-05-20T07:32:44.333+0000] {dag.py:3096} INFO - Sync 1 DAGs
[2024-05-20T07:32:44.354+0000] {logging_mixin.py:188} INFO - [2024-05-20T07:32:44.354+0000] {dag.py:3954} INFO - Setting next_dagrun for sample-dag1 to 2024-05-21 00:00:00+00:00, run_after=2024-05-22 00:00:00+00:00
[2024-05-20T07:32:44.368+0000] {processor.py:183} INFO - Processing /opt/airflow/dags/sample-dag1.py took 0.089 seconds
[2024-05-20T07:48:13.858+0000] {processor.py:161} INFO - Started process (PID=1332) to work on /opt/airflow/dags/sample-dag1.py
[2024-05-20T07:48:13.860+0000] {processor.py:830} INFO - Processing file /opt/airflow/dags/sample-dag1.py for tasks to queue
[2024-05-20T07:48:13.862+0000] {logging_mixin.py:188} INFO - [2024-05-20T07:48:13.862+0000] {dagbag.py:545} INFO - Filling up the DagBag from /opt/airflow/dags/sample-dag1.py
[2024-05-20T07:48:13.877+0000] {processor.py:840} INFO - DAG(s) 'sample-dag1' retrieved from /opt/airflow/dags/sample-dag1.py
[2024-05-20T07:48:13.902+0000] {logging_mixin.py:188} INFO - [2024-05-20T07:48:13.902+0000] {dag.py:3096} INFO - Sync 1 DAGs
[2024-05-20T07:48:13.921+0000] {logging_mixin.py:188} INFO - [2024-05-20T07:48:13.921+0000] {dag.py:3954} INFO - Setting next_dagrun for sample-dag1 to 2024-05-21 00:00:00+00:00, run_after=2024-05-22 00:00:00+00:00
[2024-05-20T07:48:13.936+0000] {processor.py:183} INFO - Processing /opt/airflow/dags/sample-dag1.py took 0.082 seconds
[2024-05-20T08:53:56.563+0000] {processor.py:161} INFO - Started process (PID=1347) to work on /opt/airflow/dags/sample-dag1.py
[2024-05-20T08:53:56.564+0000] {processor.py:830} INFO - Processing file /opt/airflow/dags/sample-dag1.py for tasks to queue
[2024-05-20T08:53:56.567+0000] {logging_mixin.py:188} INFO - [2024-05-20T08:53:56.567+0000] {dagbag.py:545} INFO - Filling up the DagBag from /opt/airflow/dags/sample-dag1.py
[2024-05-20T08:53:56.581+0000] {processor.py:840} INFO - DAG(s) 'sample-dag1' retrieved from /opt/airflow/dags/sample-dag1.py
[2024-05-20T08:53:56.605+0000] {logging_mixin.py:188} INFO - [2024-05-20T08:53:56.605+0000] {dag.py:3096} INFO - Sync 1 DAGs
[2024-05-20T08:53:56.624+0000] {logging_mixin.py:188} INFO - [2024-05-20T08:53:56.624+0000] {dag.py:3954} INFO - Setting next_dagrun for sample-dag1 to 2024-05-21 00:00:00+00:00, run_after=2024-05-22 00:00:00+00:00
[2024-05-20T08:53:56.637+0000] {processor.py:183} INFO - Processing /opt/airflow/dags/sample-dag1.py took 0.078 seconds
[2024-05-20T09:54:33.138+0000] {processor.py:161} INFO - Started process (PID=1363) to work on /opt/airflow/dags/sample-dag1.py
[2024-05-20T09:54:33.138+0000] {processor.py:830} INFO - Processing file /opt/airflow/dags/sample-dag1.py for tasks to queue
[2024-05-20T09:54:33.140+0000] {logging_mixin.py:188} INFO - [2024-05-20T09:54:33.140+0000] {dagbag.py:545} INFO - Filling up the DagBag from /opt/airflow/dags/sample-dag1.py
[2024-05-20T09:54:33.148+0000] {processor.py:840} INFO - DAG(s) 'sample-dag1' retrieved from /opt/airflow/dags/sample-dag1.py
[2024-05-20T09:54:33.165+0000] {logging_mixin.py:188} INFO - [2024-05-20T09:54:33.165+0000] {dag.py:3096} INFO - Sync 1 DAGs
[2024-05-20T09:54:33.180+0000] {logging_mixin.py:188} INFO - [2024-05-20T09:54:33.180+0000] {dag.py:3954} INFO - Setting next_dagrun for sample-dag1 to 2024-05-21 00:00:00+00:00, run_after=2024-05-22 00:00:00+00:00
[2024-05-20T09:54:33.191+0000] {processor.py:183} INFO - Processing /opt/airflow/dags/sample-dag1.py took 0.057 seconds
[2024-05-20T11:10:06.493+0000] {processor.py:161} INFO - Started process (PID=1378) to work on /opt/airflow/dags/sample-dag1.py
[2024-05-20T11:10:06.494+0000] {processor.py:830} INFO - Processing file /opt/airflow/dags/sample-dag1.py for tasks to queue
[2024-05-20T11:10:06.497+0000] {logging_mixin.py:188} INFO - [2024-05-20T11:10:06.496+0000] {dagbag.py:545} INFO - Filling up the DagBag from /opt/airflow/dags/sample-dag1.py
[2024-05-20T11:10:06.512+0000] {processor.py:840} INFO - DAG(s) 'sample-dag1' retrieved from /opt/airflow/dags/sample-dag1.py
[2024-05-20T11:10:06.535+0000] {logging_mixin.py:188} INFO - [2024-05-20T11:10:06.535+0000] {dag.py:3096} INFO - Sync 1 DAGs
[2024-05-20T11:10:06.553+0000] {logging_mixin.py:188} INFO - [2024-05-20T11:10:06.553+0000] {dag.py:3954} INFO - Setting next_dagrun for sample-dag1 to 2024-05-21 00:00:00+00:00, run_after=2024-05-22 00:00:00+00:00
[2024-05-20T11:10:06.566+0000] {processor.py:183} INFO - Processing /opt/airflow/dags/sample-dag1.py took 0.079 seconds
[2024-05-20T12:10:40.031+0000] {processor.py:161} INFO - Started process (PID=1395) to work on /opt/airflow/dags/sample-dag1.py
[2024-05-20T12:10:40.032+0000] {processor.py:830} INFO - Processing file /opt/airflow/dags/sample-dag1.py for tasks to queue
[2024-05-20T12:10:40.034+0000] {logging_mixin.py:188} INFO - [2024-05-20T12:10:40.034+0000] {dagbag.py:545} INFO - Filling up the DagBag from /opt/airflow/dags/sample-dag1.py
[2024-05-20T12:10:40.050+0000] {processor.py:840} INFO - DAG(s) 'sample-dag1' retrieved from /opt/airflow/dags/sample-dag1.py
[2024-05-20T12:10:40.074+0000] {logging_mixin.py:188} INFO - [2024-05-20T12:10:40.074+0000] {dag.py:3096} INFO - Sync 1 DAGs
[2024-05-20T12:10:40.093+0000] {logging_mixin.py:188} INFO - [2024-05-20T12:10:40.093+0000] {dag.py:3954} INFO - Setting next_dagrun for sample-dag1 to 2024-05-21 00:00:00+00:00, run_after=2024-05-22 00:00:00+00:00
[2024-05-20T12:10:40.106+0000] {processor.py:183} INFO - Processing /opt/airflow/dags/sample-dag1.py took 0.079 seconds
[2024-05-20T13:11:11.148+0000] {processor.py:161} INFO - Started process (PID=1410) to work on /opt/airflow/dags/sample-dag1.py
[2024-05-20T13:11:11.149+0000] {processor.py:830} INFO - Processing file /opt/airflow/dags/sample-dag1.py for tasks to queue
[2024-05-20T13:11:11.151+0000] {logging_mixin.py:188} INFO - [2024-05-20T13:11:11.151+0000] {dagbag.py:545} INFO - Filling up the DagBag from /opt/airflow/dags/sample-dag1.py
[2024-05-20T13:11:11.180+0000] {processor.py:840} INFO - DAG(s) 'sample-dag1' retrieved from /opt/airflow/dags/sample-dag1.py
[2024-05-20T13:11:11.204+0000] {logging_mixin.py:188} INFO - [2024-05-20T13:11:11.204+0000] {dag.py:3096} INFO - Sync 1 DAGs
[2024-05-20T13:11:11.222+0000] {logging_mixin.py:188} INFO - [2024-05-20T13:11:11.222+0000] {dag.py:3954} INFO - Setting next_dagrun for sample-dag1 to 2024-05-21 00:00:00+00:00, run_after=2024-05-22 00:00:00+00:00
[2024-05-20T13:11:11.235+0000] {processor.py:183} INFO - Processing /opt/airflow/dags/sample-dag1.py took 0.092 seconds
[2024-05-20T14:26:44.817+0000] {processor.py:161} INFO - Started process (PID=1427) to work on /opt/airflow/dags/sample-dag1.py
[2024-05-20T14:26:44.818+0000] {processor.py:830} INFO - Processing file /opt/airflow/dags/sample-dag1.py for tasks to queue
[2024-05-20T14:26:44.820+0000] {logging_mixin.py:188} INFO - [2024-05-20T14:26:44.820+0000] {dagbag.py:545} INFO - Filling up the DagBag from /opt/airflow/dags/sample-dag1.py
[2024-05-20T14:26:44.835+0000] {processor.py:840} INFO - DAG(s) 'sample-dag1' retrieved from /opt/airflow/dags/sample-dag1.py
[2024-05-20T14:26:44.867+0000] {logging_mixin.py:188} INFO - [2024-05-20T14:26:44.866+0000] {dag.py:3096} INFO - Sync 1 DAGs
[2024-05-20T14:26:44.908+0000] {logging_mixin.py:188} INFO - [2024-05-20T14:26:44.908+0000] {dag.py:3954} INFO - Setting next_dagrun for sample-dag1 to 2024-05-21 00:00:00+00:00, run_after=2024-05-22 00:00:00+00:00
[2024-05-20T14:26:44.925+0000] {processor.py:183} INFO - Processing /opt/airflow/dags/sample-dag1.py took 0.115 seconds
[2024-05-20T15:42:16.325+0000] {processor.py:161} INFO - Started process (PID=1442) to work on /opt/airflow/dags/sample-dag1.py
[2024-05-20T15:42:16.328+0000] {processor.py:830} INFO - Processing file /opt/airflow/dags/sample-dag1.py for tasks to queue
[2024-05-20T15:42:16.338+0000] {logging_mixin.py:188} INFO - [2024-05-20T15:42:16.336+0000] {dagbag.py:545} INFO - Filling up the DagBag from /opt/airflow/dags/sample-dag1.py
[2024-05-20T15:42:16.362+0000] {processor.py:840} INFO - DAG(s) 'sample-dag1' retrieved from /opt/airflow/dags/sample-dag1.py
[2024-05-20T15:42:16.392+0000] {logging_mixin.py:188} INFO - [2024-05-20T15:42:16.391+0000] {dag.py:3096} INFO - Sync 1 DAGs
[2024-05-20T15:42:16.412+0000] {logging_mixin.py:188} INFO - [2024-05-20T15:42:16.412+0000] {dag.py:3954} INFO - Setting next_dagrun for sample-dag1 to 2024-05-21 00:00:00+00:00, run_after=2024-05-22 00:00:00+00:00
[2024-05-20T15:42:16.426+0000] {processor.py:183} INFO - Processing /opt/airflow/dags/sample-dag1.py took 0.116 seconds
[2024-05-20T16:27:47.843+0000] {processor.py:161} INFO - Started process (PID=1457) to work on /opt/airflow/dags/sample-dag1.py
[2024-05-20T16:27:47.846+0000] {processor.py:830} INFO - Processing file /opt/airflow/dags/sample-dag1.py for tasks to queue
[2024-05-20T16:27:47.851+0000] {logging_mixin.py:188} INFO - [2024-05-20T16:27:47.850+0000] {dagbag.py:545} INFO - Filling up the DagBag from /opt/airflow/dags/sample-dag1.py
[2024-05-20T16:27:47.870+0000] {processor.py:840} INFO - DAG(s) 'sample-dag1' retrieved from /opt/airflow/dags/sample-dag1.py
[2024-05-20T16:27:47.898+0000] {logging_mixin.py:188} INFO - [2024-05-20T16:27:47.898+0000] {dag.py:3096} INFO - Sync 1 DAGs
[2024-05-20T16:27:47.918+0000] {logging_mixin.py:188} INFO - [2024-05-20T16:27:47.918+0000] {dag.py:3954} INFO - Setting next_dagrun for sample-dag1 to 2024-05-21 00:00:00+00:00, run_after=2024-05-22 00:00:00+00:00
[2024-05-20T16:27:47.932+0000] {processor.py:183} INFO - Processing /opt/airflow/dags/sample-dag1.py took 0.098 seconds
[2024-05-20T17:13:37.824+0000] {processor.py:161} INFO - Started process (PID=1473) to work on /opt/airflow/dags/sample-dag1.py
[2024-05-20T17:13:37.828+0000] {processor.py:830} INFO - Processing file /opt/airflow/dags/sample-dag1.py for tasks to queue
[2024-05-20T17:13:37.832+0000] {logging_mixin.py:188} INFO - [2024-05-20T17:13:37.831+0000] {dagbag.py:545} INFO - Filling up the DagBag from /opt/airflow/dags/sample-dag1.py
[2024-05-20T17:13:37.849+0000] {processor.py:840} INFO - DAG(s) 'sample-dag1' retrieved from /opt/airflow/dags/sample-dag1.py
[2024-05-20T17:13:37.890+0000] {logging_mixin.py:188} INFO - [2024-05-20T17:13:37.890+0000] {dag.py:3096} INFO - Sync 1 DAGs
[2024-05-20T17:13:37.910+0000] {logging_mixin.py:188} INFO - [2024-05-20T17:13:37.910+0000] {dag.py:3954} INFO - Setting next_dagrun for sample-dag1 to 2024-05-21 00:00:00+00:00, run_after=2024-05-22 00:00:00+00:00
[2024-05-20T17:13:37.924+0000] {processor.py:183} INFO - Processing /opt/airflow/dags/sample-dag1.py took 0.107 seconds
[2024-05-20T17:59:50.310+0000] {processor.py:161} INFO - Started process (PID=1491) to work on /opt/airflow/dags/sample-dag1.py
[2024-05-20T17:59:50.312+0000] {processor.py:830} INFO - Processing file /opt/airflow/dags/sample-dag1.py for tasks to queue
[2024-05-20T17:59:50.316+0000] {logging_mixin.py:188} INFO - [2024-05-20T17:59:50.316+0000] {dagbag.py:545} INFO - Filling up the DagBag from /opt/airflow/dags/sample-dag1.py
[2024-05-20T17:59:50.335+0000] {processor.py:840} INFO - DAG(s) 'sample-dag1' retrieved from /opt/airflow/dags/sample-dag1.py
[2024-05-20T17:59:50.371+0000] {logging_mixin.py:188} INFO - [2024-05-20T17:59:50.371+0000] {dag.py:3096} INFO - Sync 1 DAGs
[2024-05-20T17:59:50.397+0000] {logging_mixin.py:188} INFO - [2024-05-20T17:59:50.397+0000] {dag.py:3954} INFO - Setting next_dagrun for sample-dag1 to 2024-05-21 00:00:00+00:00, run_after=2024-05-22 00:00:00+00:00
[2024-05-20T17:59:50.413+0000] {processor.py:183} INFO - Processing /opt/airflow/dags/sample-dag1.py took 0.124 seconds
[2024-05-20T18:45:22.033+0000] {processor.py:161} INFO - Started process (PID=1507) to work on /opt/airflow/dags/sample-dag1.py
[2024-05-20T18:45:22.034+0000] {processor.py:830} INFO - Processing file /opt/airflow/dags/sample-dag1.py for tasks to queue
[2024-05-20T18:45:22.037+0000] {logging_mixin.py:188} INFO - [2024-05-20T18:45:22.037+0000] {dagbag.py:545} INFO - Filling up the DagBag from /opt/airflow/dags/sample-dag1.py
[2024-05-20T18:45:22.070+0000] {processor.py:840} INFO - DAG(s) 'sample-dag1' retrieved from /opt/airflow/dags/sample-dag1.py
[2024-05-20T18:45:22.100+0000] {logging_mixin.py:188} INFO - [2024-05-20T18:45:22.099+0000] {dag.py:3096} INFO - Sync 1 DAGs
[2024-05-20T18:45:22.119+0000] {logging_mixin.py:188} INFO - [2024-05-20T18:45:22.119+0000] {dag.py:3954} INFO - Setting next_dagrun for sample-dag1 to 2024-05-21 00:00:00+00:00, run_after=2024-05-22 00:00:00+00:00
[2024-05-20T18:45:22.133+0000] {processor.py:183} INFO - Processing /opt/airflow/dags/sample-dag1.py took 0.106 seconds
[2024-05-20T20:00:55.980+0000] {processor.py:161} INFO - Started process (PID=1523) to work on /opt/airflow/dags/sample-dag1.py
[2024-05-20T20:00:55.981+0000] {processor.py:830} INFO - Processing file /opt/airflow/dags/sample-dag1.py for tasks to queue
[2024-05-20T20:00:55.984+0000] {logging_mixin.py:188} INFO - [2024-05-20T20:00:55.983+0000] {dagbag.py:545} INFO - Filling up the DagBag from /opt/airflow/dags/sample-dag1.py
[2024-05-20T20:00:56.001+0000] {processor.py:840} INFO - DAG(s) 'sample-dag1' retrieved from /opt/airflow/dags/sample-dag1.py
[2024-05-20T20:00:56.028+0000] {logging_mixin.py:188} INFO - [2024-05-20T20:00:56.028+0000] {dag.py:3096} INFO - Sync 1 DAGs
[2024-05-20T20:00:56.049+0000] {logging_mixin.py:188} INFO - [2024-05-20T20:00:56.049+0000] {dag.py:3954} INFO - Setting next_dagrun for sample-dag1 to 2024-05-21 00:00:00+00:00, run_after=2024-05-22 00:00:00+00:00
[2024-05-20T20:00:56.065+0000] {processor.py:183} INFO - Processing /opt/airflow/dags/sample-dag1.py took 0.091 seconds
[2024-05-20T22:45:28.735+0000] {processor.py:161} INFO - Started process (PID=1538) to work on /opt/airflow/dags/sample-dag1.py
[2024-05-20T22:45:28.738+0000] {processor.py:830} INFO - Processing file /opt/airflow/dags/sample-dag1.py for tasks to queue
[2024-05-20T22:45:28.747+0000] {logging_mixin.py:188} INFO - [2024-05-20T22:45:28.746+0000] {dagbag.py:545} INFO - Filling up the DagBag from /opt/airflow/dags/sample-dag1.py
[2024-05-20T22:45:28.770+0000] {processor.py:840} INFO - DAG(s) 'sample-dag1' retrieved from /opt/airflow/dags/sample-dag1.py
[2024-05-20T22:45:28.799+0000] {logging_mixin.py:188} INFO - [2024-05-20T22:45:28.799+0000] {dag.py:3096} INFO - Sync 1 DAGs
[2024-05-20T22:45:28.819+0000] {logging_mixin.py:188} INFO - [2024-05-20T22:45:28.819+0000] {dag.py:3954} INFO - Setting next_dagrun for sample-dag1 to 2024-05-21 00:00:00+00:00, run_after=2024-05-22 00:00:00+00:00
[2024-05-20T22:45:28.834+0000] {processor.py:183} INFO - Processing /opt/airflow/dags/sample-dag1.py took 0.114 seconds
