[2024-05-20T06:34:03.386+0000] {processor.py:161} INFO - Started process (PID=679) to work on /opt/airflow/dags/sample-dag2.py
[2024-05-20T06:34:03.387+0000] {processor.py:830} INFO - Processing file /opt/airflow/dags/sample-dag2.py for tasks to queue
[2024-05-20T06:34:03.404+0000] {logging_mixin.py:188} INFO - [2024-05-20T06:34:03.403+0000] {dagbag.py:545} INFO - Filling up the DagBag from /opt/airflow/dags/sample-dag2.py
[2024-05-20T06:34:03.432+0000] {processor.py:840} INFO - DAG(s) 'sample-dag2' retrieved from /opt/airflow/dags/sample-dag2.py
[2024-05-20T06:34:03.558+0000] {logging_mixin.py:188} INFO - [2024-05-20T06:34:03.557+0000] {override.py:1829} INFO - Created Permission View: can read on DAG:sample-dag2
[2024-05-20T06:34:03.565+0000] {logging_mixin.py:188} INFO - [2024-05-20T06:34:03.565+0000] {override.py:1829} INFO - Created Permission View: can delete on DAG:sample-dag2
[2024-05-20T06:34:03.569+0000] {logging_mixin.py:188} INFO - [2024-05-20T06:34:03.568+0000] {override.py:1829} INFO - Created Permission View: can edit on DAG:sample-dag2
[2024-05-20T06:34:03.569+0000] {logging_mixin.py:188} INFO - [2024-05-20T06:34:03.569+0000] {dag.py:3096} INFO - Sync 1 DAGs
[2024-05-20T06:34:03.579+0000] {logging_mixin.py:188} INFO - [2024-05-20T06:34:03.579+0000] {dag.py:3118} INFO - Creating ORM DAG for sample-dag2
[2024-05-20T06:34:03.589+0000] {logging_mixin.py:188} INFO - [2024-05-20T06:34:03.588+0000] {dag.py:3954} INFO - Setting next_dagrun for sample-dag2 to 2024-05-21 00:00:00+00:00, run_after=2024-05-22 00:00:00+00:00
[2024-05-20T06:34:03.599+0000] {processor.py:183} INFO - Processing /opt/airflow/dags/sample-dag2.py took 0.221 seconds
[2024-05-20T06:34:33.765+0000] {processor.py:161} INFO - Started process (PID=695) to work on /opt/airflow/dags/sample-dag2.py
[2024-05-20T06:34:33.767+0000] {processor.py:830} INFO - Processing file /opt/airflow/dags/sample-dag2.py for tasks to queue
[2024-05-20T06:34:33.769+0000] {logging_mixin.py:188} INFO - [2024-05-20T06:34:33.769+0000] {dagbag.py:545} INFO - Filling up the DagBag from /opt/airflow/dags/sample-dag2.py
[2024-05-20T06:34:33.787+0000] {processor.py:840} INFO - DAG(s) 'sample-dag2' retrieved from /opt/airflow/dags/sample-dag2.py
[2024-05-20T06:34:33.816+0000] {logging_mixin.py:188} INFO - [2024-05-20T06:34:33.815+0000] {dag.py:3096} INFO - Sync 1 DAGs
[2024-05-20T06:34:33.851+0000] {logging_mixin.py:188} INFO - [2024-05-20T06:34:33.851+0000] {dag.py:3954} INFO - Setting next_dagrun for sample-dag2 to 2024-05-21 00:00:00+00:00, run_after=2024-05-22 00:00:00+00:00
[2024-05-20T06:34:33.865+0000] {processor.py:183} INFO - Processing /opt/airflow/dags/sample-dag2.py took 0.109 seconds
[2024-05-20T06:35:04.207+0000] {processor.py:161} INFO - Started process (PID=717) to work on /opt/airflow/dags/sample-dag2.py
[2024-05-20T06:35:04.210+0000] {processor.py:830} INFO - Processing file /opt/airflow/dags/sample-dag2.py for tasks to queue
[2024-05-20T06:35:04.212+0000] {logging_mixin.py:188} INFO - [2024-05-20T06:35:04.212+0000] {dagbag.py:545} INFO - Filling up the DagBag from /opt/airflow/dags/sample-dag2.py
[2024-05-20T06:35:04.230+0000] {processor.py:840} INFO - DAG(s) 'sample-dag2' retrieved from /opt/airflow/dags/sample-dag2.py
[2024-05-20T06:35:04.258+0000] {logging_mixin.py:188} INFO - [2024-05-20T06:35:04.258+0000] {dag.py:3096} INFO - Sync 1 DAGs
[2024-05-20T06:35:04.278+0000] {logging_mixin.py:188} INFO - [2024-05-20T06:35:04.277+0000] {dag.py:3954} INFO - Setting next_dagrun for sample-dag2 to 2024-05-21 00:00:00+00:00, run_after=2024-05-22 00:00:00+00:00
[2024-05-20T06:35:04.292+0000] {processor.py:183} INFO - Processing /opt/airflow/dags/sample-dag2.py took 0.093 seconds
[2024-05-20T06:35:34.643+0000] {processor.py:161} INFO - Started process (PID=733) to work on /opt/airflow/dags/sample-dag2.py
[2024-05-20T06:35:34.645+0000] {processor.py:830} INFO - Processing file /opt/airflow/dags/sample-dag2.py for tasks to queue
[2024-05-20T06:35:34.649+0000] {logging_mixin.py:188} INFO - [2024-05-20T06:35:34.648+0000] {dagbag.py:545} INFO - Filling up the DagBag from /opt/airflow/dags/sample-dag2.py
[2024-05-20T06:35:34.668+0000] {processor.py:840} INFO - DAG(s) 'sample-dag2' retrieved from /opt/airflow/dags/sample-dag2.py
[2024-05-20T06:35:34.699+0000] {logging_mixin.py:188} INFO - [2024-05-20T06:35:34.699+0000] {dag.py:3096} INFO - Sync 1 DAGs
[2024-05-20T06:35:34.721+0000] {logging_mixin.py:188} INFO - [2024-05-20T06:35:34.721+0000] {dag.py:3954} INFO - Setting next_dagrun for sample-dag2 to 2024-05-21 00:00:00+00:00, run_after=2024-05-22 00:00:00+00:00
[2024-05-20T06:35:34.735+0000] {processor.py:183} INFO - Processing /opt/airflow/dags/sample-dag2.py took 0.101 seconds
[2024-05-20T06:36:05.111+0000] {processor.py:161} INFO - Started process (PID=749) to work on /opt/airflow/dags/sample-dag2.py
[2024-05-20T06:36:05.113+0000] {processor.py:830} INFO - Processing file /opt/airflow/dags/sample-dag2.py for tasks to queue
[2024-05-20T06:36:05.116+0000] {logging_mixin.py:188} INFO - [2024-05-20T06:36:05.115+0000] {dagbag.py:545} INFO - Filling up the DagBag from /opt/airflow/dags/sample-dag2.py
[2024-05-20T06:36:05.133+0000] {processor.py:840} INFO - DAG(s) 'sample-dag2' retrieved from /opt/airflow/dags/sample-dag2.py
[2024-05-20T06:36:05.160+0000] {logging_mixin.py:188} INFO - [2024-05-20T06:36:05.160+0000] {dag.py:3096} INFO - Sync 1 DAGs
[2024-05-20T06:36:05.180+0000] {logging_mixin.py:188} INFO - [2024-05-20T06:36:05.180+0000] {dag.py:3954} INFO - Setting next_dagrun for sample-dag2 to 2024-05-21 00:00:00+00:00, run_after=2024-05-22 00:00:00+00:00
[2024-05-20T06:36:05.195+0000] {processor.py:183} INFO - Processing /opt/airflow/dags/sample-dag2.py took 0.092 seconds
[2024-05-20T06:36:35.569+0000] {processor.py:161} INFO - Started process (PID=765) to work on /opt/airflow/dags/sample-dag2.py
[2024-05-20T06:36:35.571+0000] {processor.py:830} INFO - Processing file /opt/airflow/dags/sample-dag2.py for tasks to queue
[2024-05-20T06:36:35.573+0000] {logging_mixin.py:188} INFO - [2024-05-20T06:36:35.572+0000] {dagbag.py:545} INFO - Filling up the DagBag from /opt/airflow/dags/sample-dag2.py
[2024-05-20T06:36:35.585+0000] {processor.py:840} INFO - DAG(s) 'sample-dag2' retrieved from /opt/airflow/dags/sample-dag2.py
[2024-05-20T06:36:35.608+0000] {logging_mixin.py:188} INFO - [2024-05-20T06:36:35.608+0000] {dag.py:3096} INFO - Sync 1 DAGs
[2024-05-20T06:36:35.624+0000] {logging_mixin.py:188} INFO - [2024-05-20T06:36:35.624+0000] {dag.py:3954} INFO - Setting next_dagrun for sample-dag2 to 2024-05-21 00:00:00+00:00, run_after=2024-05-22 00:00:00+00:00
[2024-05-20T06:36:35.638+0000] {processor.py:183} INFO - Processing /opt/airflow/dags/sample-dag2.py took 0.078 seconds
[2024-05-20T06:37:05.997+0000] {processor.py:161} INFO - Started process (PID=781) to work on /opt/airflow/dags/sample-dag2.py
[2024-05-20T06:37:05.999+0000] {processor.py:830} INFO - Processing file /opt/airflow/dags/sample-dag2.py for tasks to queue
[2024-05-20T06:37:06.000+0000] {logging_mixin.py:188} INFO - [2024-05-20T06:37:06.000+0000] {dagbag.py:545} INFO - Filling up the DagBag from /opt/airflow/dags/sample-dag2.py
[2024-05-20T06:37:06.008+0000] {processor.py:840} INFO - DAG(s) 'sample-dag2' retrieved from /opt/airflow/dags/sample-dag2.py
[2024-05-20T06:37:06.032+0000] {logging_mixin.py:188} INFO - [2024-05-20T06:37:06.031+0000] {dag.py:3096} INFO - Sync 1 DAGs
[2024-05-20T06:37:06.060+0000] {logging_mixin.py:188} INFO - [2024-05-20T06:37:06.060+0000] {dag.py:3954} INFO - Setting next_dagrun for sample-dag2 to 2024-05-21 00:00:00+00:00, run_after=2024-05-22 00:00:00+00:00
[2024-05-20T06:37:06.076+0000] {processor.py:183} INFO - Processing /opt/airflow/dags/sample-dag2.py took 0.086 seconds
[2024-05-20T06:37:36.424+0000] {processor.py:161} INFO - Started process (PID=797) to work on /opt/airflow/dags/sample-dag2.py
[2024-05-20T06:37:36.425+0000] {processor.py:830} INFO - Processing file /opt/airflow/dags/sample-dag2.py for tasks to queue
[2024-05-20T06:37:36.427+0000] {logging_mixin.py:188} INFO - [2024-05-20T06:37:36.427+0000] {dagbag.py:545} INFO - Filling up the DagBag from /opt/airflow/dags/sample-dag2.py
[2024-05-20T06:37:36.441+0000] {processor.py:840} INFO - DAG(s) 'sample-dag2' retrieved from /opt/airflow/dags/sample-dag2.py
[2024-05-20T06:37:36.461+0000] {logging_mixin.py:188} INFO - [2024-05-20T06:37:36.461+0000] {dag.py:3096} INFO - Sync 1 DAGs
[2024-05-20T06:37:36.480+0000] {logging_mixin.py:188} INFO - [2024-05-20T06:37:36.480+0000] {dag.py:3954} INFO - Setting next_dagrun for sample-dag2 to 2024-05-21 00:00:00+00:00, run_after=2024-05-22 00:00:00+00:00
[2024-05-20T06:37:36.494+0000] {processor.py:183} INFO - Processing /opt/airflow/dags/sample-dag2.py took 0.078 seconds
[2024-05-20T06:38:06.622+0000] {processor.py:161} INFO - Started process (PID=813) to work on /opt/airflow/dags/sample-dag2.py
[2024-05-20T06:38:06.623+0000] {processor.py:830} INFO - Processing file /opt/airflow/dags/sample-dag2.py for tasks to queue
[2024-05-20T06:38:06.627+0000] {logging_mixin.py:188} INFO - [2024-05-20T06:38:06.626+0000] {dagbag.py:545} INFO - Filling up the DagBag from /opt/airflow/dags/sample-dag2.py
[2024-05-20T06:38:06.644+0000] {processor.py:840} INFO - DAG(s) 'sample-dag2' retrieved from /opt/airflow/dags/sample-dag2.py
[2024-05-20T06:38:06.674+0000] {logging_mixin.py:188} INFO - [2024-05-20T06:38:06.674+0000] {dag.py:3096} INFO - Sync 1 DAGs
[2024-05-20T06:38:06.689+0000] {logging_mixin.py:188} INFO - [2024-05-20T06:38:06.689+0000] {dag.py:3954} INFO - Setting next_dagrun for sample-dag2 to 2024-05-21 00:00:00+00:00, run_after=2024-05-22 00:00:00+00:00
[2024-05-20T06:38:06.702+0000] {processor.py:183} INFO - Processing /opt/airflow/dags/sample-dag2.py took 0.090 seconds
[2024-05-20T06:38:37.030+0000] {processor.py:161} INFO - Started process (PID=829) to work on /opt/airflow/dags/sample-dag2.py
[2024-05-20T06:38:37.031+0000] {processor.py:830} INFO - Processing file /opt/airflow/dags/sample-dag2.py for tasks to queue
[2024-05-20T06:38:37.034+0000] {logging_mixin.py:188} INFO - [2024-05-20T06:38:37.033+0000] {dagbag.py:545} INFO - Filling up the DagBag from /opt/airflow/dags/sample-dag2.py
[2024-05-20T06:38:37.052+0000] {processor.py:840} INFO - DAG(s) 'sample-dag2' retrieved from /opt/airflow/dags/sample-dag2.py
[2024-05-20T06:38:37.104+0000] {logging_mixin.py:188} INFO - [2024-05-20T06:38:37.104+0000] {dag.py:3096} INFO - Sync 1 DAGs
[2024-05-20T06:38:37.126+0000] {logging_mixin.py:188} INFO - [2024-05-20T06:38:37.126+0000] {dag.py:3954} INFO - Setting next_dagrun for sample-dag2 to 2024-05-21 00:00:00+00:00, run_after=2024-05-22 00:00:00+00:00
[2024-05-20T06:38:37.143+0000] {processor.py:183} INFO - Processing /opt/airflow/dags/sample-dag2.py took 0.122 seconds
[2024-05-20T06:39:07.503+0000] {processor.py:161} INFO - Started process (PID=845) to work on /opt/airflow/dags/sample-dag2.py
[2024-05-20T06:39:07.504+0000] {processor.py:830} INFO - Processing file /opt/airflow/dags/sample-dag2.py for tasks to queue
[2024-05-20T06:39:07.505+0000] {logging_mixin.py:188} INFO - [2024-05-20T06:39:07.505+0000] {dagbag.py:545} INFO - Filling up the DagBag from /opt/airflow/dags/sample-dag2.py
[2024-05-20T06:39:07.516+0000] {processor.py:840} INFO - DAG(s) 'sample-dag2' retrieved from /opt/airflow/dags/sample-dag2.py
[2024-05-20T06:39:07.543+0000] {logging_mixin.py:188} INFO - [2024-05-20T06:39:07.543+0000] {dag.py:3096} INFO - Sync 1 DAGs
[2024-05-20T06:39:07.559+0000] {logging_mixin.py:188} INFO - [2024-05-20T06:39:07.559+0000] {dag.py:3954} INFO - Setting next_dagrun for sample-dag2 to 2024-05-21 00:00:00+00:00, run_after=2024-05-22 00:00:00+00:00
[2024-05-20T06:39:07.572+0000] {processor.py:183} INFO - Processing /opt/airflow/dags/sample-dag2.py took 0.075 seconds
[2024-05-20T06:39:37.913+0000] {processor.py:161} INFO - Started process (PID=861) to work on /opt/airflow/dags/sample-dag2.py
[2024-05-20T06:39:37.914+0000] {processor.py:830} INFO - Processing file /opt/airflow/dags/sample-dag2.py for tasks to queue
[2024-05-20T06:39:37.916+0000] {logging_mixin.py:188} INFO - [2024-05-20T06:39:37.916+0000] {dagbag.py:545} INFO - Filling up the DagBag from /opt/airflow/dags/sample-dag2.py
[2024-05-20T06:39:37.929+0000] {processor.py:840} INFO - DAG(s) 'sample-dag2' retrieved from /opt/airflow/dags/sample-dag2.py
[2024-05-20T06:39:37.949+0000] {logging_mixin.py:188} INFO - [2024-05-20T06:39:37.949+0000] {dag.py:3096} INFO - Sync 1 DAGs
[2024-05-20T06:39:37.964+0000] {logging_mixin.py:188} INFO - [2024-05-20T06:39:37.964+0000] {dag.py:3954} INFO - Setting next_dagrun for sample-dag2 to 2024-05-21 00:00:00+00:00, run_after=2024-05-22 00:00:00+00:00
[2024-05-20T06:39:37.976+0000] {processor.py:183} INFO - Processing /opt/airflow/dags/sample-dag2.py took 0.070 seconds
[2024-05-20T06:40:08.360+0000] {processor.py:161} INFO - Started process (PID=877) to work on /opt/airflow/dags/sample-dag2.py
[2024-05-20T06:40:08.362+0000] {processor.py:830} INFO - Processing file /opt/airflow/dags/sample-dag2.py for tasks to queue
[2024-05-20T06:40:08.364+0000] {logging_mixin.py:188} INFO - [2024-05-20T06:40:08.364+0000] {dagbag.py:545} INFO - Filling up the DagBag from /opt/airflow/dags/sample-dag2.py
[2024-05-20T06:40:08.381+0000] {processor.py:840} INFO - DAG(s) 'sample-dag2' retrieved from /opt/airflow/dags/sample-dag2.py
[2024-05-20T06:40:08.405+0000] {logging_mixin.py:188} INFO - [2024-05-20T06:40:08.405+0000] {dag.py:3096} INFO - Sync 1 DAGs
[2024-05-20T06:40:08.423+0000] {logging_mixin.py:188} INFO - [2024-05-20T06:40:08.423+0000] {dag.py:3954} INFO - Setting next_dagrun for sample-dag2 to 2024-05-21 00:00:00+00:00, run_after=2024-05-22 00:00:00+00:00
[2024-05-20T06:40:08.435+0000] {processor.py:183} INFO - Processing /opt/airflow/dags/sample-dag2.py took 0.085 seconds
[2024-05-20T06:40:38.861+0000] {processor.py:161} INFO - Started process (PID=893) to work on /opt/airflow/dags/sample-dag2.py
[2024-05-20T06:40:38.862+0000] {processor.py:830} INFO - Processing file /opt/airflow/dags/sample-dag2.py for tasks to queue
[2024-05-20T06:40:38.866+0000] {logging_mixin.py:188} INFO - [2024-05-20T06:40:38.865+0000] {dagbag.py:545} INFO - Filling up the DagBag from /opt/airflow/dags/sample-dag2.py
[2024-05-20T06:40:38.887+0000] {processor.py:840} INFO - DAG(s) 'sample-dag2' retrieved from /opt/airflow/dags/sample-dag2.py
[2024-05-20T06:40:38.933+0000] {logging_mixin.py:188} INFO - [2024-05-20T06:40:38.933+0000] {dag.py:3096} INFO - Sync 1 DAGs
[2024-05-20T06:40:38.955+0000] {logging_mixin.py:188} INFO - [2024-05-20T06:40:38.955+0000] {dag.py:3954} INFO - Setting next_dagrun for sample-dag2 to 2024-05-21 00:00:00+00:00, run_after=2024-05-22 00:00:00+00:00
[2024-05-20T06:40:38.970+0000] {processor.py:183} INFO - Processing /opt/airflow/dags/sample-dag2.py took 0.119 seconds
[2024-05-20T06:41:09.311+0000] {processor.py:161} INFO - Started process (PID=909) to work on /opt/airflow/dags/sample-dag2.py
[2024-05-20T06:41:09.312+0000] {processor.py:830} INFO - Processing file /opt/airflow/dags/sample-dag2.py for tasks to queue
[2024-05-20T06:41:09.315+0000] {logging_mixin.py:188} INFO - [2024-05-20T06:41:09.315+0000] {dagbag.py:545} INFO - Filling up the DagBag from /opt/airflow/dags/sample-dag2.py
[2024-05-20T06:41:09.330+0000] {processor.py:840} INFO - DAG(s) 'sample-dag2' retrieved from /opt/airflow/dags/sample-dag2.py
[2024-05-20T06:41:09.354+0000] {logging_mixin.py:188} INFO - [2024-05-20T06:41:09.354+0000] {dag.py:3096} INFO - Sync 1 DAGs
[2024-05-20T06:41:09.372+0000] {logging_mixin.py:188} INFO - [2024-05-20T06:41:09.372+0000] {dag.py:3954} INFO - Setting next_dagrun for sample-dag2 to 2024-05-21 00:00:00+00:00, run_after=2024-05-22 00:00:00+00:00
[2024-05-20T06:41:09.385+0000] {processor.py:183} INFO - Processing /opt/airflow/dags/sample-dag2.py took 0.082 seconds
[2024-05-20T06:41:39.765+0000] {processor.py:161} INFO - Started process (PID=925) to work on /opt/airflow/dags/sample-dag2.py
[2024-05-20T06:41:39.766+0000] {processor.py:830} INFO - Processing file /opt/airflow/dags/sample-dag2.py for tasks to queue
[2024-05-20T06:41:39.768+0000] {logging_mixin.py:188} INFO - [2024-05-20T06:41:39.768+0000] {dagbag.py:545} INFO - Filling up the DagBag from /opt/airflow/dags/sample-dag2.py
[2024-05-20T06:41:39.785+0000] {processor.py:840} INFO - DAG(s) 'sample-dag2' retrieved from /opt/airflow/dags/sample-dag2.py
[2024-05-20T06:41:39.832+0000] {logging_mixin.py:188} INFO - [2024-05-20T06:41:39.831+0000] {dag.py:3096} INFO - Sync 1 DAGs
[2024-05-20T06:41:39.853+0000] {logging_mixin.py:188} INFO - [2024-05-20T06:41:39.853+0000] {dag.py:3954} INFO - Setting next_dagrun for sample-dag2 to 2024-05-21 00:00:00+00:00, run_after=2024-05-22 00:00:00+00:00
[2024-05-20T06:41:39.866+0000] {processor.py:183} INFO - Processing /opt/airflow/dags/sample-dag2.py took 0.110 seconds
[2024-05-20T06:42:10.227+0000] {processor.py:161} INFO - Started process (PID=941) to work on /opt/airflow/dags/sample-dag2.py
[2024-05-20T06:42:10.229+0000] {processor.py:830} INFO - Processing file /opt/airflow/dags/sample-dag2.py for tasks to queue
[2024-05-20T06:42:10.232+0000] {logging_mixin.py:188} INFO - [2024-05-20T06:42:10.232+0000] {dagbag.py:545} INFO - Filling up the DagBag from /opt/airflow/dags/sample-dag2.py
[2024-05-20T06:42:10.245+0000] {processor.py:840} INFO - DAG(s) 'sample-dag2' retrieved from /opt/airflow/dags/sample-dag2.py
[2024-05-20T06:42:10.269+0000] {logging_mixin.py:188} INFO - [2024-05-20T06:42:10.269+0000] {dag.py:3096} INFO - Sync 1 DAGs
[2024-05-20T06:42:10.288+0000] {logging_mixin.py:188} INFO - [2024-05-20T06:42:10.288+0000] {dag.py:3954} INFO - Setting next_dagrun for sample-dag2 to 2024-05-21 00:00:00+00:00, run_after=2024-05-22 00:00:00+00:00
[2024-05-20T06:42:10.302+0000] {processor.py:183} INFO - Processing /opt/airflow/dags/sample-dag2.py took 0.084 seconds
[2024-05-20T06:42:40.727+0000] {processor.py:161} INFO - Started process (PID=957) to work on /opt/airflow/dags/sample-dag2.py
[2024-05-20T06:42:40.729+0000] {processor.py:830} INFO - Processing file /opt/airflow/dags/sample-dag2.py for tasks to queue
[2024-05-20T06:42:40.732+0000] {logging_mixin.py:188} INFO - [2024-05-20T06:42:40.732+0000] {dagbag.py:545} INFO - Filling up the DagBag from /opt/airflow/dags/sample-dag2.py
[2024-05-20T06:42:40.752+0000] {processor.py:840} INFO - DAG(s) 'sample-dag2' retrieved from /opt/airflow/dags/sample-dag2.py
[2024-05-20T06:42:40.783+0000] {logging_mixin.py:188} INFO - [2024-05-20T06:42:40.782+0000] {dag.py:3096} INFO - Sync 1 DAGs
[2024-05-20T06:42:40.803+0000] {logging_mixin.py:188} INFO - [2024-05-20T06:42:40.803+0000] {dag.py:3954} INFO - Setting next_dagrun for sample-dag2 to 2024-05-21 00:00:00+00:00, run_after=2024-05-22 00:00:00+00:00
[2024-05-20T06:42:40.817+0000] {processor.py:183} INFO - Processing /opt/airflow/dags/sample-dag2.py took 0.100 seconds
[2024-05-20T06:43:11.185+0000] {processor.py:161} INFO - Started process (PID=973) to work on /opt/airflow/dags/sample-dag2.py
[2024-05-20T06:43:11.188+0000] {processor.py:830} INFO - Processing file /opt/airflow/dags/sample-dag2.py for tasks to queue
[2024-05-20T06:43:11.191+0000] {logging_mixin.py:188} INFO - [2024-05-20T06:43:11.191+0000] {dagbag.py:545} INFO - Filling up the DagBag from /opt/airflow/dags/sample-dag2.py
[2024-05-20T06:43:11.210+0000] {processor.py:840} INFO - DAG(s) 'sample-dag2' retrieved from /opt/airflow/dags/sample-dag2.py
[2024-05-20T06:43:11.240+0000] {logging_mixin.py:188} INFO - [2024-05-20T06:43:11.239+0000] {dag.py:3096} INFO - Sync 1 DAGs
[2024-05-20T06:43:11.262+0000] {logging_mixin.py:188} INFO - [2024-05-20T06:43:11.262+0000] {dag.py:3954} INFO - Setting next_dagrun for sample-dag2 to 2024-05-21 00:00:00+00:00, run_after=2024-05-22 00:00:00+00:00
[2024-05-20T06:43:11.277+0000] {processor.py:183} INFO - Processing /opt/airflow/dags/sample-dag2.py took 0.102 seconds
[2024-05-20T06:43:41.718+0000] {processor.py:161} INFO - Started process (PID=989) to work on /opt/airflow/dags/sample-dag2.py
[2024-05-20T06:43:41.720+0000] {processor.py:830} INFO - Processing file /opt/airflow/dags/sample-dag2.py for tasks to queue
[2024-05-20T06:43:41.724+0000] {logging_mixin.py:188} INFO - [2024-05-20T06:43:41.723+0000] {dagbag.py:545} INFO - Filling up the DagBag from /opt/airflow/dags/sample-dag2.py
[2024-05-20T06:43:41.752+0000] {processor.py:840} INFO - DAG(s) 'sample-dag2' retrieved from /opt/airflow/dags/sample-dag2.py
[2024-05-20T06:43:41.788+0000] {logging_mixin.py:188} INFO - [2024-05-20T06:43:41.788+0000] {dag.py:3096} INFO - Sync 1 DAGs
[2024-05-20T06:43:41.811+0000] {logging_mixin.py:188} INFO - [2024-05-20T06:43:41.810+0000] {dag.py:3954} INFO - Setting next_dagrun for sample-dag2 to 2024-05-21 00:00:00+00:00, run_after=2024-05-22 00:00:00+00:00
[2024-05-20T06:43:41.825+0000] {processor.py:183} INFO - Processing /opt/airflow/dags/sample-dag2.py took 0.115 seconds
[2024-05-20T06:44:12.194+0000] {processor.py:161} INFO - Started process (PID=1005) to work on /opt/airflow/dags/sample-dag2.py
[2024-05-20T06:44:12.195+0000] {processor.py:830} INFO - Processing file /opt/airflow/dags/sample-dag2.py for tasks to queue
[2024-05-20T06:44:12.198+0000] {logging_mixin.py:188} INFO - [2024-05-20T06:44:12.198+0000] {dagbag.py:545} INFO - Filling up the DagBag from /opt/airflow/dags/sample-dag2.py
[2024-05-20T06:44:12.219+0000] {processor.py:840} INFO - DAG(s) 'sample-dag2' retrieved from /opt/airflow/dags/sample-dag2.py
[2024-05-20T06:44:12.254+0000] {logging_mixin.py:188} INFO - [2024-05-20T06:44:12.253+0000] {dag.py:3096} INFO - Sync 1 DAGs
[2024-05-20T06:44:12.276+0000] {logging_mixin.py:188} INFO - [2024-05-20T06:44:12.275+0000] {dag.py:3954} INFO - Setting next_dagrun for sample-dag2 to 2024-05-21 00:00:00+00:00, run_after=2024-05-22 00:00:00+00:00
[2024-05-20T06:44:12.291+0000] {processor.py:183} INFO - Processing /opt/airflow/dags/sample-dag2.py took 0.106 seconds
[2024-05-20T06:44:42.623+0000] {processor.py:161} INFO - Started process (PID=1021) to work on /opt/airflow/dags/sample-dag2.py
[2024-05-20T06:44:42.624+0000] {processor.py:830} INFO - Processing file /opt/airflow/dags/sample-dag2.py for tasks to queue
[2024-05-20T06:44:42.627+0000] {logging_mixin.py:188} INFO - [2024-05-20T06:44:42.626+0000] {dagbag.py:545} INFO - Filling up the DagBag from /opt/airflow/dags/sample-dag2.py
[2024-05-20T06:44:42.644+0000] {processor.py:840} INFO - DAG(s) 'sample-dag2' retrieved from /opt/airflow/dags/sample-dag2.py
[2024-05-20T06:44:42.673+0000] {logging_mixin.py:188} INFO - [2024-05-20T06:44:42.673+0000] {dag.py:3096} INFO - Sync 1 DAGs
[2024-05-20T06:44:42.693+0000] {logging_mixin.py:188} INFO - [2024-05-20T06:44:42.693+0000] {dag.py:3954} INFO - Setting next_dagrun for sample-dag2 to 2024-05-21 00:00:00+00:00, run_after=2024-05-22 00:00:00+00:00
[2024-05-20T06:44:42.706+0000] {processor.py:183} INFO - Processing /opt/airflow/dags/sample-dag2.py took 0.092 seconds
[2024-05-20T06:45:12.938+0000] {processor.py:161} INFO - Started process (PID=1037) to work on /opt/airflow/dags/sample-dag2.py
[2024-05-20T06:45:12.940+0000] {processor.py:830} INFO - Processing file /opt/airflow/dags/sample-dag2.py for tasks to queue
[2024-05-20T06:45:12.942+0000] {logging_mixin.py:188} INFO - [2024-05-20T06:45:12.941+0000] {dagbag.py:545} INFO - Filling up the DagBag from /opt/airflow/dags/sample-dag2.py
[2024-05-20T06:45:12.954+0000] {processor.py:840} INFO - DAG(s) 'sample-dag2' retrieved from /opt/airflow/dags/sample-dag2.py
[2024-05-20T06:45:12.974+0000] {logging_mixin.py:188} INFO - [2024-05-20T06:45:12.974+0000] {dag.py:3096} INFO - Sync 1 DAGs
[2024-05-20T06:45:12.988+0000] {logging_mixin.py:188} INFO - [2024-05-20T06:45:12.988+0000] {dag.py:3954} INFO - Setting next_dagrun for sample-dag2 to 2024-05-21 00:00:00+00:00, run_after=2024-05-22 00:00:00+00:00
[2024-05-20T06:45:13.000+0000] {processor.py:183} INFO - Processing /opt/airflow/dags/sample-dag2.py took 0.068 seconds
[2024-05-20T06:45:43.322+0000] {processor.py:161} INFO - Started process (PID=1052) to work on /opt/airflow/dags/sample-dag2.py
[2024-05-20T06:45:43.323+0000] {processor.py:830} INFO - Processing file /opt/airflow/dags/sample-dag2.py for tasks to queue
[2024-05-20T06:45:43.326+0000] {logging_mixin.py:188} INFO - [2024-05-20T06:45:43.325+0000] {dagbag.py:545} INFO - Filling up the DagBag from /opt/airflow/dags/sample-dag2.py
[2024-05-20T06:45:43.342+0000] {processor.py:840} INFO - DAG(s) 'sample-dag2' retrieved from /opt/airflow/dags/sample-dag2.py
[2024-05-20T06:45:43.367+0000] {logging_mixin.py:188} INFO - [2024-05-20T06:45:43.367+0000] {dag.py:3096} INFO - Sync 1 DAGs
[2024-05-20T06:45:43.387+0000] {logging_mixin.py:188} INFO - [2024-05-20T06:45:43.387+0000] {dag.py:3954} INFO - Setting next_dagrun for sample-dag2 to 2024-05-21 00:00:00+00:00, run_after=2024-05-22 00:00:00+00:00
[2024-05-20T06:45:43.400+0000] {processor.py:183} INFO - Processing /opt/airflow/dags/sample-dag2.py took 0.086 seconds
[2024-05-20T06:46:14.283+0000] {processor.py:161} INFO - Started process (PID=1067) to work on /opt/airflow/dags/sample-dag2.py
[2024-05-20T06:46:14.283+0000] {processor.py:830} INFO - Processing file /opt/airflow/dags/sample-dag2.py for tasks to queue
[2024-05-20T06:46:14.285+0000] {logging_mixin.py:188} INFO - [2024-05-20T06:46:14.284+0000] {dagbag.py:545} INFO - Filling up the DagBag from /opt/airflow/dags/sample-dag2.py
[2024-05-20T06:46:14.293+0000] {processor.py:840} INFO - DAG(s) 'sample-dag2' retrieved from /opt/airflow/dags/sample-dag2.py
[2024-05-20T06:46:14.309+0000] {logging_mixin.py:188} INFO - [2024-05-20T06:46:14.309+0000] {dag.py:3096} INFO - Sync 1 DAGs
[2024-05-20T06:46:14.325+0000] {logging_mixin.py:188} INFO - [2024-05-20T06:46:14.325+0000] {dag.py:3954} INFO - Setting next_dagrun for sample-dag2 to 2024-05-21 00:00:00+00:00, run_after=2024-05-22 00:00:00+00:00
[2024-05-20T06:46:14.337+0000] {processor.py:183} INFO - Processing /opt/airflow/dags/sample-dag2.py took 0.058 seconds
[2024-05-20T06:46:44.689+0000] {processor.py:161} INFO - Started process (PID=1085) to work on /opt/airflow/dags/sample-dag2.py
[2024-05-20T06:46:44.691+0000] {processor.py:830} INFO - Processing file /opt/airflow/dags/sample-dag2.py for tasks to queue
[2024-05-20T06:46:44.694+0000] {logging_mixin.py:188} INFO - [2024-05-20T06:46:44.693+0000] {dagbag.py:545} INFO - Filling up the DagBag from /opt/airflow/dags/sample-dag2.py
[2024-05-20T06:46:44.712+0000] {processor.py:840} INFO - DAG(s) 'sample-dag2' retrieved from /opt/airflow/dags/sample-dag2.py
[2024-05-20T06:46:44.735+0000] {logging_mixin.py:188} INFO - [2024-05-20T06:46:44.735+0000] {dag.py:3096} INFO - Sync 1 DAGs
[2024-05-20T06:46:44.751+0000] {logging_mixin.py:188} INFO - [2024-05-20T06:46:44.751+0000] {dag.py:3954} INFO - Setting next_dagrun for sample-dag2 to 2024-05-21 00:00:00+00:00, run_after=2024-05-22 00:00:00+00:00
[2024-05-20T06:46:44.763+0000] {processor.py:183} INFO - Processing /opt/airflow/dags/sample-dag2.py took 0.084 seconds
[2024-05-20T06:47:15.092+0000] {processor.py:161} INFO - Started process (PID=1101) to work on /opt/airflow/dags/sample-dag2.py
[2024-05-20T06:47:15.093+0000] {processor.py:830} INFO - Processing file /opt/airflow/dags/sample-dag2.py for tasks to queue
[2024-05-20T06:47:15.095+0000] {logging_mixin.py:188} INFO - [2024-05-20T06:47:15.095+0000] {dagbag.py:545} INFO - Filling up the DagBag from /opt/airflow/dags/sample-dag2.py
[2024-05-20T06:47:15.108+0000] {processor.py:840} INFO - DAG(s) 'sample-dag2' retrieved from /opt/airflow/dags/sample-dag2.py
[2024-05-20T06:47:15.129+0000] {logging_mixin.py:188} INFO - [2024-05-20T06:47:15.129+0000] {dag.py:3096} INFO - Sync 1 DAGs
[2024-05-20T06:47:15.144+0000] {logging_mixin.py:188} INFO - [2024-05-20T06:47:15.144+0000] {dag.py:3954} INFO - Setting next_dagrun for sample-dag2 to 2024-05-21 00:00:00+00:00, run_after=2024-05-22 00:00:00+00:00
[2024-05-20T06:47:15.156+0000] {processor.py:183} INFO - Processing /opt/airflow/dags/sample-dag2.py took 0.072 seconds
[2024-05-20T06:47:45.570+0000] {processor.py:161} INFO - Started process (PID=1117) to work on /opt/airflow/dags/sample-dag2.py
[2024-05-20T06:47:45.572+0000] {processor.py:830} INFO - Processing file /opt/airflow/dags/sample-dag2.py for tasks to queue
[2024-05-20T06:47:45.574+0000] {logging_mixin.py:188} INFO - [2024-05-20T06:47:45.573+0000] {dagbag.py:545} INFO - Filling up the DagBag from /opt/airflow/dags/sample-dag2.py
[2024-05-20T06:47:45.587+0000] {processor.py:840} INFO - DAG(s) 'sample-dag2' retrieved from /opt/airflow/dags/sample-dag2.py
[2024-05-20T06:47:45.610+0000] {logging_mixin.py:188} INFO - [2024-05-20T06:47:45.609+0000] {dag.py:3096} INFO - Sync 1 DAGs
[2024-05-20T06:47:45.624+0000] {logging_mixin.py:188} INFO - [2024-05-20T06:47:45.624+0000] {dag.py:3954} INFO - Setting next_dagrun for sample-dag2 to 2024-05-21 00:00:00+00:00, run_after=2024-05-22 00:00:00+00:00
[2024-05-20T06:47:45.635+0000] {processor.py:183} INFO - Processing /opt/airflow/dags/sample-dag2.py took 0.072 seconds
[2024-05-20T06:48:15.931+0000] {processor.py:161} INFO - Started process (PID=1133) to work on /opt/airflow/dags/sample-dag2.py
[2024-05-20T06:48:15.933+0000] {processor.py:830} INFO - Processing file /opt/airflow/dags/sample-dag2.py for tasks to queue
[2024-05-20T06:48:15.935+0000] {logging_mixin.py:188} INFO - [2024-05-20T06:48:15.935+0000] {dagbag.py:545} INFO - Filling up the DagBag from /opt/airflow/dags/sample-dag2.py
[2024-05-20T06:48:15.950+0000] {processor.py:840} INFO - DAG(s) 'sample-dag2' retrieved from /opt/airflow/dags/sample-dag2.py
[2024-05-20T06:48:15.975+0000] {logging_mixin.py:188} INFO - [2024-05-20T06:48:15.975+0000] {dag.py:3096} INFO - Sync 1 DAGs
[2024-05-20T06:48:15.993+0000] {logging_mixin.py:188} INFO - [2024-05-20T06:48:15.992+0000] {dag.py:3954} INFO - Setting next_dagrun for sample-dag2 to 2024-05-21 00:00:00+00:00, run_after=2024-05-22 00:00:00+00:00
[2024-05-20T06:48:16.006+0000] {processor.py:183} INFO - Processing /opt/airflow/dags/sample-dag2.py took 0.082 seconds
[2024-05-20T06:48:46.389+0000] {processor.py:161} INFO - Started process (PID=1150) to work on /opt/airflow/dags/sample-dag2.py
[2024-05-20T06:48:46.390+0000] {processor.py:830} INFO - Processing file /opt/airflow/dags/sample-dag2.py for tasks to queue
[2024-05-20T06:48:46.392+0000] {logging_mixin.py:188} INFO - [2024-05-20T06:48:46.392+0000] {dagbag.py:545} INFO - Filling up the DagBag from /opt/airflow/dags/sample-dag2.py
[2024-05-20T06:48:46.406+0000] {processor.py:840} INFO - DAG(s) 'sample-dag2' retrieved from /opt/airflow/dags/sample-dag2.py
[2024-05-20T06:48:46.426+0000] {logging_mixin.py:188} INFO - [2024-05-20T06:48:46.425+0000] {dag.py:3096} INFO - Sync 1 DAGs
[2024-05-20T06:48:46.440+0000] {logging_mixin.py:188} INFO - [2024-05-20T06:48:46.440+0000] {dag.py:3954} INFO - Setting next_dagrun for sample-dag2 to 2024-05-21 00:00:00+00:00, run_after=2024-05-22 00:00:00+00:00
[2024-05-20T06:48:46.453+0000] {processor.py:183} INFO - Processing /opt/airflow/dags/sample-dag2.py took 0.073 seconds
[2024-05-20T06:49:16.758+0000] {processor.py:161} INFO - Started process (PID=1166) to work on /opt/airflow/dags/sample-dag2.py
[2024-05-20T06:49:16.759+0000] {processor.py:830} INFO - Processing file /opt/airflow/dags/sample-dag2.py for tasks to queue
[2024-05-20T06:49:16.761+0000] {logging_mixin.py:188} INFO - [2024-05-20T06:49:16.761+0000] {dagbag.py:545} INFO - Filling up the DagBag from /opt/airflow/dags/sample-dag2.py
[2024-05-20T06:49:16.773+0000] {processor.py:840} INFO - DAG(s) 'sample-dag2' retrieved from /opt/airflow/dags/sample-dag2.py
[2024-05-20T06:49:16.791+0000] {logging_mixin.py:188} INFO - [2024-05-20T06:49:16.791+0000] {dag.py:3096} INFO - Sync 1 DAGs
[2024-05-20T06:49:16.806+0000] {logging_mixin.py:188} INFO - [2024-05-20T06:49:16.806+0000] {dag.py:3954} INFO - Setting next_dagrun for sample-dag2 to 2024-05-21 00:00:00+00:00, run_after=2024-05-22 00:00:00+00:00
[2024-05-20T06:49:16.818+0000] {processor.py:183} INFO - Processing /opt/airflow/dags/sample-dag2.py took 0.066 seconds
[2024-05-20T06:49:47.206+0000] {processor.py:161} INFO - Started process (PID=1182) to work on /opt/airflow/dags/sample-dag2.py
[2024-05-20T06:49:47.208+0000] {processor.py:830} INFO - Processing file /opt/airflow/dags/sample-dag2.py for tasks to queue
[2024-05-20T06:49:47.210+0000] {logging_mixin.py:188} INFO - [2024-05-20T06:49:47.209+0000] {dagbag.py:545} INFO - Filling up the DagBag from /opt/airflow/dags/sample-dag2.py
[2024-05-20T06:49:47.223+0000] {processor.py:840} INFO - DAG(s) 'sample-dag2' retrieved from /opt/airflow/dags/sample-dag2.py
[2024-05-20T06:49:47.242+0000] {logging_mixin.py:188} INFO - [2024-05-20T06:49:47.242+0000] {dag.py:3096} INFO - Sync 1 DAGs
[2024-05-20T06:49:47.256+0000] {logging_mixin.py:188} INFO - [2024-05-20T06:49:47.256+0000] {dag.py:3954} INFO - Setting next_dagrun for sample-dag2 to 2024-05-21 00:00:00+00:00, run_after=2024-05-22 00:00:00+00:00
[2024-05-20T06:49:47.268+0000] {processor.py:183} INFO - Processing /opt/airflow/dags/sample-dag2.py took 0.068 seconds
[2024-05-20T06:50:17.620+0000] {processor.py:161} INFO - Started process (PID=1198) to work on /opt/airflow/dags/sample-dag2.py
[2024-05-20T06:50:17.621+0000] {processor.py:830} INFO - Processing file /opt/airflow/dags/sample-dag2.py for tasks to queue
[2024-05-20T06:50:17.623+0000] {logging_mixin.py:188} INFO - [2024-05-20T06:50:17.623+0000] {dagbag.py:545} INFO - Filling up the DagBag from /opt/airflow/dags/sample-dag2.py
[2024-05-20T06:50:17.637+0000] {processor.py:840} INFO - DAG(s) 'sample-dag2' retrieved from /opt/airflow/dags/sample-dag2.py
[2024-05-20T06:50:17.657+0000] {logging_mixin.py:188} INFO - [2024-05-20T06:50:17.657+0000] {dag.py:3096} INFO - Sync 1 DAGs
[2024-05-20T06:50:17.672+0000] {logging_mixin.py:188} INFO - [2024-05-20T06:50:17.672+0000] {dag.py:3954} INFO - Setting next_dagrun for sample-dag2 to 2024-05-21 00:00:00+00:00, run_after=2024-05-22 00:00:00+00:00
[2024-05-20T06:50:17.683+0000] {processor.py:183} INFO - Processing /opt/airflow/dags/sample-dag2.py took 0.071 seconds
[2024-05-20T06:50:48.052+0000] {processor.py:161} INFO - Started process (PID=1214) to work on /opt/airflow/dags/sample-dag2.py
[2024-05-20T06:50:48.053+0000] {processor.py:830} INFO - Processing file /opt/airflow/dags/sample-dag2.py for tasks to queue
[2024-05-20T06:50:48.055+0000] {logging_mixin.py:188} INFO - [2024-05-20T06:50:48.055+0000] {dagbag.py:545} INFO - Filling up the DagBag from /opt/airflow/dags/sample-dag2.py
[2024-05-20T06:50:48.067+0000] {processor.py:840} INFO - DAG(s) 'sample-dag2' retrieved from /opt/airflow/dags/sample-dag2.py
[2024-05-20T06:50:48.087+0000] {logging_mixin.py:188} INFO - [2024-05-20T06:50:48.087+0000] {dag.py:3096} INFO - Sync 1 DAGs
[2024-05-20T06:50:48.101+0000] {logging_mixin.py:188} INFO - [2024-05-20T06:50:48.101+0000] {dag.py:3954} INFO - Setting next_dagrun for sample-dag2 to 2024-05-21 00:00:00+00:00, run_after=2024-05-22 00:00:00+00:00
[2024-05-20T06:50:48.113+0000] {processor.py:183} INFO - Processing /opt/airflow/dags/sample-dag2.py took 0.069 seconds
[2024-05-20T06:51:18.506+0000] {processor.py:161} INFO - Started process (PID=1230) to work on /opt/airflow/dags/sample-dag2.py
[2024-05-20T06:51:18.508+0000] {processor.py:830} INFO - Processing file /opt/airflow/dags/sample-dag2.py for tasks to queue
[2024-05-20T06:51:18.510+0000] {logging_mixin.py:188} INFO - [2024-05-20T06:51:18.509+0000] {dagbag.py:545} INFO - Filling up the DagBag from /opt/airflow/dags/sample-dag2.py
[2024-05-20T06:51:18.523+0000] {processor.py:840} INFO - DAG(s) 'sample-dag2' retrieved from /opt/airflow/dags/sample-dag2.py
[2024-05-20T06:51:18.543+0000] {logging_mixin.py:188} INFO - [2024-05-20T06:51:18.543+0000] {dag.py:3096} INFO - Sync 1 DAGs
[2024-05-20T06:51:18.558+0000] {logging_mixin.py:188} INFO - [2024-05-20T06:51:18.557+0000] {dag.py:3954} INFO - Setting next_dagrun for sample-dag2 to 2024-05-21 00:00:00+00:00, run_after=2024-05-22 00:00:00+00:00
[2024-05-20T06:51:18.569+0000] {processor.py:183} INFO - Processing /opt/airflow/dags/sample-dag2.py took 0.071 seconds
[2024-05-20T06:51:48.970+0000] {processor.py:161} INFO - Started process (PID=1246) to work on /opt/airflow/dags/sample-dag2.py
[2024-05-20T06:51:48.972+0000] {processor.py:830} INFO - Processing file /opt/airflow/dags/sample-dag2.py for tasks to queue
[2024-05-20T06:51:48.974+0000] {logging_mixin.py:188} INFO - [2024-05-20T06:51:48.973+0000] {dagbag.py:545} INFO - Filling up the DagBag from /opt/airflow/dags/sample-dag2.py
[2024-05-20T06:51:48.988+0000] {processor.py:840} INFO - DAG(s) 'sample-dag2' retrieved from /opt/airflow/dags/sample-dag2.py
[2024-05-20T06:51:49.008+0000] {logging_mixin.py:188} INFO - [2024-05-20T06:51:49.008+0000] {dag.py:3096} INFO - Sync 1 DAGs
[2024-05-20T06:51:49.024+0000] {logging_mixin.py:188} INFO - [2024-05-20T06:51:49.024+0000] {dag.py:3954} INFO - Setting next_dagrun for sample-dag2 to 2024-05-21 00:00:00+00:00, run_after=2024-05-22 00:00:00+00:00
[2024-05-20T06:51:49.036+0000] {processor.py:183} INFO - Processing /opt/airflow/dags/sample-dag2.py took 0.072 seconds
[2024-05-20T06:52:19.403+0000] {processor.py:161} INFO - Started process (PID=1261) to work on /opt/airflow/dags/sample-dag2.py
[2024-05-20T06:52:19.404+0000] {processor.py:830} INFO - Processing file /opt/airflow/dags/sample-dag2.py for tasks to queue
[2024-05-20T06:52:19.406+0000] {logging_mixin.py:188} INFO - [2024-05-20T06:52:19.406+0000] {dagbag.py:545} INFO - Filling up the DagBag from /opt/airflow/dags/sample-dag2.py
[2024-05-20T06:52:19.420+0000] {processor.py:840} INFO - DAG(s) 'sample-dag2' retrieved from /opt/airflow/dags/sample-dag2.py
[2024-05-20T06:52:19.440+0000] {logging_mixin.py:188} INFO - [2024-05-20T06:52:19.440+0000] {dag.py:3096} INFO - Sync 1 DAGs
[2024-05-20T06:52:19.455+0000] {logging_mixin.py:188} INFO - [2024-05-20T06:52:19.455+0000] {dag.py:3954} INFO - Setting next_dagrun for sample-dag2 to 2024-05-21 00:00:00+00:00, run_after=2024-05-22 00:00:00+00:00
[2024-05-20T06:52:19.467+0000] {processor.py:183} INFO - Processing /opt/airflow/dags/sample-dag2.py took 0.072 seconds
[2024-05-20T06:52:49.794+0000] {processor.py:161} INFO - Started process (PID=1277) to work on /opt/airflow/dags/sample-dag2.py
[2024-05-20T06:52:49.795+0000] {processor.py:830} INFO - Processing file /opt/airflow/dags/sample-dag2.py for tasks to queue
[2024-05-20T06:52:49.797+0000] {logging_mixin.py:188} INFO - [2024-05-20T06:52:49.796+0000] {dagbag.py:545} INFO - Filling up the DagBag from /opt/airflow/dags/sample-dag2.py
[2024-05-20T06:52:49.806+0000] {processor.py:840} INFO - DAG(s) 'sample-dag2' retrieved from /opt/airflow/dags/sample-dag2.py
[2024-05-20T06:52:49.828+0000] {logging_mixin.py:188} INFO - [2024-05-20T06:52:49.828+0000] {dag.py:3096} INFO - Sync 1 DAGs
[2024-05-20T06:52:49.843+0000] {logging_mixin.py:188} INFO - [2024-05-20T06:52:49.843+0000] {dag.py:3954} INFO - Setting next_dagrun for sample-dag2 to 2024-05-21 00:00:00+00:00, run_after=2024-05-22 00:00:00+00:00
[2024-05-20T06:52:49.856+0000] {processor.py:183} INFO - Processing /opt/airflow/dags/sample-dag2.py took 0.067 seconds
[2024-05-20T07:01:23.601+0000] {processor.py:161} INFO - Started process (PID=1282) to work on /opt/airflow/dags/sample-dag2.py
[2024-05-20T07:01:23.603+0000] {processor.py:830} INFO - Processing file /opt/airflow/dags/sample-dag2.py for tasks to queue
[2024-05-20T07:01:23.605+0000] {logging_mixin.py:188} INFO - [2024-05-20T07:01:23.605+0000] {dagbag.py:545} INFO - Filling up the DagBag from /opt/airflow/dags/sample-dag2.py
[2024-05-20T07:01:23.623+0000] {processor.py:840} INFO - DAG(s) 'sample-dag2' retrieved from /opt/airflow/dags/sample-dag2.py
[2024-05-20T07:01:23.652+0000] {logging_mixin.py:188} INFO - [2024-05-20T07:01:23.652+0000] {dag.py:3096} INFO - Sync 1 DAGs
[2024-05-20T07:01:23.672+0000] {logging_mixin.py:188} INFO - [2024-05-20T07:01:23.672+0000] {dag.py:3954} INFO - Setting next_dagrun for sample-dag2 to 2024-05-21 00:00:00+00:00, run_after=2024-05-22 00:00:00+00:00
[2024-05-20T07:01:23.686+0000] {processor.py:183} INFO - Processing /opt/airflow/dags/sample-dag2.py took 0.093 seconds
[2024-05-20T07:02:12.393+0000] {processor.py:161} INFO - Started process (PID=1298) to work on /opt/airflow/dags/sample-dag2.py
[2024-05-20T07:02:12.394+0000] {processor.py:830} INFO - Processing file /opt/airflow/dags/sample-dag2.py for tasks to queue
[2024-05-20T07:02:12.397+0000] {logging_mixin.py:188} INFO - [2024-05-20T07:02:12.396+0000] {dagbag.py:545} INFO - Filling up the DagBag from /opt/airflow/dags/sample-dag2.py
[2024-05-20T07:02:12.414+0000] {processor.py:840} INFO - DAG(s) 'sample-dag2' retrieved from /opt/airflow/dags/sample-dag2.py
[2024-05-20T07:02:12.442+0000] {logging_mixin.py:188} INFO - [2024-05-20T07:02:12.441+0000] {dag.py:3096} INFO - Sync 1 DAGs
[2024-05-20T07:02:12.462+0000] {logging_mixin.py:188} INFO - [2024-05-20T07:02:12.462+0000] {dag.py:3954} INFO - Setting next_dagrun for sample-dag2 to 2024-05-21 00:00:00+00:00, run_after=2024-05-22 00:00:00+00:00
[2024-05-20T07:02:12.476+0000] {processor.py:183} INFO - Processing /opt/airflow/dags/sample-dag2.py took 0.091 seconds
[2024-05-20T07:32:44.285+0000] {processor.py:161} INFO - Started process (PID=1314) to work on /opt/airflow/dags/sample-dag2.py
[2024-05-20T07:32:44.286+0000] {processor.py:830} INFO - Processing file /opt/airflow/dags/sample-dag2.py for tasks to queue
[2024-05-20T07:32:44.289+0000] {logging_mixin.py:188} INFO - [2024-05-20T07:32:44.289+0000] {dagbag.py:545} INFO - Filling up the DagBag from /opt/airflow/dags/sample-dag2.py
[2024-05-20T07:32:44.306+0000] {processor.py:840} INFO - DAG(s) 'sample-dag2' retrieved from /opt/airflow/dags/sample-dag2.py
[2024-05-20T07:32:44.334+0000] {logging_mixin.py:188} INFO - [2024-05-20T07:32:44.333+0000] {dag.py:3096} INFO - Sync 1 DAGs
[2024-05-20T07:32:44.354+0000] {logging_mixin.py:188} INFO - [2024-05-20T07:32:44.354+0000] {dag.py:3954} INFO - Setting next_dagrun for sample-dag2 to 2024-05-21 00:00:00+00:00, run_after=2024-05-22 00:00:00+00:00
[2024-05-20T07:32:44.368+0000] {processor.py:183} INFO - Processing /opt/airflow/dags/sample-dag2.py took 0.091 seconds
[2024-05-20T07:48:13.858+0000] {processor.py:161} INFO - Started process (PID=1329) to work on /opt/airflow/dags/sample-dag2.py
[2024-05-20T07:48:13.860+0000] {processor.py:830} INFO - Processing file /opt/airflow/dags/sample-dag2.py for tasks to queue
[2024-05-20T07:48:13.862+0000] {logging_mixin.py:188} INFO - [2024-05-20T07:48:13.862+0000] {dagbag.py:545} INFO - Filling up the DagBag from /opt/airflow/dags/sample-dag2.py
[2024-05-20T07:48:13.877+0000] {processor.py:840} INFO - DAG(s) 'sample-dag2' retrieved from /opt/airflow/dags/sample-dag2.py
[2024-05-20T07:48:13.902+0000] {logging_mixin.py:188} INFO - [2024-05-20T07:48:13.902+0000] {dag.py:3096} INFO - Sync 1 DAGs
[2024-05-20T07:48:13.921+0000] {logging_mixin.py:188} INFO - [2024-05-20T07:48:13.921+0000] {dag.py:3954} INFO - Setting next_dagrun for sample-dag2 to 2024-05-21 00:00:00+00:00, run_after=2024-05-22 00:00:00+00:00
[2024-05-20T07:48:13.936+0000] {processor.py:183} INFO - Processing /opt/airflow/dags/sample-dag2.py took 0.084 seconds
[2024-05-20T08:53:56.563+0000] {processor.py:161} INFO - Started process (PID=1344) to work on /opt/airflow/dags/sample-dag2.py
[2024-05-20T08:53:56.564+0000] {processor.py:830} INFO - Processing file /opt/airflow/dags/sample-dag2.py for tasks to queue
[2024-05-20T08:53:56.567+0000] {logging_mixin.py:188} INFO - [2024-05-20T08:53:56.567+0000] {dagbag.py:545} INFO - Filling up the DagBag from /opt/airflow/dags/sample-dag2.py
[2024-05-20T08:53:56.581+0000] {processor.py:840} INFO - DAG(s) 'sample-dag2' retrieved from /opt/airflow/dags/sample-dag2.py
[2024-05-20T08:53:56.605+0000] {logging_mixin.py:188} INFO - [2024-05-20T08:53:56.605+0000] {dag.py:3096} INFO - Sync 1 DAGs
[2024-05-20T08:53:56.624+0000] {logging_mixin.py:188} INFO - [2024-05-20T08:53:56.624+0000] {dag.py:3954} INFO - Setting next_dagrun for sample-dag2 to 2024-05-21 00:00:00+00:00, run_after=2024-05-22 00:00:00+00:00
[2024-05-20T08:53:56.637+0000] {processor.py:183} INFO - Processing /opt/airflow/dags/sample-dag2.py took 0.080 seconds
[2024-05-20T09:54:33.136+0000] {processor.py:161} INFO - Started process (PID=1360) to work on /opt/airflow/dags/sample-dag2.py
[2024-05-20T09:54:33.136+0000] {processor.py:830} INFO - Processing file /opt/airflow/dags/sample-dag2.py for tasks to queue
[2024-05-20T09:54:33.138+0000] {logging_mixin.py:188} INFO - [2024-05-20T09:54:33.138+0000] {dagbag.py:545} INFO - Filling up the DagBag from /opt/airflow/dags/sample-dag2.py
[2024-05-20T09:54:33.147+0000] {processor.py:840} INFO - DAG(s) 'sample-dag2' retrieved from /opt/airflow/dags/sample-dag2.py
[2024-05-20T09:54:33.165+0000] {logging_mixin.py:188} INFO - [2024-05-20T09:54:33.165+0000] {dag.py:3096} INFO - Sync 1 DAGs
[2024-05-20T09:54:33.180+0000] {logging_mixin.py:188} INFO - [2024-05-20T09:54:33.180+0000] {dag.py:3954} INFO - Setting next_dagrun for sample-dag2 to 2024-05-21 00:00:00+00:00, run_after=2024-05-22 00:00:00+00:00
[2024-05-20T09:54:33.192+0000] {processor.py:183} INFO - Processing /opt/airflow/dags/sample-dag2.py took 0.061 seconds
[2024-05-20T11:10:06.493+0000] {processor.py:161} INFO - Started process (PID=1376) to work on /opt/airflow/dags/sample-dag2.py
[2024-05-20T11:10:06.494+0000] {processor.py:830} INFO - Processing file /opt/airflow/dags/sample-dag2.py for tasks to queue
[2024-05-20T11:10:06.497+0000] {logging_mixin.py:188} INFO - [2024-05-20T11:10:06.496+0000] {dagbag.py:545} INFO - Filling up the DagBag from /opt/airflow/dags/sample-dag2.py
[2024-05-20T11:10:06.512+0000] {processor.py:840} INFO - DAG(s) 'sample-dag2' retrieved from /opt/airflow/dags/sample-dag2.py
[2024-05-20T11:10:06.535+0000] {logging_mixin.py:188} INFO - [2024-05-20T11:10:06.535+0000] {dag.py:3096} INFO - Sync 1 DAGs
[2024-05-20T11:10:06.553+0000] {logging_mixin.py:188} INFO - [2024-05-20T11:10:06.553+0000] {dag.py:3954} INFO - Setting next_dagrun for sample-dag2 to 2024-05-21 00:00:00+00:00, run_after=2024-05-22 00:00:00+00:00
[2024-05-20T11:10:06.566+0000] {processor.py:183} INFO - Processing /opt/airflow/dags/sample-dag2.py took 0.080 seconds
[2024-05-20T12:10:40.031+0000] {processor.py:161} INFO - Started process (PID=1392) to work on /opt/airflow/dags/sample-dag2.py
[2024-05-20T12:10:40.032+0000] {processor.py:830} INFO - Processing file /opt/airflow/dags/sample-dag2.py for tasks to queue
[2024-05-20T12:10:40.034+0000] {logging_mixin.py:188} INFO - [2024-05-20T12:10:40.034+0000] {dagbag.py:545} INFO - Filling up the DagBag from /opt/airflow/dags/sample-dag2.py
[2024-05-20T12:10:40.050+0000] {processor.py:840} INFO - DAG(s) 'sample-dag2' retrieved from /opt/airflow/dags/sample-dag2.py
[2024-05-20T12:10:40.074+0000] {logging_mixin.py:188} INFO - [2024-05-20T12:10:40.074+0000] {dag.py:3096} INFO - Sync 1 DAGs
[2024-05-20T12:10:40.093+0000] {logging_mixin.py:188} INFO - [2024-05-20T12:10:40.093+0000] {dag.py:3954} INFO - Setting next_dagrun for sample-dag2 to 2024-05-21 00:00:00+00:00, run_after=2024-05-22 00:00:00+00:00
[2024-05-20T12:10:40.106+0000] {processor.py:183} INFO - Processing /opt/airflow/dags/sample-dag2.py took 0.081 seconds
[2024-05-20T13:11:11.148+0000] {processor.py:161} INFO - Started process (PID=1408) to work on /opt/airflow/dags/sample-dag2.py
[2024-05-20T13:11:11.149+0000] {processor.py:830} INFO - Processing file /opt/airflow/dags/sample-dag2.py for tasks to queue
[2024-05-20T13:11:11.151+0000] {logging_mixin.py:188} INFO - [2024-05-20T13:11:11.151+0000] {dagbag.py:545} INFO - Filling up the DagBag from /opt/airflow/dags/sample-dag2.py
[2024-05-20T13:11:11.180+0000] {processor.py:840} INFO - DAG(s) 'sample-dag2' retrieved from /opt/airflow/dags/sample-dag2.py
[2024-05-20T13:11:11.204+0000] {logging_mixin.py:188} INFO - [2024-05-20T13:11:11.204+0000] {dag.py:3096} INFO - Sync 1 DAGs
[2024-05-20T13:11:11.222+0000] {logging_mixin.py:188} INFO - [2024-05-20T13:11:11.222+0000] {dag.py:3954} INFO - Setting next_dagrun for sample-dag2 to 2024-05-21 00:00:00+00:00, run_after=2024-05-22 00:00:00+00:00
[2024-05-20T13:11:11.235+0000] {processor.py:183} INFO - Processing /opt/airflow/dags/sample-dag2.py took 0.093 seconds
[2024-05-20T14:26:44.812+0000] {processor.py:161} INFO - Started process (PID=1424) to work on /opt/airflow/dags/sample-dag2.py
[2024-05-20T14:26:44.814+0000] {processor.py:830} INFO - Processing file /opt/airflow/dags/sample-dag2.py for tasks to queue
[2024-05-20T14:26:44.818+0000] {logging_mixin.py:188} INFO - [2024-05-20T14:26:44.817+0000] {dagbag.py:545} INFO - Filling up the DagBag from /opt/airflow/dags/sample-dag2.py
[2024-05-20T14:26:44.835+0000] {processor.py:840} INFO - DAG(s) 'sample-dag2' retrieved from /opt/airflow/dags/sample-dag2.py
[2024-05-20T14:26:44.867+0000] {logging_mixin.py:188} INFO - [2024-05-20T14:26:44.866+0000] {dag.py:3096} INFO - Sync 1 DAGs
[2024-05-20T14:26:44.908+0000] {logging_mixin.py:188} INFO - [2024-05-20T14:26:44.908+0000] {dag.py:3954} INFO - Setting next_dagrun for sample-dag2 to 2024-05-21 00:00:00+00:00, run_after=2024-05-22 00:00:00+00:00
[2024-05-20T14:26:44.925+0000] {processor.py:183} INFO - Processing /opt/airflow/dags/sample-dag2.py took 0.121 seconds
[2024-05-20T15:42:16.325+0000] {processor.py:161} INFO - Started process (PID=1440) to work on /opt/airflow/dags/sample-dag2.py
[2024-05-20T15:42:16.328+0000] {processor.py:830} INFO - Processing file /opt/airflow/dags/sample-dag2.py for tasks to queue
[2024-05-20T15:42:16.338+0000] {logging_mixin.py:188} INFO - [2024-05-20T15:42:16.336+0000] {dagbag.py:545} INFO - Filling up the DagBag from /opt/airflow/dags/sample-dag2.py
[2024-05-20T15:42:16.362+0000] {processor.py:840} INFO - DAG(s) 'sample-dag2' retrieved from /opt/airflow/dags/sample-dag2.py
[2024-05-20T15:42:16.392+0000] {logging_mixin.py:188} INFO - [2024-05-20T15:42:16.391+0000] {dag.py:3096} INFO - Sync 1 DAGs
[2024-05-20T15:42:16.412+0000] {logging_mixin.py:188} INFO - [2024-05-20T15:42:16.412+0000] {dag.py:3954} INFO - Setting next_dagrun for sample-dag2 to 2024-05-21 00:00:00+00:00, run_after=2024-05-22 00:00:00+00:00
[2024-05-20T15:42:16.426+0000] {processor.py:183} INFO - Processing /opt/airflow/dags/sample-dag2.py took 0.116 seconds
[2024-05-20T16:27:47.843+0000] {processor.py:161} INFO - Started process (PID=1456) to work on /opt/airflow/dags/sample-dag2.py
[2024-05-20T16:27:47.846+0000] {processor.py:830} INFO - Processing file /opt/airflow/dags/sample-dag2.py for tasks to queue
[2024-05-20T16:27:47.851+0000] {logging_mixin.py:188} INFO - [2024-05-20T16:27:47.850+0000] {dagbag.py:545} INFO - Filling up the DagBag from /opt/airflow/dags/sample-dag2.py
[2024-05-20T16:27:47.871+0000] {processor.py:840} INFO - DAG(s) 'sample-dag2' retrieved from /opt/airflow/dags/sample-dag2.py
[2024-05-20T16:27:47.898+0000] {logging_mixin.py:188} INFO - [2024-05-20T16:27:47.898+0000] {dag.py:3096} INFO - Sync 1 DAGs
[2024-05-20T16:27:47.918+0000] {logging_mixin.py:188} INFO - [2024-05-20T16:27:47.918+0000] {dag.py:3954} INFO - Setting next_dagrun for sample-dag2 to 2024-05-21 00:00:00+00:00, run_after=2024-05-22 00:00:00+00:00
[2024-05-20T16:27:47.932+0000] {processor.py:183} INFO - Processing /opt/airflow/dags/sample-dag2.py took 0.098 seconds
[2024-05-20T17:13:37.824+0000] {processor.py:161} INFO - Started process (PID=1472) to work on /opt/airflow/dags/sample-dag2.py
[2024-05-20T17:13:37.828+0000] {processor.py:830} INFO - Processing file /opt/airflow/dags/sample-dag2.py for tasks to queue
[2024-05-20T17:13:37.832+0000] {logging_mixin.py:188} INFO - [2024-05-20T17:13:37.831+0000] {dagbag.py:545} INFO - Filling up the DagBag from /opt/airflow/dags/sample-dag2.py
[2024-05-20T17:13:37.849+0000] {processor.py:840} INFO - DAG(s) 'sample-dag2' retrieved from /opt/airflow/dags/sample-dag2.py
[2024-05-20T17:13:37.890+0000] {logging_mixin.py:188} INFO - [2024-05-20T17:13:37.890+0000] {dag.py:3096} INFO - Sync 1 DAGs
[2024-05-20T17:13:37.910+0000] {logging_mixin.py:188} INFO - [2024-05-20T17:13:37.910+0000] {dag.py:3954} INFO - Setting next_dagrun for sample-dag2 to 2024-05-21 00:00:00+00:00, run_after=2024-05-22 00:00:00+00:00
[2024-05-20T17:13:37.924+0000] {processor.py:183} INFO - Processing /opt/airflow/dags/sample-dag2.py took 0.107 seconds
[2024-05-20T17:59:50.310+0000] {processor.py:161} INFO - Started process (PID=1488) to work on /opt/airflow/dags/sample-dag2.py
[2024-05-20T17:59:50.312+0000] {processor.py:830} INFO - Processing file /opt/airflow/dags/sample-dag2.py for tasks to queue
[2024-05-20T17:59:50.316+0000] {logging_mixin.py:188} INFO - [2024-05-20T17:59:50.315+0000] {dagbag.py:545} INFO - Filling up the DagBag from /opt/airflow/dags/sample-dag2.py
[2024-05-20T17:59:50.335+0000] {processor.py:840} INFO - DAG(s) 'sample-dag2' retrieved from /opt/airflow/dags/sample-dag2.py
[2024-05-20T17:59:50.371+0000] {logging_mixin.py:188} INFO - [2024-05-20T17:59:50.371+0000] {dag.py:3096} INFO - Sync 1 DAGs
[2024-05-20T17:59:50.397+0000] {logging_mixin.py:188} INFO - [2024-05-20T17:59:50.396+0000] {dag.py:3954} INFO - Setting next_dagrun for sample-dag2 to 2024-05-21 00:00:00+00:00, run_after=2024-05-22 00:00:00+00:00
[2024-05-20T17:59:50.413+0000] {processor.py:183} INFO - Processing /opt/airflow/dags/sample-dag2.py took 0.130 seconds
[2024-05-20T18:45:22.033+0000] {processor.py:161} INFO - Started process (PID=1504) to work on /opt/airflow/dags/sample-dag2.py
[2024-05-20T18:45:22.034+0000] {processor.py:830} INFO - Processing file /opt/airflow/dags/sample-dag2.py for tasks to queue
[2024-05-20T18:45:22.037+0000] {logging_mixin.py:188} INFO - [2024-05-20T18:45:22.037+0000] {dagbag.py:545} INFO - Filling up the DagBag from /opt/airflow/dags/sample-dag2.py
[2024-05-20T18:45:22.070+0000] {processor.py:840} INFO - DAG(s) 'sample-dag2' retrieved from /opt/airflow/dags/sample-dag2.py
[2024-05-20T18:45:22.100+0000] {logging_mixin.py:188} INFO - [2024-05-20T18:45:22.099+0000] {dag.py:3096} INFO - Sync 1 DAGs
[2024-05-20T18:45:22.119+0000] {logging_mixin.py:188} INFO - [2024-05-20T18:45:22.119+0000] {dag.py:3954} INFO - Setting next_dagrun for sample-dag2 to 2024-05-21 00:00:00+00:00, run_after=2024-05-22 00:00:00+00:00
[2024-05-20T18:45:22.133+0000] {processor.py:183} INFO - Processing /opt/airflow/dags/sample-dag2.py took 0.108 seconds
[2024-05-20T20:00:55.979+0000] {processor.py:161} INFO - Started process (PID=1520) to work on /opt/airflow/dags/sample-dag2.py
[2024-05-20T20:00:55.981+0000] {processor.py:830} INFO - Processing file /opt/airflow/dags/sample-dag2.py for tasks to queue
[2024-05-20T20:00:55.984+0000] {logging_mixin.py:188} INFO - [2024-05-20T20:00:55.983+0000] {dagbag.py:545} INFO - Filling up the DagBag from /opt/airflow/dags/sample-dag2.py
[2024-05-20T20:00:56.001+0000] {processor.py:840} INFO - DAG(s) 'sample-dag2' retrieved from /opt/airflow/dags/sample-dag2.py
[2024-05-20T20:00:56.028+0000] {logging_mixin.py:188} INFO - [2024-05-20T20:00:56.028+0000] {dag.py:3096} INFO - Sync 1 DAGs
[2024-05-20T20:00:56.049+0000] {logging_mixin.py:188} INFO - [2024-05-20T20:00:56.049+0000] {dag.py:3954} INFO - Setting next_dagrun for sample-dag2 to 2024-05-21 00:00:00+00:00, run_after=2024-05-22 00:00:00+00:00
[2024-05-20T20:00:56.065+0000] {processor.py:183} INFO - Processing /opt/airflow/dags/sample-dag2.py took 0.094 seconds
[2024-05-20T22:45:28.735+0000] {processor.py:161} INFO - Started process (PID=1536) to work on /opt/airflow/dags/sample-dag2.py
[2024-05-20T22:45:28.738+0000] {processor.py:830} INFO - Processing file /opt/airflow/dags/sample-dag2.py for tasks to queue
[2024-05-20T22:45:28.747+0000] {logging_mixin.py:188} INFO - [2024-05-20T22:45:28.746+0000] {dagbag.py:545} INFO - Filling up the DagBag from /opt/airflow/dags/sample-dag2.py
[2024-05-20T22:45:28.770+0000] {processor.py:840} INFO - DAG(s) 'sample-dag2' retrieved from /opt/airflow/dags/sample-dag2.py
[2024-05-20T22:45:28.799+0000] {logging_mixin.py:188} INFO - [2024-05-20T22:45:28.799+0000] {dag.py:3096} INFO - Sync 1 DAGs
[2024-05-20T22:45:28.819+0000] {logging_mixin.py:188} INFO - [2024-05-20T22:45:28.819+0000] {dag.py:3954} INFO - Setting next_dagrun for sample-dag2 to 2024-05-21 00:00:00+00:00, run_after=2024-05-22 00:00:00+00:00
[2024-05-20T22:45:28.834+0000] {processor.py:183} INFO - Processing /opt/airflow/dags/sample-dag2.py took 0.121 seconds
