[2024-05-21T05:22:35.868+0000] {local_task_job_runner.py:120} INFO - ::group::Pre task execution logs
[2024-05-21T05:22:35.888+0000] {taskinstance.py:2076} INFO - Dependencies all met for dep_context=non-requeueable deps ti=<TaskInstance: sample-dag3.task2 manual__2024-05-21T05:22:33.891288+00:00 [queued]>
[2024-05-21T05:22:35.894+0000] {taskinstance.py:2076} INFO - Dependencies all met for dep_context=requeueable deps ti=<TaskInstance: sample-dag3.task2 manual__2024-05-21T05:22:33.891288+00:00 [queued]>
[2024-05-21T05:22:35.895+0000] {taskinstance.py:2306} INFO - Starting attempt 1 of 6
[2024-05-21T05:22:35.903+0000] {taskinstance.py:2330} INFO - Executing <Task(BashOperator): task2> on 2024-05-21 05:22:33.891288+00:00
[2024-05-21T05:22:35.912+0000] {logging_mixin.py:188} WARNING - /home/***/.local/lib/python3.12/site-packages/***/task/task_runner/standard_task_runner.py:61 DeprecationWarning: This process (pid=1883) is multi-threaded, use of fork() may lead to deadlocks in the child.
[2024-05-21T05:22:35.909+0000] {standard_task_runner.py:90} INFO - Running: ['***', 'tasks', 'run', 'sample-dag3', 'task2', 'manual__2024-05-21T05:22:33.891288+00:00', '--job-id', '8', '--raw', '--subdir', 'DAGS_FOLDER/sample-dag3.py', '--cfg-path', '/tmp/tmp45quv_7u']
[2024-05-21T05:22:35.913+0000] {standard_task_runner.py:63} INFO - Started process 1886 to run task
[2024-05-21T05:22:35.913+0000] {standard_task_runner.py:91} INFO - Job 8: Subtask task2
[2024-05-21T05:22:35.946+0000] {task_command.py:426} INFO - Running <TaskInstance: sample-dag3.task2 manual__2024-05-21T05:22:33.891288+00:00 [running]> on host 58a319c7179a
[2024-05-21T05:22:36.008+0000] {taskinstance.py:2648} INFO - Exporting env vars: AIRFLOW_CTX_DAG_OWNER='***' AIRFLOW_CTX_DAG_ID='sample-dag3' AIRFLOW_CTX_TASK_ID='task2' AIRFLOW_CTX_EXECUTION_DATE='2024-05-21T05:22:33.891288+00:00' AIRFLOW_CTX_TRY_NUMBER='1' AIRFLOW_CTX_DAG_RUN_ID='manual__2024-05-21T05:22:33.891288+00:00'
[2024-05-21T05:22:36.009+0000] {taskinstance.py:430} INFO - ::endgroup::
[2024-05-21T05:22:36.018+0000] {subprocess.py:63} INFO - Tmp dir root location: /tmp
[2024-05-21T05:22:36.019+0000] {subprocess.py:75} INFO - Running command: ['/usr/bin/bash', '-c', "echo 'This is task2, this is my first sample dag.'"]
[2024-05-21T05:22:36.027+0000] {subprocess.py:86} INFO - Output:
[2024-05-21T05:22:36.028+0000] {subprocess.py:93} INFO - This is task2, this is my first sample dag.
[2024-05-21T05:22:36.028+0000] {subprocess.py:97} INFO - Command exited with return code 0
[2024-05-21T05:22:36.029+0000] {taskinstance.py:441} INFO - ::group::Post task execution logs
[2024-05-21T05:22:36.045+0000] {taskinstance.py:1206} INFO - Marking task as SUCCESS. dag_id=sample-dag3, task_id=task2, run_id=manual__2024-05-21T05:22:33.891288+00:00, execution_date=20240521T052233, start_date=20240521T052235, end_date=20240521T052236
[2024-05-21T05:22:36.096+0000] {local_task_job_runner.py:240} INFO - Task exited with return code 0
[2024-05-21T05:22:36.102+0000] {local_task_job_runner.py:222} INFO - ::endgroup::
