[2024-05-20T05:55:02.142+0000] {manager.py:470} INFO - Processing files using up to 2 processes at a time 
[2024-05-20T05:55:02.143+0000] {manager.py:471} INFO - Process each file at most once every 30 seconds
[2024-05-20T05:55:02.144+0000] {manager.py:472} INFO - Checking for new files in /opt/airflow/dags every 300 seconds
[2024-05-20T05:55:02.145+0000] {manager.py:737} INFO - Searching for files in /opt/airflow/dags
[2024-05-20T05:55:02.146+0000] {manager.py:740} INFO - There are 0 files in /opt/airflow/dags
[2024-05-20T06:00:02.785+0000] {manager.py:737} INFO - Searching for files in /opt/airflow/dags
[2024-05-20T06:00:02.799+0000] {manager.py:740} INFO - There are 0 files in /opt/airflow/dags
[2024-05-20T06:08:15.675+0000] {manager.py:737} INFO - Searching for files in /opt/airflow/dags
[2024-05-20T06:08:15.680+0000] {manager.py:740} INFO - There are 0 files in /opt/airflow/dags
[2024-05-20T06:14:01.116+0000] {manager.py:737} INFO - Searching for files in /opt/airflow/dags
[2024-05-20T06:14:01.129+0000] {manager.py:740} INFO - There are 0 files in /opt/airflow/dags
[2024-05-20T06:19:01.835+0000] {manager.py:737} INFO - Searching for files in /opt/airflow/dags
[2024-05-20T06:19:01.844+0000] {manager.py:740} INFO - There are 1 files in /opt/airflow/dags
[2024-05-20T06:19:21.114+0000] {manager.py:878} INFO - 
================================================================================
DAG File Processing Stats

File Path                         PID    Runtime      # DAGs    # Errors  Last Runtime    Last Run
--------------------------------  -----  ---------  --------  ----------  --------------  -------------------
/opt/airflow/dags/sample-dag1.py                           0           1  0.17s           2024-05-20T06:19:02
================================================================================
[2024-05-20T06:19:51.368+0000] {manager.py:878} INFO - 
================================================================================
DAG File Processing Stats

File Path                         PID    Runtime      # DAGs    # Errors  Last Runtime    Last Run
--------------------------------  -----  ---------  --------  ----------  --------------  -------------------
/opt/airflow/dags/sample-dag1.py                           0           1  0.05s           2024-05-20T06:19:32
================================================================================
[2024-05-20T06:20:21.636+0000] {manager.py:878} INFO - 
================================================================================
DAG File Processing Stats

File Path                         PID    Runtime      # DAGs    # Errors  Last Runtime    Last Run
--------------------------------  -----  ---------  --------  ----------  --------------  -------------------
/opt/airflow/dags/sample-dag1.py                           0           1  0.04s           2024-05-20T06:20:02
================================================================================
[2024-05-20T06:20:51.938+0000] {manager.py:878} INFO - 
================================================================================
DAG File Processing Stats

File Path                         PID    Runtime      # DAGs    # Errors  Last Runtime    Last Run
--------------------------------  -----  ---------  --------  ----------  --------------  -------------------
/opt/airflow/dags/sample-dag1.py                           0           1  0.06s           2024-05-20T06:20:37
================================================================================
[2024-05-20T06:21:22.239+0000] {manager.py:878} INFO - 
================================================================================
DAG File Processing Stats

File Path                         PID    Runtime      # DAGs    # Errors  Last Runtime    Last Run
--------------------------------  -----  ---------  --------  ----------  --------------  -------------------
/opt/airflow/dags/sample-dag1.py                           0           1  0.05s           2024-05-20T06:21:08
================================================================================
[2024-05-20T06:21:52.602+0000] {manager.py:878} INFO - 
================================================================================
DAG File Processing Stats

File Path                         PID    Runtime      # DAGs    # Errors  Last Runtime    Last Run
--------------------------------  -----  ---------  --------  ----------  --------------  -------------------
/opt/airflow/dags/sample-dag1.py                           1           0  0.37s           2024-05-20T06:21:40
================================================================================
[2024-05-20T06:22:23.276+0000] {manager.py:878} INFO - 
================================================================================
DAG File Processing Stats

File Path                         PID    Runtime      # DAGs    # Errors  Last Runtime    Last Run
--------------------------------  -----  ---------  --------  ----------  --------------  -------------------
/opt/airflow/dags/sample-dag1.py                           1           0  0.13s           2024-05-20T06:22:11
================================================================================
[2024-05-20T06:22:53.523+0000] {manager.py:878} INFO - 
================================================================================
DAG File Processing Stats

File Path                         PID    Runtime      # DAGs    # Errors  Last Runtime    Last Run
--------------------------------  -----  ---------  --------  ----------  --------------  -------------------
/opt/airflow/dags/sample-dag1.py                           1           0  0.15s           2024-05-20T06:22:41
================================================================================
[2024-05-20T06:23:23.869+0000] {manager.py:878} INFO - 
================================================================================
DAG File Processing Stats

File Path                         PID    Runtime      # DAGs    # Errors  Last Runtime    Last Run
--------------------------------  -----  ---------  --------  ----------  --------------  -------------------
/opt/airflow/dags/sample-dag1.py                           1           0  0.14s           2024-05-20T06:23:11
================================================================================
[2024-05-20T06:23:54.174+0000] {manager.py:878} INFO - 
================================================================================
DAG File Processing Stats

File Path                         PID    Runtime      # DAGs    # Errors  Last Runtime    Last Run
--------------------------------  -----  ---------  --------  ----------  --------------  -------------------
/opt/airflow/dags/sample-dag1.py                           1           0  0.10s           2024-05-20T06:23:42
================================================================================
[2024-05-20T06:24:02.252+0000] {manager.py:737} INFO - Searching for files in /opt/airflow/dags
[2024-05-20T06:24:02.258+0000] {manager.py:740} INFO - There are 1 files in /opt/airflow/dags
[2024-05-20T06:24:24.464+0000] {manager.py:878} INFO - 
================================================================================
DAG File Processing Stats

File Path                         PID    Runtime      # DAGs    # Errors  Last Runtime    Last Run
--------------------------------  -----  ---------  --------  ----------  --------------  -------------------
/opt/airflow/dags/sample-dag1.py                           1           0  0.11s           2024-05-20T06:24:12
================================================================================
[2024-05-20T06:24:54.798+0000] {manager.py:878} INFO - 
================================================================================
DAG File Processing Stats

File Path                         PID    Runtime      # DAGs    # Errors  Last Runtime    Last Run
--------------------------------  -----  ---------  --------  ----------  --------------  -------------------
/opt/airflow/dags/sample-dag1.py                           1           0  0.11s           2024-05-20T06:24:42
================================================================================
[2024-05-20T06:25:25.095+0000] {manager.py:878} INFO - 
================================================================================
DAG File Processing Stats

File Path                         PID    Runtime      # DAGs    # Errors  Last Runtime    Last Run
--------------------------------  -----  ---------  --------  ----------  --------------  -------------------
/opt/airflow/dags/sample-dag1.py                           1           0  0.15s           2024-05-20T06:25:13
================================================================================
[2024-05-20T06:25:55.477+0000] {manager.py:878} INFO - 
================================================================================
DAG File Processing Stats

File Path                         PID    Runtime      # DAGs    # Errors  Last Runtime    Last Run
--------------------------------  -----  ---------  --------  ----------  --------------  -------------------
/opt/airflow/dags/sample-dag1.py                           1           0  0.12s           2024-05-20T06:25:43
================================================================================
[2024-05-20T06:26:25.856+0000] {manager.py:878} INFO - 
================================================================================
DAG File Processing Stats

File Path                         PID    Runtime      # DAGs    # Errors  Last Runtime    Last Run
--------------------------------  -----  ---------  --------  ----------  --------------  -------------------
/opt/airflow/dags/sample-dag1.py                           1           0  0.17s           2024-05-20T06:26:13
================================================================================
[2024-05-20T06:26:56.241+0000] {manager.py:878} INFO - 
================================================================================
DAG File Processing Stats

File Path                         PID    Runtime      # DAGs    # Errors  Last Runtime    Last Run
--------------------------------  -----  ---------  --------  ----------  --------------  -------------------
/opt/airflow/dags/sample-dag1.py                           1           0  0.16s           2024-05-20T06:26:44
================================================================================
[2024-05-20T06:27:26.556+0000] {manager.py:878} INFO - 
================================================================================
DAG File Processing Stats

File Path                         PID    Runtime      # DAGs    # Errors  Last Runtime    Last Run
--------------------------------  -----  ---------  --------  ----------  --------------  -------------------
/opt/airflow/dags/sample-dag1.py                           1           0  0.09s           2024-05-20T06:27:14
================================================================================
[2024-05-20T06:27:56.883+0000] {manager.py:878} INFO - 
================================================================================
DAG File Processing Stats

File Path                         PID    Runtime      # DAGs    # Errors  Last Runtime    Last Run
--------------------------------  -----  ---------  --------  ----------  --------------  -------------------
/opt/airflow/dags/sample-dag1.py                           1           0  0.14s           2024-05-20T06:27:44
================================================================================
[2024-05-20T06:28:27.257+0000] {manager.py:878} INFO - 
================================================================================
DAG File Processing Stats

File Path                         PID    Runtime      # DAGs    # Errors  Last Runtime    Last Run
--------------------------------  -----  ---------  --------  ----------  --------------  -------------------
/opt/airflow/dags/sample-dag1.py                           1           0  0.10s           2024-05-20T06:28:15
================================================================================
[2024-05-20T06:28:57.608+0000] {manager.py:878} INFO - 
================================================================================
DAG File Processing Stats

File Path                         PID    Runtime      # DAGs    # Errors  Last Runtime    Last Run
--------------------------------  -----  ---------  --------  ----------  --------------  -------------------
/opt/airflow/dags/sample-dag1.py                           1           0  0.13s           2024-05-20T06:28:45
================================================================================
[2024-05-20T06:29:02.644+0000] {manager.py:737} INFO - Searching for files in /opt/airflow/dags
[2024-05-20T06:29:02.655+0000] {manager.py:740} INFO - There are 1 files in /opt/airflow/dags
[2024-05-20T06:29:28.016+0000] {manager.py:878} INFO - 
================================================================================
DAG File Processing Stats

File Path                         PID    Runtime      # DAGs    # Errors  Last Runtime    Last Run
--------------------------------  -----  ---------  --------  ----------  --------------  -------------------
/opt/airflow/dags/sample-dag1.py                           1           0  0.15s           2024-05-20T06:29:15
================================================================================
[2024-05-20T06:29:58.381+0000] {manager.py:878} INFO - 
================================================================================
DAG File Processing Stats

File Path                         PID    Runtime      # DAGs    # Errors  Last Runtime    Last Run
--------------------------------  -----  ---------  --------  ----------  --------------  -------------------
/opt/airflow/dags/sample-dag1.py                           1           0  0.17s           2024-05-20T06:29:46
================================================================================
[2024-05-20T06:30:28.803+0000] {manager.py:878} INFO - 
================================================================================
DAG File Processing Stats

File Path                         PID    Runtime      # DAGs    # Errors  Last Runtime    Last Run
--------------------------------  -----  ---------  --------  ----------  --------------  -------------------
/opt/airflow/dags/sample-dag1.py                           1           0  0.17s           2024-05-20T06:30:16
================================================================================
[2024-05-20T06:30:59.106+0000] {manager.py:878} INFO - 
================================================================================
DAG File Processing Stats

File Path                         PID    Runtime      # DAGs    # Errors  Last Runtime    Last Run
--------------------------------  -----  ---------  --------  ----------  --------------  -------------------
/opt/airflow/dags/sample-dag1.py                           1           0  0.13s           2024-05-20T06:30:47
================================================================================
[2024-05-20T06:31:29.502+0000] {manager.py:878} INFO - 
================================================================================
DAG File Processing Stats

File Path                         PID    Runtime      # DAGs    # Errors  Last Runtime    Last Run
--------------------------------  -----  ---------  --------  ----------  --------------  -------------------
/opt/airflow/dags/sample-dag1.py                           1           0  0.20s           2024-05-20T06:31:17
================================================================================
[2024-05-20T06:31:59.836+0000] {manager.py:878} INFO - 
================================================================================
DAG File Processing Stats

File Path                         PID    Runtime      # DAGs    # Errors  Last Runtime    Last Run
--------------------------------  -----  ---------  --------  ----------  --------------  -------------------
/opt/airflow/dags/sample-dag1.py                           1           0  0.12s           2024-05-20T06:31:47
================================================================================
[2024-05-20T06:32:30.203+0000] {manager.py:878} INFO - 
================================================================================
DAG File Processing Stats

File Path                         PID    Runtime      # DAGs    # Errors  Last Runtime    Last Run
--------------------------------  -----  ---------  --------  ----------  --------------  -------------------
/opt/airflow/dags/sample-dag1.py                           1           0  0.16s           2024-05-20T06:32:18
================================================================================
[2024-05-20T06:33:00.557+0000] {manager.py:878} INFO - 
================================================================================
DAG File Processing Stats

File Path                         PID    Runtime      # DAGs    # Errors  Last Runtime    Last Run
--------------------------------  -----  ---------  --------  ----------  --------------  -------------------
/opt/airflow/dags/sample-dag1.py                           1           0  0.11s           2024-05-20T06:32:48
================================================================================
[2024-05-20T06:33:30.901+0000] {manager.py:878} INFO - 
================================================================================
DAG File Processing Stats

File Path                         PID    Runtime      # DAGs    # Errors  Last Runtime    Last Run
--------------------------------  -----  ---------  --------  ----------  --------------  -------------------
/opt/airflow/dags/sample-dag1.py                           1           0  0.14s           2024-05-20T06:33:18
================================================================================
[2024-05-20T06:34:01.278+0000] {manager.py:878} INFO - 
================================================================================
DAG File Processing Stats

File Path                         PID    Runtime      # DAGs    # Errors  Last Runtime    Last Run
--------------------------------  -----  ---------  --------  ----------  --------------  -------------------
/opt/airflow/dags/sample-dag1.py                           1           0  0.14s           2024-05-20T06:33:49
================================================================================
[2024-05-20T06:34:03.305+0000] {manager.py:737} INFO - Searching for files in /opt/airflow/dags
[2024-05-20T06:34:03.315+0000] {manager.py:740} INFO - There are 2 files in /opt/airflow/dags
[2024-05-20T06:34:31.686+0000] {manager.py:878} INFO - 
================================================================================
DAG File Processing Stats

File Path                         PID    Runtime      # DAGs    # Errors  Last Runtime    Last Run
--------------------------------  -----  ---------  --------  ----------  --------------  -------------------
/opt/airflow/dags/sample-dag2.py                           1           0  0.26s           2024-05-20T06:34:03
/opt/airflow/dags/sample-dag1.py                           1           0  0.17s           2024-05-20T06:34:19
================================================================================
[2024-05-20T06:35:02.136+0000] {manager.py:878} INFO - 
================================================================================
DAG File Processing Stats

File Path                         PID    Runtime      # DAGs    # Errors  Last Runtime    Last Run
--------------------------------  -----  ---------  --------  ----------  --------------  -------------------
/opt/airflow/dags/sample-dag2.py                           1           0  0.15s           2024-05-20T06:34:33
/opt/airflow/dags/sample-dag1.py                           1           0  0.09s           2024-05-20T06:34:50
================================================================================
[2024-05-20T06:35:32.562+0000] {manager.py:878} INFO - 
================================================================================
DAG File Processing Stats

File Path                         PID    Runtime      # DAGs    # Errors  Last Runtime    Last Run
--------------------------------  -----  ---------  --------  ----------  --------------  -------------------
/opt/airflow/dags/sample-dag1.py                           1           0  0.13s           2024-05-20T06:35:20
/opt/airflow/dags/sample-dag2.py                           1           0  0.12s           2024-05-20T06:35:04
================================================================================
[2024-05-20T06:36:03.033+0000] {manager.py:878} INFO - 
================================================================================
DAG File Processing Stats

File Path                         PID    Runtime      # DAGs    # Errors  Last Runtime    Last Run
--------------------------------  -----  ---------  --------  ----------  --------------  -------------------
/opt/airflow/dags/sample-dag2.py                           1           0  0.14s           2024-05-20T06:35:34
/opt/airflow/dags/sample-dag1.py                           1           0  0.12s           2024-05-20T06:35:50
================================================================================
[2024-05-20T06:36:33.502+0000] {manager.py:878} INFO - 
================================================================================
DAG File Processing Stats

File Path                         PID    Runtime      # DAGs    # Errors  Last Runtime    Last Run
--------------------------------  -----  ---------  --------  ----------  --------------  -------------------
/opt/airflow/dags/sample-dag1.py                           1           0  0.18s           2024-05-20T06:36:21
/opt/airflow/dags/sample-dag2.py                           1           0  0.13s           2024-05-20T06:36:05
================================================================================
[2024-05-20T06:37:03.967+0000] {manager.py:878} INFO - 
================================================================================
DAG File Processing Stats

File Path                         PID    Runtime      # DAGs    # Errors  Last Runtime    Last Run
--------------------------------  -----  ---------  --------  ----------  --------------  -------------------
/opt/airflow/dags/sample-dag1.py                           1           0  0.12s           2024-05-20T06:36:51
/opt/airflow/dags/sample-dag2.py                           1           0  0.10s           2024-05-20T06:36:35
================================================================================
[2024-05-20T06:37:34.363+0000] {manager.py:878} INFO - 
================================================================================
DAG File Processing Stats

File Path                         PID    Runtime      # DAGs    # Errors  Last Runtime    Last Run
--------------------------------  -----  ---------  --------  ----------  --------------  -------------------
/opt/airflow/dags/sample-dag1.py                           1           0  0.10s           2024-05-20T06:37:22
/opt/airflow/dags/sample-dag2.py                           1           0  0.10s           2024-05-20T06:37:06
================================================================================
[2024-05-20T06:38:04.569+0000] {manager.py:878} INFO - 
================================================================================
DAG File Processing Stats

File Path                         PID    Runtime      # DAGs    # Errors  Last Runtime    Last Run
--------------------------------  -----  ---------  --------  ----------  --------------  -------------------
/opt/airflow/dags/sample-dag1.py                           1           0  0.15s           2024-05-20T06:37:52
/opt/airflow/dags/sample-dag2.py                           1           0  0.10s           2024-05-20T06:37:36
================================================================================
[2024-05-20T06:38:34.957+0000] {manager.py:878} INFO - 
================================================================================
DAG File Processing Stats

File Path                         PID    Runtime      # DAGs    # Errors  Last Runtime    Last Run
--------------------------------  -----  ---------  --------  ----------  --------------  -------------------
/opt/airflow/dags/sample-dag1.py                           1           0  0.25s           2024-05-20T06:38:23
/opt/airflow/dags/sample-dag2.py                           1           0  0.12s           2024-05-20T06:38:06
================================================================================
[2024-05-20T06:39:03.386+0000] {manager.py:737} INFO - Searching for files in /opt/airflow/dags
[2024-05-20T06:39:03.400+0000] {manager.py:740} INFO - There are 2 files in /opt/airflow/dags
[2024-05-20T06:39:05.450+0000] {manager.py:878} INFO - 
================================================================================
DAG File Processing Stats

File Path                         PID    Runtime      # DAGs    # Errors  Last Runtime    Last Run
--------------------------------  -----  ---------  --------  ----------  --------------  -------------------
/opt/airflow/dags/sample-dag2.py                           1           0  0.16s           2024-05-20T06:38:37
/opt/airflow/dags/sample-dag1.py                           1           0  0.14s           2024-05-20T06:38:53
================================================================================
[2024-05-20T06:39:35.857+0000] {manager.py:878} INFO - 
================================================================================
DAG File Processing Stats

File Path                         PID    Runtime      # DAGs    # Errors  Last Runtime    Last Run
--------------------------------  -----  ---------  --------  ----------  --------------  -------------------
/opt/airflow/dags/sample-dag1.py                           1           0  0.14s           2024-05-20T06:39:23
/opt/airflow/dags/sample-dag2.py                           1           0  0.10s           2024-05-20T06:39:07
================================================================================
[2024-05-20T06:40:06.300+0000] {manager.py:878} INFO - 
================================================================================
DAG File Processing Stats

File Path                         PID    Runtime      # DAGs    # Errors  Last Runtime    Last Run
--------------------------------  -----  ---------  --------  ----------  --------------  -------------------
/opt/airflow/dags/sample-dag1.py                           1           0  0.11s           2024-05-20T06:39:54
/opt/airflow/dags/sample-dag2.py                           1           0  0.10s           2024-05-20T06:39:37
================================================================================
[2024-05-20T06:40:36.743+0000] {manager.py:878} INFO - 
================================================================================
DAG File Processing Stats

File Path                         PID    Runtime      # DAGs    # Errors  Last Runtime    Last Run
--------------------------------  -----  ---------  --------  ----------  --------------  -------------------
/opt/airflow/dags/sample-dag1.py                           1           0  0.20s           2024-05-20T06:40:24
/opt/airflow/dags/sample-dag2.py                           1           0  0.11s           2024-05-20T06:40:08
================================================================================
[2024-05-20T06:41:07.246+0000] {manager.py:878} INFO - 
================================================================================
DAG File Processing Stats

File Path                         PID    Runtime      # DAGs    # Errors  Last Runtime    Last Run
--------------------------------  -----  ---------  --------  ----------  --------------  -------------------
/opt/airflow/dags/sample-dag2.py                           1           0  0.19s           2024-05-20T06:40:38
/opt/airflow/dags/sample-dag1.py                           1           0  0.11s           2024-05-20T06:40:55
================================================================================
[2024-05-20T06:41:37.696+0000] {manager.py:878} INFO - 
================================================================================
DAG File Processing Stats

File Path                         PID    Runtime      # DAGs    # Errors  Last Runtime    Last Run
--------------------------------  -----  ---------  --------  ----------  --------------  -------------------
/opt/airflow/dags/sample-dag1.py                           1           0  0.14s           2024-05-20T06:41:25
/opt/airflow/dags/sample-dag2.py                           1           0  0.11s           2024-05-20T06:41:09
================================================================================
[2024-05-20T06:42:08.148+0000] {manager.py:878} INFO - 
================================================================================
DAG File Processing Stats

File Path                         PID    Runtime      # DAGs    # Errors  Last Runtime    Last Run
--------------------------------  -----  ---------  --------  ----------  --------------  -------------------
/opt/airflow/dags/sample-dag2.py                           1           0  0.15s           2024-05-20T06:41:39
/opt/airflow/dags/sample-dag1.py                           1           0  0.13s           2024-05-20T06:41:56
================================================================================
[2024-05-20T06:42:38.644+0000] {manager.py:878} INFO - 
================================================================================
DAG File Processing Stats

File Path                         PID    Runtime      # DAGs    # Errors  Last Runtime    Last Run
--------------------------------  -----  ---------  --------  ----------  --------------  -------------------
/opt/airflow/dags/sample-dag1.py                           1           0  0.22s           2024-05-20T06:42:26
/opt/airflow/dags/sample-dag2.py                           1           0  0.12s           2024-05-20T06:42:10
================================================================================
[2024-05-20T06:43:09.107+0000] {manager.py:878} INFO - 
================================================================================
DAG File Processing Stats

File Path                         PID    Runtime      # DAGs    # Errors  Last Runtime    Last Run
--------------------------------  -----  ---------  --------  ----------  --------------  -------------------
/opt/airflow/dags/sample-dag1.py                           1           0  0.18s           2024-05-20T06:42:57
/opt/airflow/dags/sample-dag2.py                           1           0  0.14s           2024-05-20T06:42:40
================================================================================
[2024-05-20T06:43:39.625+0000] {manager.py:878} INFO - 
================================================================================
DAG File Processing Stats

File Path                         PID    Runtime      # DAGs    # Errors  Last Runtime    Last Run
--------------------------------  -----  ---------  --------  ----------  --------------  -------------------
/opt/airflow/dags/sample-dag1.py                           1           0  0.17s           2024-05-20T06:43:27
/opt/airflow/dags/sample-dag2.py                           1           0  0.14s           2024-05-20T06:43:11
================================================================================
[2024-05-20T06:44:04.008+0000] {manager.py:737} INFO - Searching for files in /opt/airflow/dags
[2024-05-20T06:44:04.017+0000] {manager.py:740} INFO - There are 2 files in /opt/airflow/dags
[2024-05-20T06:44:10.093+0000] {manager.py:878} INFO - 
================================================================================
DAG File Processing Stats

File Path                         PID    Runtime      # DAGs    # Errors  Last Runtime    Last Run
--------------------------------  -----  ---------  --------  ----------  --------------  -------------------
/opt/airflow/dags/sample-dag2.py                           1           0  0.17s           2024-05-20T06:43:41
/opt/airflow/dags/sample-dag1.py                           1           0  0.10s           2024-05-20T06:43:58
================================================================================
[2024-05-20T06:44:40.561+0000] {manager.py:878} INFO - 
================================================================================
DAG File Processing Stats

File Path                         PID    Runtime      # DAGs    # Errors  Last Runtime    Last Run
--------------------------------  -----  ---------  --------  ----------  --------------  -------------------
/opt/airflow/dags/sample-dag2.py                           1           0  0.18s           2024-05-20T06:44:12
/opt/airflow/dags/sample-dag1.py                           1           0  0.09s           2024-05-20T06:44:28
================================================================================
[2024-05-20T06:45:10.895+0000] {manager.py:878} INFO - 
================================================================================
DAG File Processing Stats

File Path                         PID    Runtime      # DAGs    # Errors  Last Runtime    Last Run
--------------------------------  -----  ---------  --------  ----------  --------------  -------------------
/opt/airflow/dags/sample-dag2.py                           1           0  0.12s           2024-05-20T06:44:42
/opt/airflow/dags/sample-dag1.py                           1           0  0.08s           2024-05-20T06:44:58
================================================================================
[2024-05-20T06:45:41.257+0000] {manager.py:878} INFO - 
================================================================================
DAG File Processing Stats

File Path                         PID    Runtime      # DAGs    # Errors  Last Runtime    Last Run
--------------------------------  -----  ---------  --------  ----------  --------------  -------------------
/opt/airflow/dags/sample-dag2.py                           1           0  0.08s           2024-05-20T06:45:13
/opt/airflow/dags/sample-dag1.py                           1           0  0.07s           2024-05-20T06:45:29
================================================================================
[2024-05-20T06:46:11.372+0000] {manager.py:878} INFO - 
================================================================================
DAG File Processing Stats

File Path                         PID    Runtime      # DAGs    # Errors  Last Runtime    Last Run
--------------------------------  -----  ---------  --------  ----------  --------------  -------------------
/opt/airflow/dags/sample-dag1.py                           1           0  0.15s           2024-05-20T06:46:09
/opt/airflow/dags/sample-dag2.py                           1           0  0.12s           2024-05-20T06:45:43
================================================================================
[2024-05-20T06:46:41.607+0000] {manager.py:878} INFO - 
================================================================================
DAG File Processing Stats

File Path                         PID    Runtime      # DAGs    # Errors  Last Runtime    Last Run
--------------------------------  -----  ---------  --------  ----------  --------------  -------------------
/opt/airflow/dags/sample-dag1.py                           1           0  0.10s           2024-05-20T06:46:39
/opt/airflow/dags/sample-dag2.py                           1           0  0.07s           2024-05-20T06:46:14
================================================================================
[2024-05-20T06:47:12.023+0000] {manager.py:878} INFO - 
================================================================================
DAG File Processing Stats

File Path                         PID    Runtime      # DAGs    # Errors  Last Runtime    Last Run
--------------------------------  -----  ---------  --------  ----------  --------------  -------------------
/opt/airflow/dags/sample-dag2.py                           1           0  0.12s           2024-05-20T06:46:44
/opt/airflow/dags/sample-dag1.py                           1           0  0.12s           2024-05-20T06:47:10
================================================================================
[2024-05-20T06:47:42.495+0000] {manager.py:878} INFO - 
================================================================================
DAG File Processing Stats

File Path                         PID    Runtime      # DAGs    # Errors  Last Runtime    Last Run
--------------------------------  -----  ---------  --------  ----------  --------------  -------------------
/opt/airflow/dags/sample-dag1.py                           1           0  0.17s           2024-05-20T06:47:40
/opt/airflow/dags/sample-dag2.py                           1           0  0.10s           2024-05-20T06:47:15
================================================================================
[2024-05-20T06:48:12.872+0000] {manager.py:878} INFO - 
================================================================================
DAG File Processing Stats

File Path                         PID    Runtime      # DAGs    # Errors  Last Runtime    Last Run
--------------------------------  -----  ---------  --------  ----------  --------------  -------------------
/opt/airflow/dags/sample-dag1.py                           1           0  0.13s           2024-05-20T06:48:10
/opt/airflow/dags/sample-dag2.py                           1           0  0.10s           2024-05-20T06:47:45
================================================================================
[2024-05-20T06:48:43.327+0000] {manager.py:878} INFO - 
================================================================================
DAG File Processing Stats

File Path                         PID    Runtime      # DAGs    # Errors  Last Runtime    Last Run
--------------------------------  -----  ---------  --------  ----------  --------------  -------------------
/opt/airflow/dags/sample-dag1.py                           1           0  0.12s           2024-05-20T06:48:41
/opt/airflow/dags/sample-dag2.py                           1           0  0.11s           2024-05-20T06:48:16
================================================================================
[2024-05-20T06:49:04.597+0000] {manager.py:737} INFO - Searching for files in /opt/airflow/dags
[2024-05-20T06:49:04.605+0000] {manager.py:740} INFO - There are 2 files in /opt/airflow/dags
[2024-05-20T06:49:13.709+0000] {manager.py:878} INFO - 
================================================================================
DAG File Processing Stats

File Path                         PID    Runtime      # DAGs    # Errors  Last Runtime    Last Run
--------------------------------  -----  ---------  --------  ----------  --------------  -------------------
/opt/airflow/dags/sample-dag2.py                           1           0  0.10s           2024-05-20T06:48:46
/opt/airflow/dags/sample-dag1.py                           1           0  0.08s           2024-05-20T06:49:11
================================================================================
[2024-05-20T06:49:44.133+0000] {manager.py:878} INFO - 
================================================================================
DAG File Processing Stats

File Path                         PID    Runtime      # DAGs    # Errors  Last Runtime    Last Run
--------------------------------  -----  ---------  --------  ----------  --------------  -------------------
/opt/airflow/dags/sample-dag1.py                           1           0  0.09s           2024-05-20T06:49:42
/opt/airflow/dags/sample-dag2.py                           1           0  0.08s           2024-05-20T06:49:16
================================================================================
[2024-05-20T06:50:14.552+0000] {manager.py:878} INFO - 
================================================================================
DAG File Processing Stats

File Path                         PID    Runtime      # DAGs    # Errors  Last Runtime    Last Run
--------------------------------  -----  ---------  --------  ----------  --------------  -------------------
/opt/airflow/dags/sample-dag1.py                           1           0  0.14s           2024-05-20T06:50:12
/opt/airflow/dags/sample-dag2.py                           1           0  0.09s           2024-05-20T06:49:47
================================================================================
[2024-05-20T06:50:44.983+0000] {manager.py:878} INFO - 
================================================================================
DAG File Processing Stats

File Path                         PID    Runtime      # DAGs    # Errors  Last Runtime    Last Run
--------------------------------  -----  ---------  --------  ----------  --------------  -------------------
/opt/airflow/dags/sample-dag1.py                           1           0  0.11s           2024-05-20T06:50:43
/opt/airflow/dags/sample-dag2.py                           1           0  0.09s           2024-05-20T06:50:17
================================================================================
[2024-05-20T06:51:15.438+0000] {manager.py:878} INFO - 
================================================================================
DAG File Processing Stats

File Path                         PID    Runtime      # DAGs    # Errors  Last Runtime    Last Run
--------------------------------  -----  ---------  --------  ----------  --------------  -------------------
/opt/airflow/dags/sample-dag1.py                           1           0  0.13s           2024-05-20T06:51:13
/opt/airflow/dags/sample-dag2.py                           1           0  0.09s           2024-05-20T06:50:48
================================================================================
[2024-05-20T06:51:45.898+0000] {manager.py:878} INFO - 
================================================================================
DAG File Processing Stats

File Path                         PID    Runtime      # DAGs    # Errors  Last Runtime    Last Run
--------------------------------  -----  ---------  --------  ----------  --------------  -------------------
/opt/airflow/dags/sample-dag1.py                           1           0  0.12s           2024-05-20T06:51:43
/opt/airflow/dags/sample-dag2.py                           1           0  0.09s           2024-05-20T06:51:18
================================================================================
[2024-05-20T06:52:16.340+0000] {manager.py:878} INFO - 
================================================================================
DAG File Processing Stats

File Path                         PID    Runtime      # DAGs    # Errors  Last Runtime    Last Run
--------------------------------  -----  ---------  --------  ----------  --------------  -------------------
/opt/airflow/dags/sample-dag1.py                           1           0  0.14s           2024-05-20T06:52:14
/opt/airflow/dags/sample-dag2.py                           1           0  0.10s           2024-05-20T06:51:49
================================================================================
[2024-05-20T06:52:46.735+0000] {manager.py:878} INFO - 
================================================================================
DAG File Processing Stats

File Path                         PID    Runtime      # DAGs    # Errors  Last Runtime    Last Run
--------------------------------  -----  ---------  --------  ----------  --------------  -------------------
/opt/airflow/dags/sample-dag1.py                           1           0  0.13s           2024-05-20T06:52:44
/opt/airflow/dags/sample-dag2.py                           1           0  0.09s           2024-05-20T06:52:19
================================================================================
[2024-05-20T07:01:23.535+0000] {manager.py:737} INFO - Searching for files in /opt/airflow/dags
[2024-05-20T07:01:23.548+0000] {manager.py:740} INFO - There are 2 files in /opt/airflow/dags
[2024-05-20T07:01:39.832+0000] {manager.py:878} INFO - 
================================================================================
DAG File Processing Stats

File Path                         PID    Runtime      # DAGs    # Errors  Last Runtime    Last Run
--------------------------------  -----  ---------  --------  ----------  --------------  -------------------
/opt/airflow/dags/sample-dag2.py                           1           0  0.13s           2024-05-20T07:01:23
/opt/airflow/dags/sample-dag1.py                           1           0  0.11s           2024-05-20T07:01:23
================================================================================
[2024-05-20T07:02:29.619+0000] {manager.py:878} INFO - 
================================================================================
DAG File Processing Stats

File Path                         PID    Runtime      # DAGs    # Errors  Last Runtime    Last Run
--------------------------------  -----  ---------  --------  ----------  --------------  -------------------
/opt/airflow/dags/sample-dag2.py                           1           0  0.12s           2024-05-20T07:02:12
/opt/airflow/dags/sample-dag1.py                           1           0  0.10s           2024-05-20T07:02:12
================================================================================
[2024-05-20T07:32:44.226+0000] {manager.py:737} INFO - Searching for files in /opt/airflow/dags
[2024-05-20T07:32:44.238+0000] {manager.py:740} INFO - There are 2 files in /opt/airflow/dags
[2024-05-20T07:33:01.530+0000] {manager.py:878} INFO - 
================================================================================
DAG File Processing Stats

File Path                         PID    Runtime      # DAGs    # Errors  Last Runtime    Last Run
--------------------------------  -----  ---------  --------  ----------  --------------  -------------------
/opt/airflow/dags/sample-dag2.py                           1           0  0.12s           2024-05-20T07:32:44
/opt/airflow/dags/sample-dag1.py                           1           0  0.11s           2024-05-20T07:32:44
================================================================================
[2024-05-20T07:48:13.791+0000] {manager.py:737} INFO - Searching for files in /opt/airflow/dags
[2024-05-20T07:48:13.803+0000] {manager.py:740} INFO - There are 2 files in /opt/airflow/dags
[2024-05-20T07:48:32.105+0000] {manager.py:878} INFO - 
================================================================================
DAG File Processing Stats

File Path                         PID    Runtime      # DAGs    # Errors  Last Runtime    Last Run
--------------------------------  -----  ---------  --------  ----------  --------------  -------------------
/opt/airflow/dags/sample-dag2.py                           1           0  0.12s           2024-05-20T07:48:13
/opt/airflow/dags/sample-dag1.py                           1           0  0.10s           2024-05-20T07:48:13
================================================================================
[2024-05-20T08:53:56.503+0000] {manager.py:737} INFO - Searching for files in /opt/airflow/dags
[2024-05-20T08:53:56.517+0000] {manager.py:740} INFO - There are 2 files in /opt/airflow/dags
[2024-05-20T08:54:14.855+0000] {manager.py:878} INFO - 
================================================================================
DAG File Processing Stats

File Path                         PID    Runtime      # DAGs    # Errors  Last Runtime    Last Run
--------------------------------  -----  ---------  --------  ----------  --------------  -------------------
/opt/airflow/dags/sample-dag2.py                           1           0  0.11s           2024-05-20T08:53:56
/opt/airflow/dags/sample-dag1.py                           1           0  0.09s           2024-05-20T08:53:56
================================================================================
[2024-05-20T09:54:33.101+0000] {manager.py:737} INFO - Searching for files in /opt/airflow/dags
[2024-05-20T09:54:33.110+0000] {manager.py:740} INFO - There are 2 files in /opt/airflow/dags
[2024-05-20T09:54:52.542+0000] {manager.py:878} INFO - 
================================================================================
DAG File Processing Stats

File Path                         PID    Runtime      # DAGs    # Errors  Last Runtime    Last Run
--------------------------------  -----  ---------  --------  ----------  --------------  -------------------
/opt/airflow/dags/sample-dag2.py                           1           0  0.08s           2024-05-20T09:54:33
/opt/airflow/dags/sample-dag1.py                           1           0  0.07s           2024-05-20T09:54:33
================================================================================
[2024-05-20T11:10:06.440+0000] {manager.py:737} INFO - Searching for files in /opt/airflow/dags
[2024-05-20T11:10:06.452+0000] {manager.py:740} INFO - There are 2 files in /opt/airflow/dags
[2024-05-20T11:10:26.017+0000] {manager.py:878} INFO - 
================================================================================
DAG File Processing Stats

File Path                         PID    Runtime      # DAGs    # Errors  Last Runtime    Last Run
--------------------------------  -----  ---------  --------  ----------  --------------  -------------------
/opt/airflow/dags/sample-dag2.py                           1           0  0.11s           2024-05-20T11:10:06
/opt/airflow/dags/sample-dag1.py                           1           0  0.09s           2024-05-20T11:10:06
================================================================================
[2024-05-20T12:10:39.959+0000] {manager.py:737} INFO - Searching for files in /opt/airflow/dags
[2024-05-20T12:10:39.970+0000] {manager.py:740} INFO - There are 2 files in /opt/airflow/dags
[2024-05-20T12:11:00.312+0000] {manager.py:878} INFO - 
================================================================================
DAG File Processing Stats

File Path                         PID    Runtime      # DAGs    # Errors  Last Runtime    Last Run
--------------------------------  -----  ---------  --------  ----------  --------------  -------------------
/opt/airflow/dags/sample-dag2.py                           1           0  0.11s           2024-05-20T12:10:40
/opt/airflow/dags/sample-dag1.py                           1           0  0.09s           2024-05-20T12:10:40
================================================================================
[2024-05-20T13:11:11.093+0000] {manager.py:737} INFO - Searching for files in /opt/airflow/dags
[2024-05-20T13:11:11.104+0000] {manager.py:740} INFO - There are 2 files in /opt/airflow/dags
[2024-05-20T13:11:32.594+0000] {manager.py:878} INFO - 
================================================================================
DAG File Processing Stats

File Path                         PID    Runtime      # DAGs    # Errors  Last Runtime    Last Run
--------------------------------  -----  ---------  --------  ----------  --------------  -------------------
/opt/airflow/dags/sample-dag2.py                           1           0  0.12s           2024-05-20T13:11:11
/opt/airflow/dags/sample-dag1.py                           1           0  0.11s           2024-05-20T13:11:11
================================================================================
[2024-05-20T14:26:44.765+0000] {manager.py:737} INFO - Searching for files in /opt/airflow/dags
[2024-05-20T14:26:44.772+0000] {manager.py:740} INFO - There are 2 files in /opt/airflow/dags
[2024-05-20T14:27:06.193+0000] {manager.py:878} INFO - 
================================================================================
DAG File Processing Stats

File Path                         PID    Runtime      # DAGs    # Errors  Last Runtime    Last Run
--------------------------------  -----  ---------  --------  ----------  --------------  -------------------
/opt/airflow/dags/sample-dag2.py                           1           0  0.15s           2024-05-20T14:26:44
/opt/airflow/dags/sample-dag1.py                           1           0  0.13s           2024-05-20T14:26:44
================================================================================
[2024-05-20T15:42:16.251+0000] {manager.py:737} INFO - Searching for files in /opt/airflow/dags
[2024-05-20T15:42:16.260+0000] {manager.py:740} INFO - There are 2 files in /opt/airflow/dags
[2024-05-20T15:42:38.555+0000] {manager.py:878} INFO - 
================================================================================
DAG File Processing Stats

File Path                         PID    Runtime      # DAGs    # Errors  Last Runtime    Last Run
--------------------------------  -----  ---------  --------  ----------  --------------  -------------------
/opt/airflow/dags/sample-dag2.py                           1           0  0.16s           2024-05-20T15:42:16
/opt/airflow/dags/sample-dag1.py                           1           0  0.14s           2024-05-20T15:42:16
================================================================================
[2024-05-20T16:27:47.761+0000] {manager.py:737} INFO - Searching for files in /opt/airflow/dags
[2024-05-20T16:27:47.770+0000] {manager.py:740} INFO - There are 2 files in /opt/airflow/dags
[2024-05-20T16:28:10.169+0000] {manager.py:878} INFO - 
================================================================================
DAG File Processing Stats

File Path                         PID    Runtime      # DAGs    # Errors  Last Runtime    Last Run
--------------------------------  -----  ---------  --------  ----------  --------------  -------------------
/opt/airflow/dags/sample-dag2.py                           1           0  0.15s           2024-05-20T16:27:47
/opt/airflow/dags/sample-dag1.py                           1           0  0.12s           2024-05-20T16:27:47
================================================================================
[2024-05-20T17:13:37.743+0000] {manager.py:737} INFO - Searching for files in /opt/airflow/dags
[2024-05-20T17:13:37.754+0000] {manager.py:740} INFO - There are 2 files in /opt/airflow/dags
[2024-05-20T17:14:01.168+0000] {manager.py:878} INFO - 
================================================================================
DAG File Processing Stats

File Path                         PID    Runtime      # DAGs    # Errors  Last Runtime    Last Run
--------------------------------  -----  ---------  --------  ----------  --------------  -------------------
/opt/airflow/dags/sample-dag2.py                           1           0  0.16s           2024-05-20T17:13:37
/opt/airflow/dags/sample-dag1.py                           1           0  0.14s           2024-05-20T17:13:37
================================================================================
[2024-05-20T17:59:50.220+0000] {manager.py:737} INFO - Searching for files in /opt/airflow/dags
[2024-05-20T17:59:50.232+0000] {manager.py:740} INFO - There are 2 files in /opt/airflow/dags
[2024-05-20T18:00:13.658+0000] {manager.py:878} INFO - 
================================================================================
DAG File Processing Stats

File Path                         PID    Runtime      # DAGs    # Errors  Last Runtime    Last Run
--------------------------------  -----  ---------  --------  ----------  --------------  -------------------
/opt/airflow/dags/sample-dag2.py                           1           0  0.17s           2024-05-20T17:59:50
/opt/airflow/dags/sample-dag1.py                           1           0  0.15s           2024-05-20T17:59:50
================================================================================
[2024-05-20T18:45:21.974+0000] {manager.py:737} INFO - Searching for files in /opt/airflow/dags
[2024-05-20T18:45:21.985+0000] {manager.py:740} INFO - There are 2 files in /opt/airflow/dags
[2024-05-20T18:45:46.380+0000] {manager.py:878} INFO - 
================================================================================
DAG File Processing Stats

File Path                         PID    Runtime      # DAGs    # Errors  Last Runtime    Last Run
--------------------------------  -----  ---------  --------  ----------  --------------  -------------------
/opt/airflow/dags/sample-dag2.py                           1           0  0.14s           2024-05-20T18:45:22
/opt/airflow/dags/sample-dag1.py                           1           0  0.12s           2024-05-20T18:45:22
================================================================================
[2024-05-20T20:00:55.931+0000] {manager.py:737} INFO - Searching for files in /opt/airflow/dags
[2024-05-20T20:00:55.937+0000] {manager.py:740} INFO - There are 2 files in /opt/airflow/dags
[2024-05-20T20:01:21.263+0000] {manager.py:878} INFO - 
================================================================================
DAG File Processing Stats

File Path                         PID    Runtime      # DAGs    # Errors  Last Runtime    Last Run
--------------------------------  -----  ---------  --------  ----------  --------------  -------------------
/opt/airflow/dags/sample-dag2.py                           1           0  0.13s           2024-05-20T20:00:56
/opt/airflow/dags/sample-dag1.py                           1           0  0.11s           2024-05-20T20:00:56
================================================================================
[2024-05-20T22:45:28.664+0000] {manager.py:737} INFO - Searching for files in /opt/airflow/dags
[2024-05-20T22:45:28.672+0000] {manager.py:740} INFO - There are 2 files in /opt/airflow/dags
[2024-05-20T22:45:54.230+0000] {manager.py:878} INFO - 
================================================================================
DAG File Processing Stats

File Path                         PID    Runtime      # DAGs    # Errors  Last Runtime    Last Run
--------------------------------  -----  ---------  --------  ----------  --------------  -------------------
/opt/airflow/dags/sample-dag2.py                           1           0  0.16s           2024-05-20T22:45:28
/opt/airflow/dags/sample-dag1.py                           1           0  0.14s           2024-05-20T22:45:28
================================================================================
[2024-05-21T03:46:43.726+0000] {manager.py:737} INFO - Searching for files in /opt/airflow/dags
[2024-05-21T03:46:43.735+0000] {manager.py:740} INFO - There are 2 files in /opt/airflow/dags
[2024-05-21T03:47:10.208+0000] {manager.py:878} INFO - 
================================================================================
DAG File Processing Stats

File Path                         PID    Runtime      # DAGs    # Errors  Last Runtime    Last Run
--------------------------------  -----  ---------  --------  ----------  --------------  -------------------
/opt/airflow/dags/sample-dag2.py                           1           0  0.13s           2024-05-21T03:46:43
/opt/airflow/dags/sample-dag1.py                           1           0  0.11s           2024-05-21T03:46:43
================================================================================
[2024-05-21T05:14:12.941+0000] {manager.py:737} INFO - Searching for files in /opt/airflow/dags
[2024-05-21T05:14:12.950+0000] {manager.py:740} INFO - There are 2 files in /opt/airflow/dags
[2024-05-21T05:14:39.366+0000] {manager.py:878} INFO - 
================================================================================
DAG File Processing Stats

File Path                         PID    Runtime      # DAGs    # Errors  Last Runtime    Last Run
--------------------------------  -----  ---------  --------  ----------  --------------  -------------------
/opt/airflow/dags/sample-dag2.py                           1           0  0.21s           2024-05-21T05:14:13
/opt/airflow/dags/sample-dag1.py                           1           0  0.16s           2024-05-21T05:14:13
================================================================================
[2024-05-21T05:15:09.732+0000] {manager.py:878} INFO - 
================================================================================
DAG File Processing Stats

File Path                         PID    Runtime      # DAGs    # Errors  Last Runtime    Last Run
--------------------------------  -----  ---------  --------  ----------  --------------  -------------------
/opt/airflow/dags/sample-dag2.py                           1           0  0.17s           2024-05-21T05:14:43
/opt/airflow/dags/sample-dag1.py                           1           0  0.14s           2024-05-21T05:14:43
================================================================================
[2024-05-21T05:15:40.137+0000] {manager.py:878} INFO - 
================================================================================
DAG File Processing Stats

File Path                         PID    Runtime      # DAGs    # Errors  Last Runtime    Last Run
--------------------------------  -----  ---------  --------  ----------  --------------  -------------------
/opt/airflow/dags/sample-dag2.py                           1           0  0.18s           2024-05-21T05:15:13
/opt/airflow/dags/sample-dag1.py                           1           0  0.14s           2024-05-21T05:15:13
================================================================================
[2024-05-21T05:16:10.545+0000] {manager.py:878} INFO - 
================================================================================
DAG File Processing Stats

File Path                         PID    Runtime      # DAGs    # Errors  Last Runtime    Last Run
--------------------------------  -----  ---------  --------  ----------  --------------  -------------------
/opt/airflow/dags/sample-dag2.py                           1           0  0.14s           2024-05-21T05:15:44
/opt/airflow/dags/sample-dag1.py                           1           0  0.11s           2024-05-21T05:15:44
================================================================================
[2024-05-21T05:16:40.970+0000] {manager.py:878} INFO - 
================================================================================
DAG File Processing Stats

File Path                         PID    Runtime      # DAGs    # Errors  Last Runtime    Last Run
--------------------------------  -----  ---------  --------  ----------  --------------  -------------------
/opt/airflow/dags/sample-dag2.py                           1           0  0.17s           2024-05-21T05:16:14
/opt/airflow/dags/sample-dag1.py                           1           0  0.14s           2024-05-21T05:16:14
================================================================================
[2024-05-21T05:17:11.317+0000] {manager.py:878} INFO - 
================================================================================
DAG File Processing Stats

File Path                         PID    Runtime      # DAGs    # Errors  Last Runtime    Last Run
--------------------------------  -----  ---------  --------  ----------  --------------  -------------------
/opt/airflow/dags/sample-dag2.py                           1           0  0.14s           2024-05-21T05:16:45
/opt/airflow/dags/sample-dag1.py                           1           0  0.12s           2024-05-21T05:16:45
================================================================================
[2024-05-21T05:17:41.699+0000] {manager.py:878} INFO - 
================================================================================
DAG File Processing Stats

File Path                         PID    Runtime      # DAGs    # Errors  Last Runtime    Last Run
--------------------------------  -----  ---------  --------  ----------  --------------  -------------------
/opt/airflow/dags/sample-dag2.py                           1           0  0.15s           2024-05-21T05:17:15
/opt/airflow/dags/sample-dag1.py                           1           0  0.12s           2024-05-21T05:17:15
================================================================================
[2024-05-21T05:18:12.094+0000] {manager.py:878} INFO - 
================================================================================
DAG File Processing Stats

File Path                         PID    Runtime      # DAGs    # Errors  Last Runtime    Last Run
--------------------------------  -----  ---------  --------  ----------  --------------  -------------------
/opt/airflow/dags/sample-dag2.py                           1           0  0.17s           2024-05-21T05:17:45
/opt/airflow/dags/sample-dag1.py                           1           0  0.15s           2024-05-21T05:17:45
================================================================================
[2024-05-21T05:18:42.487+0000] {manager.py:878} INFO - 
================================================================================
DAG File Processing Stats

File Path                         PID    Runtime      # DAGs    # Errors  Last Runtime    Last Run
--------------------------------  -----  ---------  --------  ----------  --------------  -------------------
/opt/airflow/dags/sample-dag2.py                           1           0  0.15s           2024-05-21T05:18:16
/opt/airflow/dags/sample-dag1.py                           1           0  0.13s           2024-05-21T05:18:16
================================================================================
[2024-05-21T05:19:12.855+0000] {manager.py:878} INFO - 
================================================================================
DAG File Processing Stats

File Path                         PID    Runtime      # DAGs    # Errors  Last Runtime    Last Run
--------------------------------  -----  ---------  --------  ----------  --------------  -------------------
/opt/airflow/dags/sample-dag2.py                           1           0  0.14s           2024-05-21T05:18:46
/opt/airflow/dags/sample-dag1.py                           1           0  0.12s           2024-05-21T05:18:46
================================================================================
[2024-05-21T05:19:13.867+0000] {manager.py:737} INFO - Searching for files in /opt/airflow/dags
[2024-05-21T05:19:13.883+0000] {manager.py:740} INFO - There are 3 files in /opt/airflow/dags
[2024-05-21T05:19:43.359+0000] {manager.py:878} INFO - 
================================================================================
DAG File Processing Stats

File Path                         PID    Runtime      # DAGs    # Errors  Last Runtime    Last Run
--------------------------------  -----  ---------  --------  ----------  --------------  -------------------
/opt/airflow/dags/sample-dag3.py                           1           0  0.24s           2024-05-21T05:19:14
/opt/airflow/dags/sample-dag2.py                           1           0  0.09s           2024-05-21T05:19:17
/opt/airflow/dags/sample-dag1.py                           1           0  0.09s           2024-05-21T05:19:17
================================================================================
[2024-05-21T05:20:13.900+0000] {manager.py:878} INFO - 
================================================================================
DAG File Processing Stats

File Path                         PID    Runtime      # DAGs    # Errors  Last Runtime    Last Run
--------------------------------  -----  ---------  --------  ----------  --------------  -------------------
/opt/airflow/dags/sample-dag2.py                           1           0  0.19s           2024-05-21T05:19:47
/opt/airflow/dags/sample-dag3.py                           1           0  0.16s           2024-05-21T05:19:44
/opt/airflow/dags/sample-dag1.py                           1           0  0.10s           2024-05-21T05:19:47
================================================================================
[2024-05-21T05:20:44.305+0000] {manager.py:878} INFO - 
================================================================================
DAG File Processing Stats

File Path                         PID    Runtime      # DAGs    # Errors  Last Runtime    Last Run
--------------------------------  -----  ---------  --------  ----------  --------------  -------------------
/opt/airflow/dags/sample-dag3.py                           1           0  0.18s           2024-05-21T05:20:15
/opt/airflow/dags/sample-dag2.py                           1           0  0.12s           2024-05-21T05:20:18
/opt/airflow/dags/sample-dag1.py                           1           0  0.10s           2024-05-21T05:20:18
================================================================================
[2024-05-21T05:21:14.796+0000] {manager.py:878} INFO - 
================================================================================
DAG File Processing Stats

File Path                         PID    Runtime      # DAGs    # Errors  Last Runtime    Last Run
--------------------------------  -----  ---------  --------  ----------  --------------  -------------------
/opt/airflow/dags/sample-dag3.py                           1           0  0.26s           2024-05-21T05:20:45
/opt/airflow/dags/sample-dag1.py                           1           0  0.09s           2024-05-21T05:20:48
/opt/airflow/dags/sample-dag2.py                           1           0  0.09s           2024-05-21T05:20:48
================================================================================
[2024-05-21T05:21:45.268+0000] {manager.py:878} INFO - 
================================================================================
DAG File Processing Stats

File Path                         PID    Runtime      # DAGs    # Errors  Last Runtime    Last Run
--------------------------------  -----  ---------  --------  ----------  --------------  -------------------
/opt/airflow/dags/sample-dag2.py                           1           0  0.16s           2024-05-21T05:21:19
/opt/airflow/dags/sample-dag3.py                           1           0  0.15s           2024-05-21T05:21:15
/opt/airflow/dags/sample-dag1.py                           1           0  0.09s           2024-05-21T05:21:18
================================================================================
[2024-05-21T05:22:15.775+0000] {manager.py:878} INFO - 
================================================================================
DAG File Processing Stats

File Path                         PID    Runtime      # DAGs    # Errors  Last Runtime    Last Run
--------------------------------  -----  ---------  --------  ----------  --------------  -------------------
/opt/airflow/dags/sample-dag3.py                           1           0  0.17s           2024-05-21T05:21:54
/opt/airflow/dags/sample-dag2.py                           1           0  0.10s           2024-05-21T05:21:49
/opt/airflow/dags/sample-dag1.py                           1           0  0.09s           2024-05-21T05:21:49
================================================================================
[2024-05-21T05:22:46.266+0000] {manager.py:878} INFO - 
================================================================================
DAG File Processing Stats

File Path                         PID    Runtime      # DAGs    # Errors  Last Runtime    Last Run
--------------------------------  -----  ---------  --------  ----------  --------------  -------------------
/opt/airflow/dags/sample-dag2.py                           1           0  0.17s           2024-05-21T05:22:20
/opt/airflow/dags/sample-dag3.py                           1           0  0.16s           2024-05-21T05:22:25
/opt/airflow/dags/sample-dag1.py                           1           0  0.12s           2024-05-21T05:22:20
================================================================================
[2024-05-21T05:23:16.811+0000] {manager.py:878} INFO - 
================================================================================
DAG File Processing Stats

File Path                         PID    Runtime      # DAGs    # Errors  Last Runtime    Last Run
--------------------------------  -----  ---------  --------  ----------  --------------  -------------------
/opt/airflow/dags/sample-dag2.py                           1           0  0.20s           2024-05-21T05:22:50
/opt/airflow/dags/sample-dag1.py                           1           0  0.16s           2024-05-21T05:22:50
/opt/airflow/dags/sample-dag3.py                           1           0  0.13s           2024-05-21T05:22:55
================================================================================
[2024-05-21T05:23:47.254+0000] {manager.py:878} INFO - 
================================================================================
DAG File Processing Stats

File Path                         PID    Runtime      # DAGs    # Errors  Last Runtime    Last Run
--------------------------------  -----  ---------  --------  ----------  --------------  -------------------
/opt/airflow/dags/sample-dag2.py                           1           0  0.19s           2024-05-21T05:23:21
/opt/airflow/dags/sample-dag1.py                           1           0  0.14s           2024-05-21T05:23:21
/opt/airflow/dags/sample-dag3.py                           1           0  0.08s           2024-05-21T05:23:26
================================================================================
[2024-05-21T05:24:14.599+0000] {manager.py:737} INFO - Searching for files in /opt/airflow/dags
[2024-05-21T05:24:14.607+0000] {manager.py:740} INFO - There are 3 files in /opt/airflow/dags
[2024-05-21T05:24:17.653+0000] {manager.py:878} INFO - 
================================================================================
DAG File Processing Stats

File Path                         PID    Runtime      # DAGs    # Errors  Last Runtime    Last Run
--------------------------------  -----  ---------  --------  ----------  --------------  -------------------
/opt/airflow/dags/sample-dag2.py                           1           0  0.26s           2024-05-21T05:23:51
/opt/airflow/dags/sample-dag1.py                           1           0  0.22s           2024-05-21T05:23:51
/opt/airflow/dags/sample-dag3.py                           1           0  0.10s           2024-05-21T05:23:56
================================================================================
[2024-05-21T05:24:48.079+0000] {manager.py:878} INFO - 
================================================================================
DAG File Processing Stats

File Path                         PID    Runtime      # DAGs    # Errors  Last Runtime    Last Run
--------------------------------  -----  ---------  --------  ----------  --------------  -------------------
/opt/airflow/dags/sample-dag3.py                           1           0  0.16s           2024-05-21T05:24:26
/opt/airflow/dags/sample-dag2.py                           1           0  0.14s           2024-05-21T05:24:21
/opt/airflow/dags/sample-dag1.py                           1           0  0.11s           2024-05-21T05:24:21
================================================================================
[2024-05-21T05:25:18.517+0000] {manager.py:878} INFO - 
================================================================================
DAG File Processing Stats

File Path                         PID    Runtime      # DAGs    # Errors  Last Runtime    Last Run
--------------------------------  -----  ---------  --------  ----------  --------------  -------------------
/opt/airflow/dags/sample-dag2.py                           1           0  0.14s           2024-05-21T05:24:52
/opt/airflow/dags/sample-dag1.py                           1           0  0.12s           2024-05-21T05:24:52
/opt/airflow/dags/sample-dag3.py                           1           0  0.11s           2024-05-21T05:24:57
================================================================================
[2024-05-21T05:25:48.994+0000] {manager.py:878} INFO - 
================================================================================
DAG File Processing Stats

File Path                         PID    Runtime      # DAGs    # Errors  Last Runtime    Last Run
--------------------------------  -----  ---------  --------  ----------  --------------  -------------------
/opt/airflow/dags/sample-dag2.py                           1           0  0.14s           2024-05-21T05:25:22
/opt/airflow/dags/sample-dag3.py                           1           0  0.13s           2024-05-21T05:25:27
/opt/airflow/dags/sample-dag1.py                           1           0  0.12s           2024-05-21T05:25:22
================================================================================
