[2024-05-20T06:24:08.316+0000] {local_task_job_runner.py:120} INFO - ::group::Pre task execution logs
[2024-05-20T06:24:08.359+0000] {taskinstance.py:2076} INFO - Dependencies all met for dep_context=non-requeueable deps ti=<TaskInstance: sample-dag1.task1 manual__2024-05-20T06:24:07.431752+00:00 [queued]>
[2024-05-20T06:24:08.365+0000] {taskinstance.py:2076} INFO - Dependencies all met for dep_context=requeueable deps ti=<TaskInstance: sample-dag1.task1 manual__2024-05-20T06:24:07.431752+00:00 [queued]>
[2024-05-20T06:24:08.366+0000] {taskinstance.py:2306} INFO - Starting attempt 1 of 6
[2024-05-20T06:24:08.376+0000] {taskinstance.py:2330} INFO - Executing <Task(BashOperator): task1> on 2024-05-20 06:24:07.431752+00:00
[2024-05-20T06:24:08.386+0000] {standard_task_runner.py:90} INFO - Running: ['***', 'tasks', 'run', 'sample-dag1', 'task1', 'manual__2024-05-20T06:24:07.431752+00:00', '--job-id', '3', '--raw', '--subdir', 'DAGS_FOLDER/sample-dag1.py', '--cfg-path', '/tmp/tmpsk3ijdrk']
[2024-05-20T06:24:08.388+0000] {logging_mixin.py:188} WARNING - /home/***/.local/lib/python3.12/site-packages/***/task/task_runner/standard_task_runner.py:61 DeprecationWarning: This process (pid=457) is multi-threaded, use of fork() may lead to deadlocks in the child.
[2024-05-20T06:24:08.389+0000] {standard_task_runner.py:91} INFO - Job 3: Subtask task1
[2024-05-20T06:24:08.389+0000] {standard_task_runner.py:63} INFO - Started process 458 to run task
[2024-05-20T06:24:08.436+0000] {task_command.py:426} INFO - Running <TaskInstance: sample-dag1.task1 manual__2024-05-20T06:24:07.431752+00:00 [running]> on host 58a319c7179a
[2024-05-20T06:24:08.544+0000] {taskinstance.py:2648} INFO - Exporting env vars: AIRFLOW_CTX_DAG_OWNER='***' AIRFLOW_CTX_DAG_ID='sample-dag1' AIRFLOW_CTX_TASK_ID='task1' AIRFLOW_CTX_EXECUTION_DATE='2024-05-20T06:24:07.431752+00:00' AIRFLOW_CTX_TRY_NUMBER='1' AIRFLOW_CTX_DAG_RUN_ID='manual__2024-05-20T06:24:07.431752+00:00'
[2024-05-20T06:24:08.544+0000] {taskinstance.py:430} INFO - ::endgroup::
[2024-05-20T06:24:08.591+0000] {subprocess.py:63} INFO - Tmp dir root location: /tmp
[2024-05-20T06:24:08.592+0000] {subprocess.py:75} INFO - Running command: ['/usr/bin/bash', '-c', "echo 'This is task1, this is my first sample dag.'"]
[2024-05-20T06:24:08.599+0000] {subprocess.py:86} INFO - Output:
[2024-05-20T06:24:08.603+0000] {subprocess.py:93} INFO - This is task1, this is my first sample dag.
[2024-05-20T06:24:08.603+0000] {subprocess.py:97} INFO - Command exited with return code 0
[2024-05-20T06:24:08.604+0000] {taskinstance.py:441} INFO - ::group::Post task execution logs
[2024-05-20T06:24:08.623+0000] {taskinstance.py:1206} INFO - Marking task as SUCCESS. dag_id=sample-dag1, task_id=task1, run_id=manual__2024-05-20T06:24:07.431752+00:00, execution_date=20240520T062407, start_date=20240520T062408, end_date=20240520T062408
[2024-05-20T06:24:08.661+0000] {local_task_job_runner.py:240} INFO - Task exited with return code 0
[2024-05-20T06:24:08.675+0000] {taskinstance.py:3498} INFO - 0 downstream tasks scheduled from follow-on schedule check
[2024-05-20T06:24:08.676+0000] {local_task_job_runner.py:222} INFO - ::endgroup::
